Started at Fri May  8 03:16:09 PM CEST 2026
Running job: vanilla_convnext_cifar100_horeka array id: 19 using 24 cpus per node with given JID 4016399 on queue accelerated
29530 Port Running with seed  and preprocessing color_opponency
Runtime: 9

============================= JOB FEEDBACK =============================

Job ID: 4016399
Array Job ID: 4016293_19
Cluster: hk
User/Group: ma_sagnihot/hk-project-pai00010
Account: hk-project-pai00070
State: COMPLETED (exit code 0)
Partition: accelerated
Nodes: 1
Cores per node: 24
Nodelist: hkn0530
CPU Utilized: 00:00:06
CPU Efficiency: 0.66% of 00:15:12 core-walltime
Job Wall-clock time: 00:00:38
Starttime: Fri May  8 15:15:40 2026
Endtime: Fri May  8 15:16:18 2026
Memory Utilized: 420.00 KB
Memory Efficiency: 0.00% of 100.00 GB (100.00 GB/node)
Energy Consumed: 10950 Joule / 3.04166666666667 Watthours
Average node power draw: 288.157894736842 Watt
