/hkfs/work/workspace/scratch/ma_sagnihot-projects/miniconda3/envs/openmixup/lib/python3.8/site-packages/mmcv/__init__.py:20: UserWarning: On January 1, 2023, MMCV will release v2.0.0, in which it will remove components related to the training process and add a data transformation module. In addition, it will rename the package names mmcv to mmcv-lite and mmcv-full to mmcv. See https://github.com/open-mmlab/mmcv/blob/master/docs/en/compatibility.md for more details.
  warnings.warn(
/hkfs/work/workspace/scratch/ma_sagnihot-projects/miniconda3/envs/openmixup/lib/python3.8/site-packages/mmcv/cnn/bricks/transformer.py:33: UserWarning: Fail to import ``MultiScaleDeformableAttention`` from ``mmcv.ops.multi_scale_deform_attn``, You should install ``mmcv-full`` if you need this module. 
  warnings.warn('Fail to import ``MultiScaleDeformableAttention`` from '
/hkfs/work/workspace/scratch/ma_sagnihot-projects/openmixup/openmixup/apis/train.py:23: UserWarning: DeprecationWarning: Nvidia Apex is not installed, using FP16OptimizerHook modified from mmcv.
  warnings.warn('DeprecationWarning: Nvidia Apex is not installed, '
tools/train.py:133: UserWarning: `--gpus` is deprecated because we only support single GPU mode in non-distributed training. Use `gpus=1` now.
  warnings.warn('`--gpus` is deprecated because we only support '
2026-05-09 12:14:11,920 - openmixup - INFO - Environment info:
------------------------------------------------------------
sys.platform: linux
Python: 3.8.20 (default, Oct  3 2024, 15:24:27) [GCC 11.2.0]
CUDA available: True
CUDA_HOME: /software/all/devel/cuda/12.4
NVCC: Build cuda_12.4.r12.4/compiler.34097967_0
GPU 0: NVIDIA A100-SXM4-40GB
GCC: gcc (GCC) 11.4.1 20231218 (Red Hat 11.4.1-4)
PyTorch: 2.4.1+cu121
PyTorch compiling details: PyTorch built with:
  - GCC 9.3
  - C++ Version: 201703
  - Intel(R) oneAPI Math Kernel Library Version 2023.1-Product Build 20230303 for Intel(R) 64 architecture applications
  - Intel(R) MKL-DNN v3.4.2 (Git Hash 1137e04ec0b5251ca2b4400a4fd3c667ce843d67)
  - OpenMP 201511 (a.k.a. OpenMP 4.5)
  - LAPACK is enabled (usually provided by MKL)
  - NNPACK is enabled
  - CPU capability usage: AVX512
  - CUDA Runtime 12.1
  - NVCC architecture flags: -gencode;arch=compute_50,code=sm_50;-gencode;arch=compute_60,code=sm_60;-gencode;arch=compute_70,code=sm_70;-gencode;arch=compute_75,code=sm_75;-gencode;arch=compute_80,code=sm_80;-gencode;arch=compute_86,code=sm_86;-gencode;arch=compute_90,code=sm_90
  - CuDNN 90.5.1  (built against CUDA 12.6)
    - Built with CuDNN 90.1
  - Magma 2.6.1
  - Build settings: BLAS_INFO=mkl, BUILD_TYPE=Release, CUDA_VERSION=12.1, CUDNN_VERSION=9.1.0, CXX_COMPILER=/opt/rh/devtoolset-9/root/usr/bin/c++, CXX_FLAGS= -D_GLIBCXX_USE_CXX11_ABI=0 -fabi-version=11 -fvisibility-inlines-hidden -DUSE_PTHREADPOOL -DNDEBUG -DUSE_KINETO -DLIBKINETO_NOROCTRACER -DUSE_FBGEMM -DUSE_PYTORCH_QNNPACK -DUSE_XNNPACK -DSYMBOLICATE_MOBILE_DEBUG_HANDLE -O2 -fPIC -Wall -Wextra -Werror=return-type -Werror=non-virtual-dtor -Werror=bool-operation -Wnarrowing -Wno-missing-field-initializers -Wno-type-limits -Wno-array-bounds -Wno-unknown-pragmas -Wno-unused-parameter -Wno-unused-function -Wno-unused-result -Wno-strict-overflow -Wno-strict-aliasing -Wno-stringop-overflow -Wsuggest-override -Wno-psabi -Wno-error=pedantic -Wno-error=old-style-cast -Wno-missing-braces -fdiagnostics-color=always -faligned-new -Wno-unused-but-set-variable -Wno-maybe-uninitialized -fno-math-errno -fno-trapping-math -Werror=format -Wno-stringop-overflow, LAPACK_INFO=mkl, PERF_WITH_AVX=1, PERF_WITH_AVX2=1, PERF_WITH_AVX512=1, TORCH_VERSION=2.4.1, USE_CUDA=ON, USE_CUDNN=ON, USE_CUSPARSELT=1, USE_EXCEPTION_PTR=1, USE_GFLAGS=OFF, USE_GLOG=OFF, USE_GLOO=ON, USE_MKL=ON, USE_MKLDNN=ON, USE_MPI=OFF, USE_NCCL=1, USE_NNPACK=ON, USE_OPENMP=ON, USE_ROCM=OFF, USE_ROCM_KERNEL_ASSERT=OFF, 

TorchVision: 0.19.1+cu121
OpenCV: 4.13.0
MMCV: 1.7.2
openmixup: 0.2.10
------------------------------------------------------------

2026-05-09 12:14:12,248 - openmixup - INFO - Distributed training: True
2026-05-09 12:14:12,436 - openmixup - INFO - Config:
fixmatch_augment_policies = [
    dict(type='AutoContrast'),
    dict(
        type='Brightness',
        magnitude_key='magnitude',
        magnitude_range=(0.05, 0.95)),
    dict(
        type='ColorTransform',
        magnitude_key='magnitude',
        magnitude_range=(0.05, 0.95)),
    dict(
        type='Contrast',
        magnitude_key='magnitude',
        magnitude_range=(0.05, 0.95)),
    dict(type='Equalize'),
    dict(type='Identity'),
    dict(type='Posterize', magnitude_key='bits', magnitude_range=(4, 8)),
    dict(type='Rotate', magnitude_key='angle', magnitude_range=(0, 30)),
    dict(
        type='Sharpness',
        magnitude_key='magnitude',
        magnitude_range=(0.05, 0.95)),
    dict(
        type='Shear',
        magnitude_key='magnitude',
        magnitude_range=(0, 0.3),
        direction='horizontal'),
    dict(
        type='Shear',
        magnitude_key='magnitude',
        magnitude_range=(0, 0.3),
        direction='vertical'),
    dict(type='Solarize', magnitude_key='thr', magnitude_range=(256, 0)),
    dict(
        type='Translate',
        magnitude_key='magnitude',
        magnitude_range=(0, 0.3),
        direction='horizontal'),
    dict(
        type='Translate',
        magnitude_key='magnitude',
        magnitude_range=(0, 0.3),
        direction='vertical')
]
data_source_cfg = dict(type='CIFAR100', root='data/cifar100/')
dataset_type = 'ClassificationDataset'
img_norm_cfg = dict(mean=[0.4914, 0.4822, 0.4465], std=[0.2023, 0.1994, 0.201])
train_pipeline = [
    dict(type='RandomCrop', size=32, padding=4, padding_mode='reflect'),
    dict(type='RandomHorizontalFlip'),
    dict(
        type='RandAugment',
        policies=[
            dict(type='AutoContrast'),
            dict(
                type='Brightness',
                magnitude_key='magnitude',
                magnitude_range=(0.05, 0.95)),
            dict(
                type='ColorTransform',
                magnitude_key='magnitude',
                magnitude_range=(0.05, 0.95)),
            dict(
                type='Contrast',
                magnitude_key='magnitude',
                magnitude_range=(0.05, 0.95)),
            dict(type='Equalize'),
            dict(type='Identity'),
            dict(
                type='Posterize', magnitude_key='bits',
                magnitude_range=(4, 8)),
            dict(
                type='Rotate', magnitude_key='angle', magnitude_range=(0, 30)),
            dict(
                type='Sharpness',
                magnitude_key='magnitude',
                magnitude_range=(0.05, 0.95)),
            dict(
                type='Shear',
                magnitude_key='magnitude',
                magnitude_range=(0, 0.3),
                direction='horizontal'),
            dict(
                type='Shear',
                magnitude_key='magnitude',
                magnitude_range=(0, 0.3),
                direction='vertical'),
            dict(
                type='Solarize', magnitude_key='thr',
                magnitude_range=(256, 0)),
            dict(
                type='Translate',
                magnitude_key='magnitude',
                magnitude_range=(0, 0.3),
                direction='horizontal'),
            dict(
                type='Translate',
                magnitude_key='magnitude',
                magnitude_range=(0, 0.3),
                direction='vertical')
        ],
        num_policies=2,
        total_level=10,
        magnitude_level=7,
        magnitude_std=0.5,
        hparams=dict(pad_val=[114, 123, 125], interpolation='bicubic'))
]
test_pipeline = [
    dict(type='ToTensor'),
    dict(
        type='Normalize',
        mean=[0.4914, 0.4822, 0.4465],
        std=[0.2023, 0.1994, 0.201])
]
prefetch = True
data = dict(
    imgs_per_gpu=100,
    workers_per_gpu=4,
    train=dict(
        type='ClassificationDataset',
        data_source=dict(
            split='train', type='CIFAR100', root='data/cifar100/'),
        pipeline=[
            dict(
                type='RandomCrop', size=32, padding=4, padding_mode='reflect'),
            dict(type='RandomHorizontalFlip'),
            dict(
                type='RandAugment',
                policies=[
                    dict(type='AutoContrast'),
                    dict(
                        type='Brightness',
                        magnitude_key='magnitude',
                        magnitude_range=(0.05, 0.95)),
                    dict(
                        type='ColorTransform',
                        magnitude_key='magnitude',
                        magnitude_range=(0.05, 0.95)),
                    dict(
                        type='Contrast',
                        magnitude_key='magnitude',
                        magnitude_range=(0.05, 0.95)),
                    dict(type='Equalize'),
                    dict(type='Identity'),
                    dict(
                        type='Posterize',
                        magnitude_key='bits',
                        magnitude_range=(4, 8)),
                    dict(
                        type='Rotate',
                        magnitude_key='angle',
                        magnitude_range=(0, 30)),
                    dict(
                        type='Sharpness',
                        magnitude_key='magnitude',
                        magnitude_range=(0.05, 0.95)),
                    dict(
                        type='Shear',
                        magnitude_key='magnitude',
                        magnitude_range=(0, 0.3),
                        direction='horizontal'),
                    dict(
                        type='Shear',
                        magnitude_key='magnitude',
                        magnitude_range=(0, 0.3),
                        direction='vertical'),
                    dict(
                        type='Solarize',
                        magnitude_key='thr',
                        magnitude_range=(256, 0)),
                    dict(
                        type='Translate',
                        magnitude_key='magnitude',
                        magnitude_range=(0, 0.3),
                        direction='horizontal'),
                    dict(
                        type='Translate',
                        magnitude_key='magnitude',
                        magnitude_range=(0, 0.3),
                        direction='vertical')
                ],
                num_policies=2,
                total_level=10,
                magnitude_level=7,
                magnitude_std=0.5,
                hparams=dict(pad_val=[114, 123, 125], interpolation='bicubic'))
        ],
        prefetch=True),
    val=dict(
        type='ClassificationDataset',
        data_source=dict(split='test', type='CIFAR100', root='data/cifar100/'),
        pipeline=[
            dict(type='ToTensor'),
            dict(
                type='Normalize',
                mean=[0.4914, 0.4822, 0.4465],
                std=[0.2023, 0.1994, 0.201])
        ],
        prefetch=False))
evaluation = dict(
    initial=False,
    interval=1,
    imgs_per_gpu=100,
    workers_per_gpu=4,
    eval_param=dict(topk=(1, 5)),
    save_best='auto')
checkpoint_config = dict(interval=10, max_keep_ckpts=1)
train_cfg = dict()
test_cfg = dict()
optimizer_config = dict(update_interval=1, grad_clip=None)
log_config = dict(interval=50, hooks=[dict(type='TextLoggerHook')])
dist_params = dict(backend='nccl')
cudnn_benchmark = True
log_level = 'INFO'
load_from = None
resume_from = None
workflow = [('train', 1)]
persistent_workers = True
use_fp16 = True
fp16 = dict(loss_scale='dynamic', type='mmcv')
find_unused_parameters = False
opencv_num_threads = 0
mp_start_method = 'fork'
model = dict(
    type='MixUpClassification',
    pretrained=None,
    alpha=1.0,
    mix_mode='vanilla',
    mix_args=dict(
        alignmix=dict(eps=0.1, max_iter=100),
        attentivemix=dict(grid_size=32, top_k=None, beta=8),
        automix=dict(mask_adjust=0, lam_margin=0),
        fmix=dict(
            decay_power=3, size=(32, 32), max_soft=0.0, reformulate=False),
        gridmix=dict(
            n_holes=(2, 6),
            hole_aspect_ratio=1.0,
            cut_area_ratio=(0.5, 1),
            cut_aspect_ratio=(0.5, 2)),
        manifoldmix=dict(layer=(0, 3)),
        puzzlemix=dict(
            transport=True,
            t_batch_size=None,
            t_size=4,
            block_num=5,
            beta=1.2,
            gamma=0.5,
            eta=0.2,
            neigh_size=4,
            n_labels=3,
            t_eps=0.8),
        resizemix=dict(
            scope=(0.1, 0.8), use_alpha=True, interpolate_mode='bilinear'),
        samix=dict(mask_adjust=0, lam_margin=0.08),
        transmix=dict(mix_mode='cutmix')),
    backbone=dict(
        type='ConvNeXt_CIFAR',
        arch='tiny',
        out_indices=(3, ),
        act_cfg=dict(type='GELU'),
        drop_path_rate=0.3,
        gap_before_final_norm=True),
    head=dict(
        type='ClsMixupHead',
        loss=dict(
            type='LabelSmoothLoss',
            label_smooth_val=0.1,
            num_classes=100,
            mode='original',
            loss_weight=1.0),
        with_avg_pool=False,
        in_channels=768,
        num_classes=100),
    init_cfg=[
        dict(type='TruncNormal', layer='Linear', std=0.02, bias=0.0),
        dict(
            type='Constant',
            layer=['LayerNorm', 'BatchNorm'],
            val=1.0,
            bias=0.0)
    ])
optimizer = dict(
    type='AdamW',
    lr=0.001,
    weight_decay=0.05,
    eps=1e-08,
    betas=(0.9, 0.999),
    paramwise_options=dict({
        '(bn|ln|gn)(\d+)?.(weight|bias)':
        dict(weight_decay=0.0),
        'norm':
        dict(weight_decay=0.0),
        'bias':
        dict(weight_decay=0.0),
        'gamma':
        dict(weight_decay=0.0)
    }))
update_interval = 1
lr_config = dict(
    policy='CosineAnnealing',
    by_epoch=False,
    min_lr=1e-06,
    warmup='linear',
    warmup_iters=20,
    warmup_by_epoch=True,
    warmup_ratio=1e-05)
runner = dict(type='EpochBasedRunner', max_epochs=200)
work_dir = 'experiments/cifar100/convnext_tiny/single_color/vanilla_redo/seed_7'
auto_resume = False
gpu_ids = range(0, 1)

2026-05-09 12:14:12,438 - openmixup - INFO - Set random seed to 7, deterministic: False
2026-05-09 12:14:12,625 - mmcv - INFO - initialize MixUpClassification with init_cfg [{'type': 'TruncNormal', 'layer': 'Linear', 'std': 0.02, 'bias': 0.0}, {'type': 'Constant', 'layer': ['LayerNorm', 'BatchNorm'], 'val': 1.0, 'bias': 0.0}]
2026-05-09 12:14:12,625 - mmcv - INFO - initialize MixUpClassification with init_cfg [{'type': 'TruncNormal', 'layer': 'Linear', 'std': 0.02, 'bias': 0.0}, {'type': 'Constant', 'layer': ['LayerNorm', 'BatchNorm'], 'val': 1.0, 'bias': 0.0}]
2026-05-09 12:14:12,809 - mmcv - INFO - initialize ConvNeXt_CIFAR with init_cfg [{'type': 'TruncNormal', 'layer': ['Conv2d', 'Linear'], 'std': 0.02, 'bias': 0.0}, {'type': 'Constant', 'layer': ['LayerNorm'], 'val': 1.0, 'bias': 0.0}]
2026-05-09 12:14:12,809 - mmcv - INFO - initialize ConvNeXt_CIFAR with init_cfg [{'type': 'TruncNormal', 'layer': ['Conv2d', 'Linear'], 'std': 0.02, 'bias': 0.0}, {'type': 'Constant', 'layer': ['LayerNorm'], 'val': 1.0, 'bias': 0.0}]
2026-05-09 12:14:13,014 - mmcv - INFO - 
backbone.downsample_layers.0.0.weight - torch.Size([96, 3, 3, 3]): 
TruncNormalInit: a=-2, b=2, mean=0, std=0.02, bias=0.0 
 
2026-05-09 12:14:13,014 - mmcv - INFO - 
backbone.downsample_layers.0.0.weight - torch.Size([96, 3, 3, 3]): 
TruncNormalInit: a=-2, b=2, mean=0, std=0.02, bias=0.0 
 
2026-05-09 12:14:13,014 - mmcv - INFO - 
backbone.downsample_layers.0.0.bias - torch.Size([96]): 
TruncNormalInit: a=-2, b=2, mean=0, std=0.02, bias=0.0 
 
2026-05-09 12:14:13,014 - mmcv - INFO - 
backbone.downsample_layers.0.0.bias - torch.Size([96]): 
TruncNormalInit: a=-2, b=2, mean=0, std=0.02, bias=0.0 
 
2026-05-09 12:14:13,014 - mmcv - INFO - 
backbone.downsample_layers.0.1.weight - torch.Size([96]): 
The value is the same before and after calling `init_weights` of MixUpClassification  
 
2026-05-09 12:14:13,014 - mmcv - INFO - 
backbone.downsample_layers.0.1.weight - torch.Size([96]): 
The value is the same before and after calling `init_weights` of MixUpClassification  
 
2026-05-09 12:14:13,014 - mmcv - INFO - 
backbone.downsample_layers.0.1.bias - torch.Size([96]): 
The value is the same before and after calling `init_weights` of MixUpClassification  
 
2026-05-09 12:14:13,014 - mmcv - INFO - 
backbone.downsample_layers.0.1.bias - torch.Size([96]): 
The value is the same before and after calling `init_weights` of MixUpClassification  
 
2026-05-09 12:14:13,014 - mmcv - INFO - 
backbone.downsample_layers.1.0.weight - torch.Size([96]): 
The value is the same before and after calling `init_weights` of MixUpClassification  
 
2026-05-09 12:14:13,014 - mmcv - INFO - 
backbone.downsample_layers.1.0.weight - torch.Size([96]): 
The value is the same before and after calling `init_weights` of MixUpClassification  
 
2026-05-09 12:14:13,014 - mmcv - INFO - 
backbone.downsample_layers.1.0.bias - torch.Size([96]): 
The value is the same before and after calling `init_weights` of MixUpClassification  
 
2026-05-09 12:14:13,014 - mmcv - INFO - 
backbone.downsample_layers.1.0.bias - torch.Size([96]): 
The value is the same before and after calling `init_weights` of MixUpClassification  
 
2026-05-09 12:14:13,014 - mmcv - INFO - 
backbone.downsample_layers.1.1.weight - torch.Size([192, 96, 2, 2]): 
TruncNormalInit: a=-2, b=2, mean=0, std=0.02, bias=0.0 
 
2026-05-09 12:14:13,014 - mmcv - INFO - 
backbone.downsample_layers.1.1.weight - torch.Size([192, 96, 2, 2]): 
TruncNormalInit: a=-2, b=2, mean=0, std=0.02, bias=0.0 
 
2026-05-09 12:14:13,014 - mmcv - INFO - 
backbone.downsample_layers.1.1.bias - torch.Size([192]): 
TruncNormalInit: a=-2, b=2, mean=0, std=0.02, bias=0.0 
 
2026-05-09 12:14:13,014 - mmcv - INFO - 
backbone.downsample_layers.1.1.bias - torch.Size([192]): 
TruncNormalInit: a=-2, b=2, mean=0, std=0.02, bias=0.0 
 
2026-05-09 12:14:13,015 - mmcv - INFO - 
backbone.downsample_layers.2.0.weight - torch.Size([192]): 
The value is the same before and after calling `init_weights` of MixUpClassification  
 
2026-05-09 12:14:13,015 - mmcv - INFO - 
backbone.downsample_layers.2.0.weight - torch.Size([192]): 
The value is the same before and after calling `init_weights` of MixUpClassification  
 
2026-05-09 12:14:13,015 - mmcv - INFO - 
backbone.downsample_layers.2.0.bias - torch.Size([192]): 
The value is the same before and after calling `init_weights` of MixUpClassification  
 
2026-05-09 12:14:13,015 - mmcv - INFO - 
backbone.downsample_layers.2.0.bias - torch.Size([192]): 
The value is the same before and after calling `init_weights` of MixUpClassification  
 
2026-05-09 12:14:13,015 - mmcv - INFO - 
backbone.downsample_layers.2.1.weight - torch.Size([384, 192, 2, 2]): 
TruncNormalInit: a=-2, b=2, mean=0, std=0.02, bias=0.0 
 
2026-05-09 12:14:13,015 - mmcv - INFO - 
backbone.downsample_layers.2.1.weight - torch.Size([384, 192, 2, 2]): 
TruncNormalInit: a=-2, b=2, mean=0, std=0.02, bias=0.0 
 
2026-05-09 12:14:13,015 - mmcv - INFO - 
backbone.downsample_layers.2.1.bias - torch.Size([384]): 
TruncNormalInit: a=-2, b=2, mean=0, std=0.02, bias=0.0 
 
2026-05-09 12:14:13,015 - mmcv - INFO - 
backbone.downsample_layers.2.1.bias - torch.Size([384]): 
TruncNormalInit: a=-2, b=2, mean=0, std=0.02, bias=0.0 
 
2026-05-09 12:14:13,015 - mmcv - INFO - 
backbone.downsample_layers.3.0.weight - torch.Size([384]): 
The value is the same before and after calling `init_weights` of MixUpClassification  
 
2026-05-09 12:14:13,015 - mmcv - INFO - 
backbone.downsample_layers.3.0.weight - torch.Size([384]): 
The value is the same before and after calling `init_weights` of MixUpClassification  
 
2026-05-09 12:14:13,015 - mmcv - INFO - 
backbone.downsample_layers.3.0.bias - torch.Size([384]): 
The value is the same before and after calling `init_weights` of MixUpClassification  
 
2026-05-09 12:14:13,015 - mmcv - INFO - 
backbone.downsample_layers.3.0.bias - torch.Size([384]): 
The value is the same before and after calling `init_weights` of MixUpClassification  
 
2026-05-09 12:14:13,015 - mmcv - INFO - 
backbone.downsample_layers.3.1.weight - torch.Size([768, 384, 2, 2]): 
TruncNormalInit: a=-2, b=2, mean=0, std=0.02, bias=0.0 
 
2026-05-09 12:14:13,015 - mmcv - INFO - 
backbone.downsample_layers.3.1.weight - torch.Size([768, 384, 2, 2]): 
TruncNormalInit: a=-2, b=2, mean=0, std=0.02, bias=0.0 
 
2026-05-09 12:14:13,015 - mmcv - INFO - 
backbone.downsample_layers.3.1.bias - torch.Size([768]): 
TruncNormalInit: a=-2, b=2, mean=0, std=0.02, bias=0.0 
 
2026-05-09 12:14:13,015 - mmcv - INFO - 
backbone.downsample_layers.3.1.bias - torch.Size([768]): 
TruncNormalInit: a=-2, b=2, mean=0, std=0.02, bias=0.0 
 
2026-05-09 12:14:13,015 - mmcv - INFO - 
backbone.stages.0.0.gamma - torch.Size([96]): 
The value is the same before and after calling `init_weights` of MixUpClassification  
 
2026-05-09 12:14:13,015 - mmcv - INFO - 
backbone.stages.0.0.gamma - torch.Size([96]): 
The value is the same before and after calling `init_weights` of MixUpClassification  
 
2026-05-09 12:14:13,015 - mmcv - INFO - 
backbone.stages.0.0.depthwise_conv.weight - torch.Size([96, 1, 7, 7]): 
TruncNormalInit: a=-2, b=2, mean=0, std=0.02, bias=0.0 
 
2026-05-09 12:14:13,015 - mmcv - INFO - 
backbone.stages.0.0.depthwise_conv.weight - torch.Size([96, 1, 7, 7]): 
TruncNormalInit: a=-2, b=2, mean=0, std=0.02, bias=0.0 
 
2026-05-09 12:14:13,015 - mmcv - INFO - 
backbone.stages.0.0.depthwise_conv.bias - torch.Size([96]): 
TruncNormalInit: a=-2, b=2, mean=0, std=0.02, bias=0.0 
 
2026-05-09 12:14:13,015 - mmcv - INFO - 
backbone.stages.0.0.depthwise_conv.bias - torch.Size([96]): 
TruncNormalInit: a=-2, b=2, mean=0, std=0.02, bias=0.0 
 
2026-05-09 12:14:13,015 - mmcv - INFO - 
backbone.stages.0.0.norm.weight - torch.Size([96]): 
The value is the same before and after calling `init_weights` of MixUpClassification  
 
2026-05-09 12:14:13,015 - mmcv - INFO - 
backbone.stages.0.0.norm.weight - torch.Size([96]): 
The value is the same before and after calling `init_weights` of MixUpClassification  
 
2026-05-09 12:14:13,015 - mmcv - INFO - 
backbone.stages.0.0.norm.bias - torch.Size([96]): 
The value is the same before and after calling `init_weights` of MixUpClassification  
 
2026-05-09 12:14:13,015 - mmcv - INFO - 
backbone.stages.0.0.norm.bias - torch.Size([96]): 
The value is the same before and after calling `init_weights` of MixUpClassification  
 
2026-05-09 12:14:13,015 - mmcv - INFO - 
backbone.stages.0.0.pointwise_conv1.weight - torch.Size([384, 96]): 
TruncNormalInit: a=-2, b=2, mean=0, std=0.02, bias=0.0 
 
2026-05-09 12:14:13,015 - mmcv - INFO - 
backbone.stages.0.0.pointwise_conv1.weight - torch.Size([384, 96]): 
TruncNormalInit: a=-2, b=2, mean=0, std=0.02, bias=0.0 
 
2026-05-09 12:14:13,015 - mmcv - INFO - 
backbone.stages.0.0.pointwise_conv1.bias - torch.Size([384]): 
TruncNormalInit: a=-2, b=2, mean=0, std=0.02, bias=0.0 
 
2026-05-09 12:14:13,015 - mmcv - INFO - 
backbone.stages.0.0.pointwise_conv1.bias - torch.Size([384]): 
TruncNormalInit: a=-2, b=2, mean=0, std=0.02, bias=0.0 
 
2026-05-09 12:14:13,015 - mmcv - INFO - 
backbone.stages.0.0.pointwise_conv2.weight - torch.Size([96, 384]): 
TruncNormalInit: a=-2, b=2, mean=0, std=0.02, bias=0.0 
 
2026-05-09 12:14:13,015 - mmcv - INFO - 
backbone.stages.0.0.pointwise_conv2.weight - torch.Size([96, 384]): 
TruncNormalInit: a=-2, b=2, mean=0, std=0.02, bias=0.0 
 
2026-05-09 12:14:13,015 - mmcv - INFO - 
backbone.stages.0.0.pointwise_conv2.bias - torch.Size([96]): 
TruncNormalInit: a=-2, b=2, mean=0, std=0.02, bias=0.0 
 
2026-05-09 12:14:13,015 - mmcv - INFO - 
backbone.stages.0.0.pointwise_conv2.bias - torch.Size([96]): 
TruncNormalInit: a=-2, b=2, mean=0, std=0.02, bias=0.0 
 
2026-05-09 12:14:13,015 - mmcv - INFO - 
backbone.stages.0.1.gamma - torch.Size([96]): 
The value is the same before and after calling `init_weights` of MixUpClassification  
 
2026-05-09 12:14:13,015 - mmcv - INFO - 
backbone.stages.0.1.gamma - torch.Size([96]): 
The value is the same before and after calling `init_weights` of MixUpClassification  
 
2026-05-09 12:14:13,015 - mmcv - INFO - 
backbone.stages.0.1.depthwise_conv.weight - torch.Size([96, 1, 7, 7]): 
TruncNormalInit: a=-2, b=2, mean=0, std=0.02, bias=0.0 
 
2026-05-09 12:14:13,015 - mmcv - INFO - 
backbone.stages.0.1.depthwise_conv.weight - torch.Size([96, 1, 7, 7]): 
TruncNormalInit: a=-2, b=2, mean=0, std=0.02, bias=0.0 
 
2026-05-09 12:14:13,015 - mmcv - INFO - 
backbone.stages.0.1.depthwise_conv.bias - torch.Size([96]): 
TruncNormalInit: a=-2, b=2, mean=0, std=0.02, bias=0.0 
 
2026-05-09 12:14:13,015 - mmcv - INFO - 
backbone.stages.0.1.depthwise_conv.bias - torch.Size([96]): 
TruncNormalInit: a=-2, b=2, mean=0, std=0.02, bias=0.0 
 
2026-05-09 12:14:13,015 - mmcv - INFO - 
backbone.stages.0.1.norm.weight - torch.Size([96]): 
The value is the same before and after calling `init_weights` of MixUpClassification  
 
2026-05-09 12:14:13,015 - mmcv - INFO - 
backbone.stages.0.1.norm.weight - torch.Size([96]): 
The value is the same before and after calling `init_weights` of MixUpClassification  
 
2026-05-09 12:14:13,015 - mmcv - INFO - 
backbone.stages.0.1.norm.bias - torch.Size([96]): 
The value is the same before and after calling `init_weights` of MixUpClassification  
 
2026-05-09 12:14:13,015 - mmcv - INFO - 
backbone.stages.0.1.norm.bias - torch.Size([96]): 
The value is the same before and after calling `init_weights` of MixUpClassification  
 
2026-05-09 12:14:13,015 - mmcv - INFO - 
backbone.stages.0.1.pointwise_conv1.weight - torch.Size([384, 96]): 
TruncNormalInit: a=-2, b=2, mean=0, std=0.02, bias=0.0 
 
2026-05-09 12:14:13,015 - mmcv - INFO - 
backbone.stages.0.1.pointwise_conv1.weight - torch.Size([384, 96]): 
TruncNormalInit: a=-2, b=2, mean=0, std=0.02, bias=0.0 
 
2026-05-09 12:14:13,015 - mmcv - INFO - 
backbone.stages.0.1.pointwise_conv1.bias - torch.Size([384]): 
TruncNormalInit: a=-2, b=2, mean=0, std=0.02, bias=0.0 
 
2026-05-09 12:14:13,015 - mmcv - INFO - 
backbone.stages.0.1.pointwise_conv1.bias - torch.Size([384]): 
TruncNormalInit: a=-2, b=2, mean=0, std=0.02, bias=0.0 
 
2026-05-09 12:14:13,015 - mmcv - INFO - 
backbone.stages.0.1.pointwise_conv2.weight - torch.Size([96, 384]): 
TruncNormalInit: a=-2, b=2, mean=0, std=0.02, bias=0.0 
 
2026-05-09 12:14:13,015 - mmcv - INFO - 
backbone.stages.0.1.pointwise_conv2.weight - torch.Size([96, 384]): 
TruncNormalInit: a=-2, b=2, mean=0, std=0.02, bias=0.0 
 
2026-05-09 12:14:13,015 - mmcv - INFO - 
backbone.stages.0.1.pointwise_conv2.bias - torch.Size([96]): 
TruncNormalInit: a=-2, b=2, mean=0, std=0.02, bias=0.0 
 
2026-05-09 12:14:13,015 - mmcv - INFO - 
backbone.stages.0.1.pointwise_conv2.bias - torch.Size([96]): 
TruncNormalInit: a=-2, b=2, mean=0, std=0.02, bias=0.0 
 
2026-05-09 12:14:13,015 - mmcv - INFO - 
backbone.stages.0.2.gamma - torch.Size([96]): 
The value is the same before and after calling `init_weights` of MixUpClassification  
 
2026-05-09 12:14:13,015 - mmcv - INFO - 
backbone.stages.0.2.gamma - torch.Size([96]): 
The value is the same before and after calling `init_weights` of MixUpClassification  
 
2026-05-09 12:14:13,015 - mmcv - INFO - 
backbone.stages.0.2.depthwise_conv.weight - torch.Size([96, 1, 7, 7]): 
TruncNormalInit: a=-2, b=2, mean=0, std=0.02, bias=0.0 
 
2026-05-09 12:14:13,015 - mmcv - INFO - 
backbone.stages.0.2.depthwise_conv.weight - torch.Size([96, 1, 7, 7]): 
TruncNormalInit: a=-2, b=2, mean=0, std=0.02, bias=0.0 
 
2026-05-09 12:14:13,016 - mmcv - INFO - 
backbone.stages.0.2.depthwise_conv.bias - torch.Size([96]): 
TruncNormalInit: a=-2, b=2, mean=0, std=0.02, bias=0.0 
 
2026-05-09 12:14:13,016 - mmcv - INFO - 
backbone.stages.0.2.depthwise_conv.bias - torch.Size([96]): 
TruncNormalInit: a=-2, b=2, mean=0, std=0.02, bias=0.0 
 
2026-05-09 12:14:13,016 - mmcv - INFO - 
backbone.stages.0.2.norm.weight - torch.Size([96]): 
The value is the same before and after calling `init_weights` of MixUpClassification  
 
2026-05-09 12:14:13,016 - mmcv - INFO - 
backbone.stages.0.2.norm.weight - torch.Size([96]): 
The value is the same before and after calling `init_weights` of MixUpClassification  
 
2026-05-09 12:14:13,016 - mmcv - INFO - 
backbone.stages.0.2.norm.bias - torch.Size([96]): 
The value is the same before and after calling `init_weights` of MixUpClassification  
 
2026-05-09 12:14:13,016 - mmcv - INFO - 
backbone.stages.0.2.norm.bias - torch.Size([96]): 
The value is the same before and after calling `init_weights` of MixUpClassification  
 
2026-05-09 12:14:13,016 - mmcv - INFO - 
backbone.stages.0.2.pointwise_conv1.weight - torch.Size([384, 96]): 
TruncNormalInit: a=-2, b=2, mean=0, std=0.02, bias=0.0 
 
2026-05-09 12:14:13,016 - mmcv - INFO - 
backbone.stages.0.2.pointwise_conv1.weight - torch.Size([384, 96]): 
TruncNormalInit: a=-2, b=2, mean=0, std=0.02, bias=0.0 
 
2026-05-09 12:14:13,016 - mmcv - INFO - 
backbone.stages.0.2.pointwise_conv1.bias - torch.Size([384]): 
TruncNormalInit: a=-2, b=2, mean=0, std=0.02, bias=0.0 
 
2026-05-09 12:14:13,016 - mmcv - INFO - 
backbone.stages.0.2.pointwise_conv1.bias - torch.Size([384]): 
TruncNormalInit: a=-2, b=2, mean=0, std=0.02, bias=0.0 
 
2026-05-09 12:14:13,016 - mmcv - INFO - 
backbone.stages.0.2.pointwise_conv2.weight - torch.Size([96, 384]): 
TruncNormalInit: a=-2, b=2, mean=0, std=0.02, bias=0.0 
 
2026-05-09 12:14:13,016 - mmcv - INFO - 
backbone.stages.0.2.pointwise_conv2.weight - torch.Size([96, 384]): 
TruncNormalInit: a=-2, b=2, mean=0, std=0.02, bias=0.0 
 
2026-05-09 12:14:13,016 - mmcv - INFO - 
backbone.stages.0.2.pointwise_conv2.bias - torch.Size([96]): 
TruncNormalInit: a=-2, b=2, mean=0, std=0.02, bias=0.0 
 
2026-05-09 12:14:13,016 - mmcv - INFO - 
backbone.stages.0.2.pointwise_conv2.bias - torch.Size([96]): 
TruncNormalInit: a=-2, b=2, mean=0, std=0.02, bias=0.0 
 
2026-05-09 12:14:13,016 - mmcv - INFO - 
backbone.stages.1.0.gamma - torch.Size([192]): 
The value is the same before and after calling `init_weights` of MixUpClassification  
 
2026-05-09 12:14:13,016 - mmcv - INFO - 
backbone.stages.1.0.gamma - torch.Size([192]): 
The value is the same before and after calling `init_weights` of MixUpClassification  
 
2026-05-09 12:14:13,016 - mmcv - INFO - 
backbone.stages.1.0.depthwise_conv.weight - torch.Size([192, 1, 7, 7]): 
TruncNormalInit: a=-2, b=2, mean=0, std=0.02, bias=0.0 
 
2026-05-09 12:14:13,016 - mmcv - INFO - 
backbone.stages.1.0.depthwise_conv.weight - torch.Size([192, 1, 7, 7]): 
TruncNormalInit: a=-2, b=2, mean=0, std=0.02, bias=0.0 
 
2026-05-09 12:14:13,016 - mmcv - INFO - 
backbone.stages.1.0.depthwise_conv.bias - torch.Size([192]): 
TruncNormalInit: a=-2, b=2, mean=0, std=0.02, bias=0.0 
 
2026-05-09 12:14:13,016 - mmcv - INFO - 
backbone.stages.1.0.depthwise_conv.bias - torch.Size([192]): 
TruncNormalInit: a=-2, b=2, mean=0, std=0.02, bias=0.0 
 
2026-05-09 12:14:13,016 - mmcv - INFO - 
backbone.stages.1.0.norm.weight - torch.Size([192]): 
The value is the same before and after calling `init_weights` of MixUpClassification  
 
2026-05-09 12:14:13,016 - mmcv - INFO - 
backbone.stages.1.0.norm.weight - torch.Size([192]): 
The value is the same before and after calling `init_weights` of MixUpClassification  
 
2026-05-09 12:14:13,016 - mmcv - INFO - 
backbone.stages.1.0.norm.bias - torch.Size([192]): 
The value is the same before and after calling `init_weights` of MixUpClassification  
 
2026-05-09 12:14:13,016 - mmcv - INFO - 
backbone.stages.1.0.norm.bias - torch.Size([192]): 
The value is the same before and after calling `init_weights` of MixUpClassification  
 
2026-05-09 12:14:13,016 - mmcv - INFO - 
backbone.stages.1.0.pointwise_conv1.weight - torch.Size([768, 192]): 
TruncNormalInit: a=-2, b=2, mean=0, std=0.02, bias=0.0 
 
2026-05-09 12:14:13,016 - mmcv - INFO - 
backbone.stages.1.0.pointwise_conv1.weight - torch.Size([768, 192]): 
TruncNormalInit: a=-2, b=2, mean=0, std=0.02, bias=0.0 
 
2026-05-09 12:14:13,016 - mmcv - INFO - 
backbone.stages.1.0.pointwise_conv1.bias - torch.Size([768]): 
TruncNormalInit: a=-2, b=2, mean=0, std=0.02, bias=0.0 
 
2026-05-09 12:14:13,016 - mmcv - INFO - 
backbone.stages.1.0.pointwise_conv1.bias - torch.Size([768]): 
TruncNormalInit: a=-2, b=2, mean=0, std=0.02, bias=0.0 
 
2026-05-09 12:14:13,016 - mmcv - INFO - 
backbone.stages.1.0.pointwise_conv2.weight - torch.Size([192, 768]): 
TruncNormalInit: a=-2, b=2, mean=0, std=0.02, bias=0.0 
 
2026-05-09 12:14:13,016 - mmcv - INFO - 
backbone.stages.1.0.pointwise_conv2.weight - torch.Size([192, 768]): 
TruncNormalInit: a=-2, b=2, mean=0, std=0.02, bias=0.0 
 
2026-05-09 12:14:13,016 - mmcv - INFO - 
backbone.stages.1.0.pointwise_conv2.bias - torch.Size([192]): 
TruncNormalInit: a=-2, b=2, mean=0, std=0.02, bias=0.0 
 
2026-05-09 12:14:13,016 - mmcv - INFO - 
backbone.stages.1.0.pointwise_conv2.bias - torch.Size([192]): 
TruncNormalInit: a=-2, b=2, mean=0, std=0.02, bias=0.0 
 
2026-05-09 12:14:13,016 - mmcv - INFO - 
backbone.stages.1.1.gamma - torch.Size([192]): 
The value is the same before and after calling `init_weights` of MixUpClassification  
 
2026-05-09 12:14:13,016 - mmcv - INFO - 
backbone.stages.1.1.gamma - torch.Size([192]): 
The value is the same before and after calling `init_weights` of MixUpClassification  
 
2026-05-09 12:14:13,016 - mmcv - INFO - 
backbone.stages.1.1.depthwise_conv.weight - torch.Size([192, 1, 7, 7]): 
TruncNormalInit: a=-2, b=2, mean=0, std=0.02, bias=0.0 
 
2026-05-09 12:14:13,016 - mmcv - INFO - 
backbone.stages.1.1.depthwise_conv.weight - torch.Size([192, 1, 7, 7]): 
TruncNormalInit: a=-2, b=2, mean=0, std=0.02, bias=0.0 
 
2026-05-09 12:14:13,016 - mmcv - INFO - 
backbone.stages.1.1.depthwise_conv.bias - torch.Size([192]): 
TruncNormalInit: a=-2, b=2, mean=0, std=0.02, bias=0.0 
 
2026-05-09 12:14:13,016 - mmcv - INFO - 
backbone.stages.1.1.depthwise_conv.bias - torch.Size([192]): 
TruncNormalInit: a=-2, b=2, mean=0, std=0.02, bias=0.0 
 
2026-05-09 12:14:13,016 - mmcv - INFO - 
backbone.stages.1.1.norm.weight - torch.Size([192]): 
The value is the same before and after calling `init_weights` of MixUpClassification  
 
2026-05-09 12:14:13,016 - mmcv - INFO - 
backbone.stages.1.1.norm.weight - torch.Size([192]): 
The value is the same before and after calling `init_weights` of MixUpClassification  
 
2026-05-09 12:14:13,016 - mmcv - INFO - 
backbone.stages.1.1.norm.bias - torch.Size([192]): 
The value is the same before and after calling `init_weights` of MixUpClassification  
 
2026-05-09 12:14:13,016 - mmcv - INFO - 
backbone.stages.1.1.norm.bias - torch.Size([192]): 
The value is the same before and after calling `init_weights` of MixUpClassification  
 
2026-05-09 12:14:13,016 - mmcv - INFO - 
backbone.stages.1.1.pointwise_conv1.weight - torch.Size([768, 192]): 
TruncNormalInit: a=-2, b=2, mean=0, std=0.02, bias=0.0 
 
2026-05-09 12:14:13,016 - mmcv - INFO - 
backbone.stages.1.1.pointwise_conv1.weight - torch.Size([768, 192]): 
TruncNormalInit: a=-2, b=2, mean=0, std=0.02, bias=0.0 
 
2026-05-09 12:14:13,016 - mmcv - INFO - 
backbone.stages.1.1.pointwise_conv1.bias - torch.Size([768]): 
TruncNormalInit: a=-2, b=2, mean=0, std=0.02, bias=0.0 
 
2026-05-09 12:14:13,016 - mmcv - INFO - 
backbone.stages.1.1.pointwise_conv1.bias - torch.Size([768]): 
TruncNormalInit: a=-2, b=2, mean=0, std=0.02, bias=0.0 
 
2026-05-09 12:14:13,016 - mmcv - INFO - 
backbone.stages.1.1.pointwise_conv2.weight - torch.Size([192, 768]): 
TruncNormalInit: a=-2, b=2, mean=0, std=0.02, bias=0.0 
 
2026-05-09 12:14:13,016 - mmcv - INFO - 
backbone.stages.1.1.pointwise_conv2.weight - torch.Size([192, 768]): 
TruncNormalInit: a=-2, b=2, mean=0, std=0.02, bias=0.0 
 
2026-05-09 12:14:13,016 - mmcv - INFO - 
backbone.stages.1.1.pointwise_conv2.bias - torch.Size([192]): 
TruncNormalInit: a=-2, b=2, mean=0, std=0.02, bias=0.0 
 
2026-05-09 12:14:13,016 - mmcv - INFO - 
backbone.stages.1.1.pointwise_conv2.bias - torch.Size([192]): 
TruncNormalInit: a=-2, b=2, mean=0, std=0.02, bias=0.0 
 
2026-05-09 12:14:13,016 - mmcv - INFO - 
backbone.stages.1.2.gamma - torch.Size([192]): 
The value is the same before and after calling `init_weights` of MixUpClassification  
 
2026-05-09 12:14:13,016 - mmcv - INFO - 
backbone.stages.1.2.gamma - torch.Size([192]): 
The value is the same before and after calling `init_weights` of MixUpClassification  
 
2026-05-09 12:14:13,016 - mmcv - INFO - 
backbone.stages.1.2.depthwise_conv.weight - torch.Size([192, 1, 7, 7]): 
TruncNormalInit: a=-2, b=2, mean=0, std=0.02, bias=0.0 
 
2026-05-09 12:14:13,016 - mmcv - INFO - 
backbone.stages.1.2.depthwise_conv.weight - torch.Size([192, 1, 7, 7]): 
TruncNormalInit: a=-2, b=2, mean=0, std=0.02, bias=0.0 
 
2026-05-09 12:14:13,016 - mmcv - INFO - 
backbone.stages.1.2.depthwise_conv.bias - torch.Size([192]): 
TruncNormalInit: a=-2, b=2, mean=0, std=0.02, bias=0.0 
 
2026-05-09 12:14:13,016 - mmcv - INFO - 
backbone.stages.1.2.depthwise_conv.bias - torch.Size([192]): 
TruncNormalInit: a=-2, b=2, mean=0, std=0.02, bias=0.0 
 
2026-05-09 12:14:13,017 - mmcv - INFO - 
backbone.stages.1.2.norm.weight - torch.Size([192]): 
The value is the same before and after calling `init_weights` of MixUpClassification  
 
2026-05-09 12:14:13,017 - mmcv - INFO - 
backbone.stages.1.2.norm.weight - torch.Size([192]): 
The value is the same before and after calling `init_weights` of MixUpClassification  
 
2026-05-09 12:14:13,017 - mmcv - INFO - 
backbone.stages.1.2.norm.bias - torch.Size([192]): 
The value is the same before and after calling `init_weights` of MixUpClassification  
 
2026-05-09 12:14:13,017 - mmcv - INFO - 
backbone.stages.1.2.norm.bias - torch.Size([192]): 
The value is the same before and after calling `init_weights` of MixUpClassification  
 
2026-05-09 12:14:13,017 - mmcv - INFO - 
backbone.stages.1.2.pointwise_conv1.weight - torch.Size([768, 192]): 
TruncNormalInit: a=-2, b=2, mean=0, std=0.02, bias=0.0 
 
2026-05-09 12:14:13,017 - mmcv - INFO - 
backbone.stages.1.2.pointwise_conv1.weight - torch.Size([768, 192]): 
TruncNormalInit: a=-2, b=2, mean=0, std=0.02, bias=0.0 
 
2026-05-09 12:14:13,017 - mmcv - INFO - 
backbone.stages.1.2.pointwise_conv1.bias - torch.Size([768]): 
TruncNormalInit: a=-2, b=2, mean=0, std=0.02, bias=0.0 
 
2026-05-09 12:14:13,017 - mmcv - INFO - 
backbone.stages.1.2.pointwise_conv1.bias - torch.Size([768]): 
TruncNormalInit: a=-2, b=2, mean=0, std=0.02, bias=0.0 
 
2026-05-09 12:14:13,017 - mmcv - INFO - 
backbone.stages.1.2.pointwise_conv2.weight - torch.Size([192, 768]): 
TruncNormalInit: a=-2, b=2, mean=0, std=0.02, bias=0.0 
 
2026-05-09 12:14:13,017 - mmcv - INFO - 
backbone.stages.1.2.pointwise_conv2.weight - torch.Size([192, 768]): 
TruncNormalInit: a=-2, b=2, mean=0, std=0.02, bias=0.0 
 
2026-05-09 12:14:13,017 - mmcv - INFO - 
backbone.stages.1.2.pointwise_conv2.bias - torch.Size([192]): 
TruncNormalInit: a=-2, b=2, mean=0, std=0.02, bias=0.0 
 
2026-05-09 12:14:13,017 - mmcv - INFO - 
backbone.stages.1.2.pointwise_conv2.bias - torch.Size([192]): 
TruncNormalInit: a=-2, b=2, mean=0, std=0.02, bias=0.0 
 
2026-05-09 12:14:13,017 - mmcv - INFO - 
backbone.stages.2.0.gamma - torch.Size([384]): 
The value is the same before and after calling `init_weights` of MixUpClassification  
 
2026-05-09 12:14:13,017 - mmcv - INFO - 
backbone.stages.2.0.gamma - torch.Size([384]): 
The value is the same before and after calling `init_weights` of MixUpClassification  
 
2026-05-09 12:14:13,017 - mmcv - INFO - 
backbone.stages.2.0.depthwise_conv.weight - torch.Size([384, 1, 7, 7]): 
TruncNormalInit: a=-2, b=2, mean=0, std=0.02, bias=0.0 
 
2026-05-09 12:14:13,017 - mmcv - INFO - 
backbone.stages.2.0.depthwise_conv.weight - torch.Size([384, 1, 7, 7]): 
TruncNormalInit: a=-2, b=2, mean=0, std=0.02, bias=0.0 
 
2026-05-09 12:14:13,017 - mmcv - INFO - 
backbone.stages.2.0.depthwise_conv.bias - torch.Size([384]): 
TruncNormalInit: a=-2, b=2, mean=0, std=0.02, bias=0.0 
 
2026-05-09 12:14:13,017 - mmcv - INFO - 
backbone.stages.2.0.depthwise_conv.bias - torch.Size([384]): 
TruncNormalInit: a=-2, b=2, mean=0, std=0.02, bias=0.0 
 
2026-05-09 12:14:13,017 - mmcv - INFO - 
backbone.stages.2.0.norm.weight - torch.Size([384]): 
The value is the same before and after calling `init_weights` of MixUpClassification  
 
2026-05-09 12:14:13,017 - mmcv - INFO - 
backbone.stages.2.0.norm.weight - torch.Size([384]): 
The value is the same before and after calling `init_weights` of MixUpClassification  
 
2026-05-09 12:14:13,017 - mmcv - INFO - 
backbone.stages.2.0.norm.bias - torch.Size([384]): 
The value is the same before and after calling `init_weights` of MixUpClassification  
 
2026-05-09 12:14:13,017 - mmcv - INFO - 
backbone.stages.2.0.norm.bias - torch.Size([384]): 
The value is the same before and after calling `init_weights` of MixUpClassification  
 
2026-05-09 12:14:13,017 - mmcv - INFO - 
backbone.stages.2.0.pointwise_conv1.weight - torch.Size([1536, 384]): 
TruncNormalInit: a=-2, b=2, mean=0, std=0.02, bias=0.0 
 
2026-05-09 12:14:13,017 - mmcv - INFO - 
backbone.stages.2.0.pointwise_conv1.weight - torch.Size([1536, 384]): 
TruncNormalInit: a=-2, b=2, mean=0, std=0.02, bias=0.0 
 
2026-05-09 12:14:13,017 - mmcv - INFO - 
backbone.stages.2.0.pointwise_conv1.bias - torch.Size([1536]): 
TruncNormalInit: a=-2, b=2, mean=0, std=0.02, bias=0.0 
 
2026-05-09 12:14:13,017 - mmcv - INFO - 
backbone.stages.2.0.pointwise_conv1.bias - torch.Size([1536]): 
TruncNormalInit: a=-2, b=2, mean=0, std=0.02, bias=0.0 
 
2026-05-09 12:14:13,017 - mmcv - INFO - 
backbone.stages.2.0.pointwise_conv2.weight - torch.Size([384, 1536]): 
TruncNormalInit: a=-2, b=2, mean=0, std=0.02, bias=0.0 
 
2026-05-09 12:14:13,017 - mmcv - INFO - 
backbone.stages.2.0.pointwise_conv2.weight - torch.Size([384, 1536]): 
TruncNormalInit: a=-2, b=2, mean=0, std=0.02, bias=0.0 
 
2026-05-09 12:14:13,017 - mmcv - INFO - 
backbone.stages.2.0.pointwise_conv2.bias - torch.Size([384]): 
TruncNormalInit: a=-2, b=2, mean=0, std=0.02, bias=0.0 
 
2026-05-09 12:14:13,017 - mmcv - INFO - 
backbone.stages.2.0.pointwise_conv2.bias - torch.Size([384]): 
TruncNormalInit: a=-2, b=2, mean=0, std=0.02, bias=0.0 
 
2026-05-09 12:14:13,017 - mmcv - INFO - 
backbone.stages.2.1.gamma - torch.Size([384]): 
The value is the same before and after calling `init_weights` of MixUpClassification  
 
2026-05-09 12:14:13,017 - mmcv - INFO - 
backbone.stages.2.1.gamma - torch.Size([384]): 
The value is the same before and after calling `init_weights` of MixUpClassification  
 
2026-05-09 12:14:13,017 - mmcv - INFO - 
backbone.stages.2.1.depthwise_conv.weight - torch.Size([384, 1, 7, 7]): 
TruncNormalInit: a=-2, b=2, mean=0, std=0.02, bias=0.0 
 
2026-05-09 12:14:13,017 - mmcv - INFO - 
backbone.stages.2.1.depthwise_conv.weight - torch.Size([384, 1, 7, 7]): 
TruncNormalInit: a=-2, b=2, mean=0, std=0.02, bias=0.0 
 
2026-05-09 12:14:13,017 - mmcv - INFO - 
backbone.stages.2.1.depthwise_conv.bias - torch.Size([384]): 
TruncNormalInit: a=-2, b=2, mean=0, std=0.02, bias=0.0 
 
2026-05-09 12:14:13,017 - mmcv - INFO - 
backbone.stages.2.1.depthwise_conv.bias - torch.Size([384]): 
TruncNormalInit: a=-2, b=2, mean=0, std=0.02, bias=0.0 
 
2026-05-09 12:14:13,017 - mmcv - INFO - 
backbone.stages.2.1.norm.weight - torch.Size([384]): 
The value is the same before and after calling `init_weights` of MixUpClassification  
 
2026-05-09 12:14:13,017 - mmcv - INFO - 
backbone.stages.2.1.norm.weight - torch.Size([384]): 
The value is the same before and after calling `init_weights` of MixUpClassification  
 
2026-05-09 12:14:13,017 - mmcv - INFO - 
backbone.stages.2.1.norm.bias - torch.Size([384]): 
The value is the same before and after calling `init_weights` of MixUpClassification  
 
2026-05-09 12:14:13,017 - mmcv - INFO - 
backbone.stages.2.1.norm.bias - torch.Size([384]): 
The value is the same before and after calling `init_weights` of MixUpClassification  
 
2026-05-09 12:14:13,017 - mmcv - INFO - 
backbone.stages.2.1.pointwise_conv1.weight - torch.Size([1536, 384]): 
TruncNormalInit: a=-2, b=2, mean=0, std=0.02, bias=0.0 
 
2026-05-09 12:14:13,017 - mmcv - INFO - 
backbone.stages.2.1.pointwise_conv1.weight - torch.Size([1536, 384]): 
TruncNormalInit: a=-2, b=2, mean=0, std=0.02, bias=0.0 
 
2026-05-09 12:14:13,017 - mmcv - INFO - 
backbone.stages.2.1.pointwise_conv1.bias - torch.Size([1536]): 
TruncNormalInit: a=-2, b=2, mean=0, std=0.02, bias=0.0 
 
2026-05-09 12:14:13,017 - mmcv - INFO - 
backbone.stages.2.1.pointwise_conv1.bias - torch.Size([1536]): 
TruncNormalInit: a=-2, b=2, mean=0, std=0.02, bias=0.0 
 
2026-05-09 12:14:13,017 - mmcv - INFO - 
backbone.stages.2.1.pointwise_conv2.weight - torch.Size([384, 1536]): 
TruncNormalInit: a=-2, b=2, mean=0, std=0.02, bias=0.0 
 
2026-05-09 12:14:13,017 - mmcv - INFO - 
backbone.stages.2.1.pointwise_conv2.weight - torch.Size([384, 1536]): 
TruncNormalInit: a=-2, b=2, mean=0, std=0.02, bias=0.0 
 
2026-05-09 12:14:13,017 - mmcv - INFO - 
backbone.stages.2.1.pointwise_conv2.bias - torch.Size([384]): 
TruncNormalInit: a=-2, b=2, mean=0, std=0.02, bias=0.0 
 
2026-05-09 12:14:13,017 - mmcv - INFO - 
backbone.stages.2.1.pointwise_conv2.bias - torch.Size([384]): 
TruncNormalInit: a=-2, b=2, mean=0, std=0.02, bias=0.0 
 
2026-05-09 12:14:13,017 - mmcv - INFO - 
backbone.stages.2.2.gamma - torch.Size([384]): 
The value is the same before and after calling `init_weights` of MixUpClassification  
 
2026-05-09 12:14:13,017 - mmcv - INFO - 
backbone.stages.2.2.gamma - torch.Size([384]): 
The value is the same before and after calling `init_weights` of MixUpClassification  
 
2026-05-09 12:14:13,017 - mmcv - INFO - 
backbone.stages.2.2.depthwise_conv.weight - torch.Size([384, 1, 7, 7]): 
TruncNormalInit: a=-2, b=2, mean=0, std=0.02, bias=0.0 
 
2026-05-09 12:14:13,017 - mmcv - INFO - 
backbone.stages.2.2.depthwise_conv.weight - torch.Size([384, 1, 7, 7]): 
TruncNormalInit: a=-2, b=2, mean=0, std=0.02, bias=0.0 
 
2026-05-09 12:14:13,017 - mmcv - INFO - 
backbone.stages.2.2.depthwise_conv.bias - torch.Size([384]): 
TruncNormalInit: a=-2, b=2, mean=0, std=0.02, bias=0.0 
 
2026-05-09 12:14:13,017 - mmcv - INFO - 
backbone.stages.2.2.depthwise_conv.bias - torch.Size([384]): 
TruncNormalInit: a=-2, b=2, mean=0, std=0.02, bias=0.0 
 
2026-05-09 12:14:13,017 - mmcv - INFO - 
backbone.stages.2.2.norm.weight - torch.Size([384]): 
The value is the same before and after calling `init_weights` of MixUpClassification  
 
2026-05-09 12:14:13,017 - mmcv - INFO - 
backbone.stages.2.2.norm.weight - torch.Size([384]): 
The value is the same before and after calling `init_weights` of MixUpClassification  
 
2026-05-09 12:14:13,017 - mmcv - INFO - 
backbone.stages.2.2.norm.bias - torch.Size([384]): 
The value is the same before and after calling `init_weights` of MixUpClassification  
 
2026-05-09 12:14:13,017 - mmcv - INFO - 
backbone.stages.2.2.norm.bias - torch.Size([384]): 
The value is the same before and after calling `init_weights` of MixUpClassification  
 
2026-05-09 12:14:13,018 - mmcv - INFO - 
backbone.stages.2.2.pointwise_conv1.weight - torch.Size([1536, 384]): 
TruncNormalInit: a=-2, b=2, mean=0, std=0.02, bias=0.0 
 
2026-05-09 12:14:13,018 - mmcv - INFO - 
backbone.stages.2.2.pointwise_conv1.weight - torch.Size([1536, 384]): 
TruncNormalInit: a=-2, b=2, mean=0, std=0.02, bias=0.0 
 
2026-05-09 12:14:13,018 - mmcv - INFO - 
backbone.stages.2.2.pointwise_conv1.bias - torch.Size([1536]): 
TruncNormalInit: a=-2, b=2, mean=0, std=0.02, bias=0.0 
 
2026-05-09 12:14:13,018 - mmcv - INFO - 
backbone.stages.2.2.pointwise_conv1.bias - torch.Size([1536]): 
TruncNormalInit: a=-2, b=2, mean=0, std=0.02, bias=0.0 
 
2026-05-09 12:14:13,018 - mmcv - INFO - 
backbone.stages.2.2.pointwise_conv2.weight - torch.Size([384, 1536]): 
TruncNormalInit: a=-2, b=2, mean=0, std=0.02, bias=0.0 
 
2026-05-09 12:14:13,018 - mmcv - INFO - 
backbone.stages.2.2.pointwise_conv2.weight - torch.Size([384, 1536]): 
TruncNormalInit: a=-2, b=2, mean=0, std=0.02, bias=0.0 
 
2026-05-09 12:14:13,018 - mmcv - INFO - 
backbone.stages.2.2.pointwise_conv2.bias - torch.Size([384]): 
TruncNormalInit: a=-2, b=2, mean=0, std=0.02, bias=0.0 
 
2026-05-09 12:14:13,018 - mmcv - INFO - 
backbone.stages.2.2.pointwise_conv2.bias - torch.Size([384]): 
TruncNormalInit: a=-2, b=2, mean=0, std=0.02, bias=0.0 
 
2026-05-09 12:14:13,018 - mmcv - INFO - 
backbone.stages.2.3.gamma - torch.Size([384]): 
The value is the same before and after calling `init_weights` of MixUpClassification  
 
2026-05-09 12:14:13,018 - mmcv - INFO - 
backbone.stages.2.3.gamma - torch.Size([384]): 
The value is the same before and after calling `init_weights` of MixUpClassification  
 
2026-05-09 12:14:13,018 - mmcv - INFO - 
backbone.stages.2.3.depthwise_conv.weight - torch.Size([384, 1, 7, 7]): 
TruncNormalInit: a=-2, b=2, mean=0, std=0.02, bias=0.0 
 
2026-05-09 12:14:13,018 - mmcv - INFO - 
backbone.stages.2.3.depthwise_conv.weight - torch.Size([384, 1, 7, 7]): 
TruncNormalInit: a=-2, b=2, mean=0, std=0.02, bias=0.0 
 
2026-05-09 12:14:13,018 - mmcv - INFO - 
backbone.stages.2.3.depthwise_conv.bias - torch.Size([384]): 
TruncNormalInit: a=-2, b=2, mean=0, std=0.02, bias=0.0 
 
2026-05-09 12:14:13,018 - mmcv - INFO - 
backbone.stages.2.3.depthwise_conv.bias - torch.Size([384]): 
TruncNormalInit: a=-2, b=2, mean=0, std=0.02, bias=0.0 
 
2026-05-09 12:14:13,018 - mmcv - INFO - 
backbone.stages.2.3.norm.weight - torch.Size([384]): 
The value is the same before and after calling `init_weights` of MixUpClassification  
 
2026-05-09 12:14:13,018 - mmcv - INFO - 
backbone.stages.2.3.norm.weight - torch.Size([384]): 
The value is the same before and after calling `init_weights` of MixUpClassification  
 
2026-05-09 12:14:13,018 - mmcv - INFO - 
backbone.stages.2.3.norm.bias - torch.Size([384]): 
The value is the same before and after calling `init_weights` of MixUpClassification  
 
2026-05-09 12:14:13,018 - mmcv - INFO - 
backbone.stages.2.3.norm.bias - torch.Size([384]): 
The value is the same before and after calling `init_weights` of MixUpClassification  
 
2026-05-09 12:14:13,018 - mmcv - INFO - 
backbone.stages.2.3.pointwise_conv1.weight - torch.Size([1536, 384]): 
TruncNormalInit: a=-2, b=2, mean=0, std=0.02, bias=0.0 
 
2026-05-09 12:14:13,018 - mmcv - INFO - 
backbone.stages.2.3.pointwise_conv1.weight - torch.Size([1536, 384]): 
TruncNormalInit: a=-2, b=2, mean=0, std=0.02, bias=0.0 
 
2026-05-09 12:14:13,018 - mmcv - INFO - 
backbone.stages.2.3.pointwise_conv1.bias - torch.Size([1536]): 
TruncNormalInit: a=-2, b=2, mean=0, std=0.02, bias=0.0 
 
2026-05-09 12:14:13,018 - mmcv - INFO - 
backbone.stages.2.3.pointwise_conv1.bias - torch.Size([1536]): 
TruncNormalInit: a=-2, b=2, mean=0, std=0.02, bias=0.0 
 
2026-05-09 12:14:13,018 - mmcv - INFO - 
backbone.stages.2.3.pointwise_conv2.weight - torch.Size([384, 1536]): 
TruncNormalInit: a=-2, b=2, mean=0, std=0.02, bias=0.0 
 
2026-05-09 12:14:13,018 - mmcv - INFO - 
backbone.stages.2.3.pointwise_conv2.weight - torch.Size([384, 1536]): 
TruncNormalInit: a=-2, b=2, mean=0, std=0.02, bias=0.0 
 
2026-05-09 12:14:13,018 - mmcv - INFO - 
backbone.stages.2.3.pointwise_conv2.bias - torch.Size([384]): 
TruncNormalInit: a=-2, b=2, mean=0, std=0.02, bias=0.0 
 
2026-05-09 12:14:13,018 - mmcv - INFO - 
backbone.stages.2.3.pointwise_conv2.bias - torch.Size([384]): 
TruncNormalInit: a=-2, b=2, mean=0, std=0.02, bias=0.0 
 
2026-05-09 12:14:13,018 - mmcv - INFO - 
backbone.stages.2.4.gamma - torch.Size([384]): 
The value is the same before and after calling `init_weights` of MixUpClassification  
 
2026-05-09 12:14:13,018 - mmcv - INFO - 
backbone.stages.2.4.gamma - torch.Size([384]): 
The value is the same before and after calling `init_weights` of MixUpClassification  
 
2026-05-09 12:14:13,018 - mmcv - INFO - 
backbone.stages.2.4.depthwise_conv.weight - torch.Size([384, 1, 7, 7]): 
TruncNormalInit: a=-2, b=2, mean=0, std=0.02, bias=0.0 
 
2026-05-09 12:14:13,018 - mmcv - INFO - 
backbone.stages.2.4.depthwise_conv.weight - torch.Size([384, 1, 7, 7]): 
TruncNormalInit: a=-2, b=2, mean=0, std=0.02, bias=0.0 
 
2026-05-09 12:14:13,018 - mmcv - INFO - 
backbone.stages.2.4.depthwise_conv.bias - torch.Size([384]): 
TruncNormalInit: a=-2, b=2, mean=0, std=0.02, bias=0.0 
 
2026-05-09 12:14:13,018 - mmcv - INFO - 
backbone.stages.2.4.depthwise_conv.bias - torch.Size([384]): 
TruncNormalInit: a=-2, b=2, mean=0, std=0.02, bias=0.0 
 
2026-05-09 12:14:13,018 - mmcv - INFO - 
backbone.stages.2.4.norm.weight - torch.Size([384]): 
The value is the same before and after calling `init_weights` of MixUpClassification  
 
2026-05-09 12:14:13,018 - mmcv - INFO - 
backbone.stages.2.4.norm.weight - torch.Size([384]): 
The value is the same before and after calling `init_weights` of MixUpClassification  
 
2026-05-09 12:14:13,018 - mmcv - INFO - 
backbone.stages.2.4.norm.bias - torch.Size([384]): 
The value is the same before and after calling `init_weights` of MixUpClassification  
 
2026-05-09 12:14:13,018 - mmcv - INFO - 
backbone.stages.2.4.norm.bias - torch.Size([384]): 
The value is the same before and after calling `init_weights` of MixUpClassification  
 
2026-05-09 12:14:13,018 - mmcv - INFO - 
backbone.stages.2.4.pointwise_conv1.weight - torch.Size([1536, 384]): 
TruncNormalInit: a=-2, b=2, mean=0, std=0.02, bias=0.0 
 
2026-05-09 12:14:13,018 - mmcv - INFO - 
backbone.stages.2.4.pointwise_conv1.weight - torch.Size([1536, 384]): 
TruncNormalInit: a=-2, b=2, mean=0, std=0.02, bias=0.0 
 
2026-05-09 12:14:13,018 - mmcv - INFO - 
backbone.stages.2.4.pointwise_conv1.bias - torch.Size([1536]): 
TruncNormalInit: a=-2, b=2, mean=0, std=0.02, bias=0.0 
 
2026-05-09 12:14:13,018 - mmcv - INFO - 
backbone.stages.2.4.pointwise_conv1.bias - torch.Size([1536]): 
TruncNormalInit: a=-2, b=2, mean=0, std=0.02, bias=0.0 
 
2026-05-09 12:14:13,018 - mmcv - INFO - 
backbone.stages.2.4.pointwise_conv2.weight - torch.Size([384, 1536]): 
TruncNormalInit: a=-2, b=2, mean=0, std=0.02, bias=0.0 
 
2026-05-09 12:14:13,018 - mmcv - INFO - 
backbone.stages.2.4.pointwise_conv2.weight - torch.Size([384, 1536]): 
TruncNormalInit: a=-2, b=2, mean=0, std=0.02, bias=0.0 
 
2026-05-09 12:14:13,018 - mmcv - INFO - 
backbone.stages.2.4.pointwise_conv2.bias - torch.Size([384]): 
TruncNormalInit: a=-2, b=2, mean=0, std=0.02, bias=0.0 
 
2026-05-09 12:14:13,018 - mmcv - INFO - 
backbone.stages.2.4.pointwise_conv2.bias - torch.Size([384]): 
TruncNormalInit: a=-2, b=2, mean=0, std=0.02, bias=0.0 
 
2026-05-09 12:14:13,018 - mmcv - INFO - 
backbone.stages.2.5.gamma - torch.Size([384]): 
The value is the same before and after calling `init_weights` of MixUpClassification  
 
2026-05-09 12:14:13,018 - mmcv - INFO - 
backbone.stages.2.5.gamma - torch.Size([384]): 
The value is the same before and after calling `init_weights` of MixUpClassification  
 
2026-05-09 12:14:13,018 - mmcv - INFO - 
backbone.stages.2.5.depthwise_conv.weight - torch.Size([384, 1, 7, 7]): 
TruncNormalInit: a=-2, b=2, mean=0, std=0.02, bias=0.0 
 
2026-05-09 12:14:13,018 - mmcv - INFO - 
backbone.stages.2.5.depthwise_conv.weight - torch.Size([384, 1, 7, 7]): 
TruncNormalInit: a=-2, b=2, mean=0, std=0.02, bias=0.0 
 
2026-05-09 12:14:13,018 - mmcv - INFO - 
backbone.stages.2.5.depthwise_conv.bias - torch.Size([384]): 
TruncNormalInit: a=-2, b=2, mean=0, std=0.02, bias=0.0 
 
2026-05-09 12:14:13,018 - mmcv - INFO - 
backbone.stages.2.5.depthwise_conv.bias - torch.Size([384]): 
TruncNormalInit: a=-2, b=2, mean=0, std=0.02, bias=0.0 
 
2026-05-09 12:14:13,018 - mmcv - INFO - 
backbone.stages.2.5.norm.weight - torch.Size([384]): 
The value is the same before and after calling `init_weights` of MixUpClassification  
 
2026-05-09 12:14:13,018 - mmcv - INFO - 
backbone.stages.2.5.norm.weight - torch.Size([384]): 
The value is the same before and after calling `init_weights` of MixUpClassification  
 
2026-05-09 12:14:13,018 - mmcv - INFO - 
backbone.stages.2.5.norm.bias - torch.Size([384]): 
The value is the same before and after calling `init_weights` of MixUpClassification  
 
2026-05-09 12:14:13,018 - mmcv - INFO - 
backbone.stages.2.5.norm.bias - torch.Size([384]): 
The value is the same before and after calling `init_weights` of MixUpClassification  
 
2026-05-09 12:14:13,018 - mmcv - INFO - 
backbone.stages.2.5.pointwise_conv1.weight - torch.Size([1536, 384]): 
TruncNormalInit: a=-2, b=2, mean=0, std=0.02, bias=0.0 
 
2026-05-09 12:14:13,018 - mmcv - INFO - 
backbone.stages.2.5.pointwise_conv1.weight - torch.Size([1536, 384]): 
TruncNormalInit: a=-2, b=2, mean=0, std=0.02, bias=0.0 
 
2026-05-09 12:14:13,019 - mmcv - INFO - 
backbone.stages.2.5.pointwise_conv1.bias - torch.Size([1536]): 
TruncNormalInit: a=-2, b=2, mean=0, std=0.02, bias=0.0 
 
2026-05-09 12:14:13,019 - mmcv - INFO - 
backbone.stages.2.5.pointwise_conv1.bias - torch.Size([1536]): 
TruncNormalInit: a=-2, b=2, mean=0, std=0.02, bias=0.0 
 
2026-05-09 12:14:13,019 - mmcv - INFO - 
backbone.stages.2.5.pointwise_conv2.weight - torch.Size([384, 1536]): 
TruncNormalInit: a=-2, b=2, mean=0, std=0.02, bias=0.0 
 
2026-05-09 12:14:13,019 - mmcv - INFO - 
backbone.stages.2.5.pointwise_conv2.weight - torch.Size([384, 1536]): 
TruncNormalInit: a=-2, b=2, mean=0, std=0.02, bias=0.0 
 
2026-05-09 12:14:13,019 - mmcv - INFO - 
backbone.stages.2.5.pointwise_conv2.bias - torch.Size([384]): 
TruncNormalInit: a=-2, b=2, mean=0, std=0.02, bias=0.0 
 
2026-05-09 12:14:13,019 - mmcv - INFO - 
backbone.stages.2.5.pointwise_conv2.bias - torch.Size([384]): 
TruncNormalInit: a=-2, b=2, mean=0, std=0.02, bias=0.0 
 
2026-05-09 12:14:13,019 - mmcv - INFO - 
backbone.stages.2.6.gamma - torch.Size([384]): 
The value is the same before and after calling `init_weights` of MixUpClassification  
 
2026-05-09 12:14:13,019 - mmcv - INFO - 
backbone.stages.2.6.gamma - torch.Size([384]): 
The value is the same before and after calling `init_weights` of MixUpClassification  
 
2026-05-09 12:14:13,019 - mmcv - INFO - 
backbone.stages.2.6.depthwise_conv.weight - torch.Size([384, 1, 7, 7]): 
TruncNormalInit: a=-2, b=2, mean=0, std=0.02, bias=0.0 
 
2026-05-09 12:14:13,019 - mmcv - INFO - 
backbone.stages.2.6.depthwise_conv.weight - torch.Size([384, 1, 7, 7]): 
TruncNormalInit: a=-2, b=2, mean=0, std=0.02, bias=0.0 
 
2026-05-09 12:14:13,019 - mmcv - INFO - 
backbone.stages.2.6.depthwise_conv.bias - torch.Size([384]): 
TruncNormalInit: a=-2, b=2, mean=0, std=0.02, bias=0.0 
 
2026-05-09 12:14:13,019 - mmcv - INFO - 
backbone.stages.2.6.depthwise_conv.bias - torch.Size([384]): 
TruncNormalInit: a=-2, b=2, mean=0, std=0.02, bias=0.0 
 
2026-05-09 12:14:13,019 - mmcv - INFO - 
backbone.stages.2.6.norm.weight - torch.Size([384]): 
The value is the same before and after calling `init_weights` of MixUpClassification  
 
2026-05-09 12:14:13,019 - mmcv - INFO - 
backbone.stages.2.6.norm.weight - torch.Size([384]): 
The value is the same before and after calling `init_weights` of MixUpClassification  
 
2026-05-09 12:14:13,019 - mmcv - INFO - 
backbone.stages.2.6.norm.bias - torch.Size([384]): 
The value is the same before and after calling `init_weights` of MixUpClassification  
 
2026-05-09 12:14:13,019 - mmcv - INFO - 
backbone.stages.2.6.norm.bias - torch.Size([384]): 
The value is the same before and after calling `init_weights` of MixUpClassification  
 
2026-05-09 12:14:13,019 - mmcv - INFO - 
backbone.stages.2.6.pointwise_conv1.weight - torch.Size([1536, 384]): 
TruncNormalInit: a=-2, b=2, mean=0, std=0.02, bias=0.0 
 
2026-05-09 12:14:13,019 - mmcv - INFO - 
backbone.stages.2.6.pointwise_conv1.weight - torch.Size([1536, 384]): 
TruncNormalInit: a=-2, b=2, mean=0, std=0.02, bias=0.0 
 
2026-05-09 12:14:13,019 - mmcv - INFO - 
backbone.stages.2.6.pointwise_conv1.bias - torch.Size([1536]): 
TruncNormalInit: a=-2, b=2, mean=0, std=0.02, bias=0.0 
 
2026-05-09 12:14:13,019 - mmcv - INFO - 
backbone.stages.2.6.pointwise_conv1.bias - torch.Size([1536]): 
TruncNormalInit: a=-2, b=2, mean=0, std=0.02, bias=0.0 
 
2026-05-09 12:14:13,019 - mmcv - INFO - 
backbone.stages.2.6.pointwise_conv2.weight - torch.Size([384, 1536]): 
TruncNormalInit: a=-2, b=2, mean=0, std=0.02, bias=0.0 
 
2026-05-09 12:14:13,019 - mmcv - INFO - 
backbone.stages.2.6.pointwise_conv2.weight - torch.Size([384, 1536]): 
TruncNormalInit: a=-2, b=2, mean=0, std=0.02, bias=0.0 
 
2026-05-09 12:14:13,019 - mmcv - INFO - 
backbone.stages.2.6.pointwise_conv2.bias - torch.Size([384]): 
TruncNormalInit: a=-2, b=2, mean=0, std=0.02, bias=0.0 
 
2026-05-09 12:14:13,019 - mmcv - INFO - 
backbone.stages.2.6.pointwise_conv2.bias - torch.Size([384]): 
TruncNormalInit: a=-2, b=2, mean=0, std=0.02, bias=0.0 
 
2026-05-09 12:14:13,019 - mmcv - INFO - 
backbone.stages.2.7.gamma - torch.Size([384]): 
The value is the same before and after calling `init_weights` of MixUpClassification  
 
2026-05-09 12:14:13,019 - mmcv - INFO - 
backbone.stages.2.7.gamma - torch.Size([384]): 
The value is the same before and after calling `init_weights` of MixUpClassification  
 
2026-05-09 12:14:13,019 - mmcv - INFO - 
backbone.stages.2.7.depthwise_conv.weight - torch.Size([384, 1, 7, 7]): 
TruncNormalInit: a=-2, b=2, mean=0, std=0.02, bias=0.0 
 
2026-05-09 12:14:13,019 - mmcv - INFO - 
backbone.stages.2.7.depthwise_conv.weight - torch.Size([384, 1, 7, 7]): 
TruncNormalInit: a=-2, b=2, mean=0, std=0.02, bias=0.0 
 
2026-05-09 12:14:13,019 - mmcv - INFO - 
backbone.stages.2.7.depthwise_conv.bias - torch.Size([384]): 
TruncNormalInit: a=-2, b=2, mean=0, std=0.02, bias=0.0 
 
2026-05-09 12:14:13,019 - mmcv - INFO - 
backbone.stages.2.7.depthwise_conv.bias - torch.Size([384]): 
TruncNormalInit: a=-2, b=2, mean=0, std=0.02, bias=0.0 
 
2026-05-09 12:14:13,019 - mmcv - INFO - 
backbone.stages.2.7.norm.weight - torch.Size([384]): 
The value is the same before and after calling `init_weights` of MixUpClassification  
 
2026-05-09 12:14:13,019 - mmcv - INFO - 
backbone.stages.2.7.norm.weight - torch.Size([384]): 
The value is the same before and after calling `init_weights` of MixUpClassification  
 
2026-05-09 12:14:13,019 - mmcv - INFO - 
backbone.stages.2.7.norm.bias - torch.Size([384]): 
The value is the same before and after calling `init_weights` of MixUpClassification  
 
2026-05-09 12:14:13,019 - mmcv - INFO - 
backbone.stages.2.7.norm.bias - torch.Size([384]): 
The value is the same before and after calling `init_weights` of MixUpClassification  
 
2026-05-09 12:14:13,019 - mmcv - INFO - 
backbone.stages.2.7.pointwise_conv1.weight - torch.Size([1536, 384]): 
TruncNormalInit: a=-2, b=2, mean=0, std=0.02, bias=0.0 
 
2026-05-09 12:14:13,019 - mmcv - INFO - 
backbone.stages.2.7.pointwise_conv1.weight - torch.Size([1536, 384]): 
TruncNormalInit: a=-2, b=2, mean=0, std=0.02, bias=0.0 
 
2026-05-09 12:14:13,019 - mmcv - INFO - 
backbone.stages.2.7.pointwise_conv1.bias - torch.Size([1536]): 
TruncNormalInit: a=-2, b=2, mean=0, std=0.02, bias=0.0 
 
2026-05-09 12:14:13,019 - mmcv - INFO - 
backbone.stages.2.7.pointwise_conv1.bias - torch.Size([1536]): 
TruncNormalInit: a=-2, b=2, mean=0, std=0.02, bias=0.0 
 
2026-05-09 12:14:13,019 - mmcv - INFO - 
backbone.stages.2.7.pointwise_conv2.weight - torch.Size([384, 1536]): 
TruncNormalInit: a=-2, b=2, mean=0, std=0.02, bias=0.0 
 
2026-05-09 12:14:13,019 - mmcv - INFO - 
backbone.stages.2.7.pointwise_conv2.weight - torch.Size([384, 1536]): 
TruncNormalInit: a=-2, b=2, mean=0, std=0.02, bias=0.0 
 
2026-05-09 12:14:13,019 - mmcv - INFO - 
backbone.stages.2.7.pointwise_conv2.bias - torch.Size([384]): 
TruncNormalInit: a=-2, b=2, mean=0, std=0.02, bias=0.0 
 
2026-05-09 12:14:13,019 - mmcv - INFO - 
backbone.stages.2.7.pointwise_conv2.bias - torch.Size([384]): 
TruncNormalInit: a=-2, b=2, mean=0, std=0.02, bias=0.0 
 
2026-05-09 12:14:13,019 - mmcv - INFO - 
backbone.stages.2.8.gamma - torch.Size([384]): 
The value is the same before and after calling `init_weights` of MixUpClassification  
 
2026-05-09 12:14:13,019 - mmcv - INFO - 
backbone.stages.2.8.gamma - torch.Size([384]): 
The value is the same before and after calling `init_weights` of MixUpClassification  
 
2026-05-09 12:14:13,019 - mmcv - INFO - 
backbone.stages.2.8.depthwise_conv.weight - torch.Size([384, 1, 7, 7]): 
TruncNormalInit: a=-2, b=2, mean=0, std=0.02, bias=0.0 
 
2026-05-09 12:14:13,019 - mmcv - INFO - 
backbone.stages.2.8.depthwise_conv.weight - torch.Size([384, 1, 7, 7]): 
TruncNormalInit: a=-2, b=2, mean=0, std=0.02, bias=0.0 
 
2026-05-09 12:14:13,019 - mmcv - INFO - 
backbone.stages.2.8.depthwise_conv.bias - torch.Size([384]): 
TruncNormalInit: a=-2, b=2, mean=0, std=0.02, bias=0.0 
 
2026-05-09 12:14:13,019 - mmcv - INFO - 
backbone.stages.2.8.depthwise_conv.bias - torch.Size([384]): 
TruncNormalInit: a=-2, b=2, mean=0, std=0.02, bias=0.0 
 
2026-05-09 12:14:13,019 - mmcv - INFO - 
backbone.stages.2.8.norm.weight - torch.Size([384]): 
The value is the same before and after calling `init_weights` of MixUpClassification  
 
2026-05-09 12:14:13,019 - mmcv - INFO - 
backbone.stages.2.8.norm.weight - torch.Size([384]): 
The value is the same before and after calling `init_weights` of MixUpClassification  
 
2026-05-09 12:14:13,019 - mmcv - INFO - 
backbone.stages.2.8.norm.bias - torch.Size([384]): 
The value is the same before and after calling `init_weights` of MixUpClassification  
 
2026-05-09 12:14:13,019 - mmcv - INFO - 
backbone.stages.2.8.norm.bias - torch.Size([384]): 
The value is the same before and after calling `init_weights` of MixUpClassification  
 
2026-05-09 12:14:13,019 - mmcv - INFO - 
backbone.stages.2.8.pointwise_conv1.weight - torch.Size([1536, 384]): 
TruncNormalInit: a=-2, b=2, mean=0, std=0.02, bias=0.0 
 
2026-05-09 12:14:13,019 - mmcv - INFO - 
backbone.stages.2.8.pointwise_conv1.weight - torch.Size([1536, 384]): 
TruncNormalInit: a=-2, b=2, mean=0, std=0.02, bias=0.0 
 
2026-05-09 12:14:13,019 - mmcv - INFO - 
backbone.stages.2.8.pointwise_conv1.bias - torch.Size([1536]): 
TruncNormalInit: a=-2, b=2, mean=0, std=0.02, bias=0.0 
 
2026-05-09 12:14:13,019 - mmcv - INFO - 
backbone.stages.2.8.pointwise_conv1.bias - torch.Size([1536]): 
TruncNormalInit: a=-2, b=2, mean=0, std=0.02, bias=0.0 
 
2026-05-09 12:14:13,020 - mmcv - INFO - 
backbone.stages.2.8.pointwise_conv2.weight - torch.Size([384, 1536]): 
TruncNormalInit: a=-2, b=2, mean=0, std=0.02, bias=0.0 
 
2026-05-09 12:14:13,020 - mmcv - INFO - 
backbone.stages.2.8.pointwise_conv2.weight - torch.Size([384, 1536]): 
TruncNormalInit: a=-2, b=2, mean=0, std=0.02, bias=0.0 
 
2026-05-09 12:14:13,020 - mmcv - INFO - 
backbone.stages.2.8.pointwise_conv2.bias - torch.Size([384]): 
TruncNormalInit: a=-2, b=2, mean=0, std=0.02, bias=0.0 
 
2026-05-09 12:14:13,020 - mmcv - INFO - 
backbone.stages.2.8.pointwise_conv2.bias - torch.Size([384]): 
TruncNormalInit: a=-2, b=2, mean=0, std=0.02, bias=0.0 
 
2026-05-09 12:14:13,020 - mmcv - INFO - 
backbone.stages.3.0.gamma - torch.Size([768]): 
The value is the same before and after calling `init_weights` of MixUpClassification  
 
2026-05-09 12:14:13,020 - mmcv - INFO - 
backbone.stages.3.0.gamma - torch.Size([768]): 
The value is the same before and after calling `init_weights` of MixUpClassification  
 
2026-05-09 12:14:13,020 - mmcv - INFO - 
backbone.stages.3.0.depthwise_conv.weight - torch.Size([768, 1, 7, 7]): 
TruncNormalInit: a=-2, b=2, mean=0, std=0.02, bias=0.0 
 
2026-05-09 12:14:13,020 - mmcv - INFO - 
backbone.stages.3.0.depthwise_conv.weight - torch.Size([768, 1, 7, 7]): 
TruncNormalInit: a=-2, b=2, mean=0, std=0.02, bias=0.0 
 
2026-05-09 12:14:13,020 - mmcv - INFO - 
backbone.stages.3.0.depthwise_conv.bias - torch.Size([768]): 
TruncNormalInit: a=-2, b=2, mean=0, std=0.02, bias=0.0 
 
2026-05-09 12:14:13,020 - mmcv - INFO - 
backbone.stages.3.0.depthwise_conv.bias - torch.Size([768]): 
TruncNormalInit: a=-2, b=2, mean=0, std=0.02, bias=0.0 
 
2026-05-09 12:14:13,020 - mmcv - INFO - 
backbone.stages.3.0.norm.weight - torch.Size([768]): 
The value is the same before and after calling `init_weights` of MixUpClassification  
 
2026-05-09 12:14:13,020 - mmcv - INFO - 
backbone.stages.3.0.norm.weight - torch.Size([768]): 
The value is the same before and after calling `init_weights` of MixUpClassification  
 
2026-05-09 12:14:13,020 - mmcv - INFO - 
backbone.stages.3.0.norm.bias - torch.Size([768]): 
The value is the same before and after calling `init_weights` of MixUpClassification  
 
2026-05-09 12:14:13,020 - mmcv - INFO - 
backbone.stages.3.0.norm.bias - torch.Size([768]): 
The value is the same before and after calling `init_weights` of MixUpClassification  
 
2026-05-09 12:14:13,020 - mmcv - INFO - 
backbone.stages.3.0.pointwise_conv1.weight - torch.Size([3072, 768]): 
TruncNormalInit: a=-2, b=2, mean=0, std=0.02, bias=0.0 
 
2026-05-09 12:14:13,020 - mmcv - INFO - 
backbone.stages.3.0.pointwise_conv1.weight - torch.Size([3072, 768]): 
TruncNormalInit: a=-2, b=2, mean=0, std=0.02, bias=0.0 
 
2026-05-09 12:14:13,020 - mmcv - INFO - 
backbone.stages.3.0.pointwise_conv1.bias - torch.Size([3072]): 
TruncNormalInit: a=-2, b=2, mean=0, std=0.02, bias=0.0 
 
2026-05-09 12:14:13,020 - mmcv - INFO - 
backbone.stages.3.0.pointwise_conv1.bias - torch.Size([3072]): 
TruncNormalInit: a=-2, b=2, mean=0, std=0.02, bias=0.0 
 
2026-05-09 12:14:13,020 - mmcv - INFO - 
backbone.stages.3.0.pointwise_conv2.weight - torch.Size([768, 3072]): 
TruncNormalInit: a=-2, b=2, mean=0, std=0.02, bias=0.0 
 
2026-05-09 12:14:13,020 - mmcv - INFO - 
backbone.stages.3.0.pointwise_conv2.weight - torch.Size([768, 3072]): 
TruncNormalInit: a=-2, b=2, mean=0, std=0.02, bias=0.0 
 
2026-05-09 12:14:13,020 - mmcv - INFO - 
backbone.stages.3.0.pointwise_conv2.bias - torch.Size([768]): 
TruncNormalInit: a=-2, b=2, mean=0, std=0.02, bias=0.0 
 
2026-05-09 12:14:13,020 - mmcv - INFO - 
backbone.stages.3.0.pointwise_conv2.bias - torch.Size([768]): 
TruncNormalInit: a=-2, b=2, mean=0, std=0.02, bias=0.0 
 
2026-05-09 12:14:13,020 - mmcv - INFO - 
backbone.stages.3.1.gamma - torch.Size([768]): 
The value is the same before and after calling `init_weights` of MixUpClassification  
 
2026-05-09 12:14:13,020 - mmcv - INFO - 
backbone.stages.3.1.gamma - torch.Size([768]): 
The value is the same before and after calling `init_weights` of MixUpClassification  
 
2026-05-09 12:14:13,020 - mmcv - INFO - 
backbone.stages.3.1.depthwise_conv.weight - torch.Size([768, 1, 7, 7]): 
TruncNormalInit: a=-2, b=2, mean=0, std=0.02, bias=0.0 
 
2026-05-09 12:14:13,020 - mmcv - INFO - 
backbone.stages.3.1.depthwise_conv.weight - torch.Size([768, 1, 7, 7]): 
TruncNormalInit: a=-2, b=2, mean=0, std=0.02, bias=0.0 
 
2026-05-09 12:14:13,020 - mmcv - INFO - 
backbone.stages.3.1.depthwise_conv.bias - torch.Size([768]): 
TruncNormalInit: a=-2, b=2, mean=0, std=0.02, bias=0.0 
 
2026-05-09 12:14:13,020 - mmcv - INFO - 
backbone.stages.3.1.depthwise_conv.bias - torch.Size([768]): 
TruncNormalInit: a=-2, b=2, mean=0, std=0.02, bias=0.0 
 
2026-05-09 12:14:13,020 - mmcv - INFO - 
backbone.stages.3.1.norm.weight - torch.Size([768]): 
The value is the same before and after calling `init_weights` of MixUpClassification  
 
2026-05-09 12:14:13,020 - mmcv - INFO - 
backbone.stages.3.1.norm.weight - torch.Size([768]): 
The value is the same before and after calling `init_weights` of MixUpClassification  
 
2026-05-09 12:14:13,020 - mmcv - INFO - 
backbone.stages.3.1.norm.bias - torch.Size([768]): 
The value is the same before and after calling `init_weights` of MixUpClassification  
 
2026-05-09 12:14:13,020 - mmcv - INFO - 
backbone.stages.3.1.norm.bias - torch.Size([768]): 
The value is the same before and after calling `init_weights` of MixUpClassification  
 
2026-05-09 12:14:13,020 - mmcv - INFO - 
backbone.stages.3.1.pointwise_conv1.weight - torch.Size([3072, 768]): 
TruncNormalInit: a=-2, b=2, mean=0, std=0.02, bias=0.0 
 
2026-05-09 12:14:13,020 - mmcv - INFO - 
backbone.stages.3.1.pointwise_conv1.weight - torch.Size([3072, 768]): 
TruncNormalInit: a=-2, b=2, mean=0, std=0.02, bias=0.0 
 
2026-05-09 12:14:13,020 - mmcv - INFO - 
backbone.stages.3.1.pointwise_conv1.bias - torch.Size([3072]): 
TruncNormalInit: a=-2, b=2, mean=0, std=0.02, bias=0.0 
 
2026-05-09 12:14:13,020 - mmcv - INFO - 
backbone.stages.3.1.pointwise_conv1.bias - torch.Size([3072]): 
TruncNormalInit: a=-2, b=2, mean=0, std=0.02, bias=0.0 
 
2026-05-09 12:14:13,020 - mmcv - INFO - 
backbone.stages.3.1.pointwise_conv2.weight - torch.Size([768, 3072]): 
TruncNormalInit: a=-2, b=2, mean=0, std=0.02, bias=0.0 
 
2026-05-09 12:14:13,020 - mmcv - INFO - 
backbone.stages.3.1.pointwise_conv2.weight - torch.Size([768, 3072]): 
TruncNormalInit: a=-2, b=2, mean=0, std=0.02, bias=0.0 
 
2026-05-09 12:14:13,020 - mmcv - INFO - 
backbone.stages.3.1.pointwise_conv2.bias - torch.Size([768]): 
TruncNormalInit: a=-2, b=2, mean=0, std=0.02, bias=0.0 
 
2026-05-09 12:14:13,020 - mmcv - INFO - 
backbone.stages.3.1.pointwise_conv2.bias - torch.Size([768]): 
TruncNormalInit: a=-2, b=2, mean=0, std=0.02, bias=0.0 
 
2026-05-09 12:14:13,020 - mmcv - INFO - 
backbone.stages.3.2.gamma - torch.Size([768]): 
The value is the same before and after calling `init_weights` of MixUpClassification  
 
2026-05-09 12:14:13,020 - mmcv - INFO - 
backbone.stages.3.2.gamma - torch.Size([768]): 
The value is the same before and after calling `init_weights` of MixUpClassification  
 
2026-05-09 12:14:13,020 - mmcv - INFO - 
backbone.stages.3.2.depthwise_conv.weight - torch.Size([768, 1, 7, 7]): 
TruncNormalInit: a=-2, b=2, mean=0, std=0.02, bias=0.0 
 
2026-05-09 12:14:13,020 - mmcv - INFO - 
backbone.stages.3.2.depthwise_conv.weight - torch.Size([768, 1, 7, 7]): 
TruncNormalInit: a=-2, b=2, mean=0, std=0.02, bias=0.0 
 
2026-05-09 12:14:13,020 - mmcv - INFO - 
backbone.stages.3.2.depthwise_conv.bias - torch.Size([768]): 
TruncNormalInit: a=-2, b=2, mean=0, std=0.02, bias=0.0 
 
2026-05-09 12:14:13,020 - mmcv - INFO - 
backbone.stages.3.2.depthwise_conv.bias - torch.Size([768]): 
TruncNormalInit: a=-2, b=2, mean=0, std=0.02, bias=0.0 
 
2026-05-09 12:14:13,020 - mmcv - INFO - 
backbone.stages.3.2.norm.weight - torch.Size([768]): 
The value is the same before and after calling `init_weights` of MixUpClassification  
 
2026-05-09 12:14:13,020 - mmcv - INFO - 
backbone.stages.3.2.norm.weight - torch.Size([768]): 
The value is the same before and after calling `init_weights` of MixUpClassification  
 
2026-05-09 12:14:13,020 - mmcv - INFO - 
backbone.stages.3.2.norm.bias - torch.Size([768]): 
The value is the same before and after calling `init_weights` of MixUpClassification  
 
2026-05-09 12:14:13,020 - mmcv - INFO - 
backbone.stages.3.2.norm.bias - torch.Size([768]): 
The value is the same before and after calling `init_weights` of MixUpClassification  
 
2026-05-09 12:14:13,020 - mmcv - INFO - 
backbone.stages.3.2.pointwise_conv1.weight - torch.Size([3072, 768]): 
TruncNormalInit: a=-2, b=2, mean=0, std=0.02, bias=0.0 
 
2026-05-09 12:14:13,020 - mmcv - INFO - 
backbone.stages.3.2.pointwise_conv1.weight - torch.Size([3072, 768]): 
TruncNormalInit: a=-2, b=2, mean=0, std=0.02, bias=0.0 
 
2026-05-09 12:14:13,020 - mmcv - INFO - 
backbone.stages.3.2.pointwise_conv1.bias - torch.Size([3072]): 
TruncNormalInit: a=-2, b=2, mean=0, std=0.02, bias=0.0 
 
2026-05-09 12:14:13,020 - mmcv - INFO - 
backbone.stages.3.2.pointwise_conv1.bias - torch.Size([3072]): 
TruncNormalInit: a=-2, b=2, mean=0, std=0.02, bias=0.0 
 
2026-05-09 12:14:13,020 - mmcv - INFO - 
backbone.stages.3.2.pointwise_conv2.weight - torch.Size([768, 3072]): 
TruncNormalInit: a=-2, b=2, mean=0, std=0.02, bias=0.0 
 
2026-05-09 12:14:13,020 - mmcv - INFO - 
backbone.stages.3.2.pointwise_conv2.weight - torch.Size([768, 3072]): 
TruncNormalInit: a=-2, b=2, mean=0, std=0.02, bias=0.0 
 
2026-05-09 12:14:13,020 - mmcv - INFO - 
backbone.stages.3.2.pointwise_conv2.bias - torch.Size([768]): 
TruncNormalInit: a=-2, b=2, mean=0, std=0.02, bias=0.0 
 
2026-05-09 12:14:13,020 - mmcv - INFO - 
backbone.stages.3.2.pointwise_conv2.bias - torch.Size([768]): 
TruncNormalInit: a=-2, b=2, mean=0, std=0.02, bias=0.0 
 
2026-05-09 12:14:13,021 - mmcv - INFO - 
backbone.norm3.weight - torch.Size([768]): 
The value is the same before and after calling `init_weights` of MixUpClassification  
 
2026-05-09 12:14:13,021 - mmcv - INFO - 
backbone.norm3.weight - torch.Size([768]): 
The value is the same before and after calling `init_weights` of MixUpClassification  
 
2026-05-09 12:14:13,021 - mmcv - INFO - 
backbone.norm3.bias - torch.Size([768]): 
The value is the same before and after calling `init_weights` of MixUpClassification  
 
2026-05-09 12:14:13,021 - mmcv - INFO - 
backbone.norm3.bias - torch.Size([768]): 
The value is the same before and after calling `init_weights` of MixUpClassification  
 
2026-05-09 12:14:13,021 - mmcv - INFO - 
head.fc.weight - torch.Size([100, 768]): 
Initialized by user-defined `init_weights` in ClsMixupHead  
 
2026-05-09 12:14:13,021 - mmcv - INFO - 
head.fc.weight - torch.Size([100, 768]): 
Initialized by user-defined `init_weights` in ClsMixupHead  
 
2026-05-09 12:14:13,021 - mmcv - INFO - 
head.fc.bias - torch.Size([100]): 
TruncNormalInit: a=-2, b=2, mean=0, std=0.02, bias=0.0 
 
2026-05-09 12:14:13,021 - mmcv - INFO - 
head.fc.bias - torch.Size([100]): 
TruncNormalInit: a=-2, b=2, mean=0, std=0.02, bias=0.0 
 
/hkfs/work/workspace/scratch/ma_sagnihot-projects/miniconda3/envs/openmixup/lib/python3.8/site-packages/mmcv/runner/hooks/optimizer.py:238: FutureWarning: `torch.cuda.amp.GradScaler(args...)` is deprecated. Please use `torch.amp.GradScaler('cuda', args...)` instead.
  self.loss_scaler = GradScaler()
2026-05-09 12:14:15,617 - openmixup - INFO - Start running, host: ma_sagnihot@hkn0533.localdomain, work_dir: /hkfs/work/workspace/scratch/ma_sagnihot-projects/openmixup/experiments/cifar100/convnext_tiny/single_color/vanilla_redo/seed_7
2026-05-09 12:14:15,617 - openmixup - INFO - Hooks will be executed in the following order:
before_run:
(VERY_HIGH   ) CosineAnnealingLrUpdaterHook       
(ABOVE_NORMAL) Fp16OptimizerHook                  
(NORMAL      ) CheckpointHook                     
(LOW         ) ValidateHook                       
(VERY_LOW    ) TextLoggerHook                     
 -------------------- 
before_train_epoch:
(VERY_HIGH   ) CosineAnnealingLrUpdaterHook       
(NORMAL      ) DistSamplerSeedHook                
(LOW         ) IterTimerHook                      
(LOW         ) ValidateHook                       
(VERY_LOW    ) TextLoggerHook                     
 -------------------- 
before_train_iter:
(VERY_HIGH   ) CosineAnnealingLrUpdaterHook       
(LOW         ) IterTimerHook                      
(LOW         ) ValidateHook                       
 -------------------- 
after_train_iter:
(ABOVE_NORMAL) Fp16OptimizerHook                  
(NORMAL      ) CheckpointHook                     
(LOW         ) IterTimerHook                      
(LOW         ) ValidateHook                       
(VERY_LOW    ) TextLoggerHook                     
 -------------------- 
after_train_epoch:
(NORMAL      ) CheckpointHook                     
(LOW         ) ValidateHook                       
(VERY_LOW    ) TextLoggerHook                     
 -------------------- 
before_val_epoch:
(NORMAL      ) DistSamplerSeedHook                
(LOW         ) IterTimerHook                      
(VERY_LOW    ) TextLoggerHook                     
 -------------------- 
before_val_iter:
(LOW         ) IterTimerHook                      
 -------------------- 
after_val_iter:
(LOW         ) IterTimerHook                      
 -------------------- 
after_val_epoch:
(VERY_LOW    ) TextLoggerHook                     
 -------------------- 
after_run:
(VERY_LOW    ) TextLoggerHook                     
 -------------------- 
2026-05-09 12:14:15,617 - openmixup - INFO - workflow: [('train', 1)], max: 200 epochs
2026-05-09 12:14:15,618 - openmixup - INFO - Checkpoints will be saved to /hkfs/work/workspace/scratch/ma_sagnihot-projects/openmixup/experiments/cifar100/convnext_tiny/single_color/vanilla_redo/seed_7 by HardDiskBackend.
/hkfs/work/workspace/scratch/ma_sagnihot-projects/miniconda3/envs/openmixup/lib/python3.8/site-packages/mmcv/runner/fp16_utils.py:148: FutureWarning: `torch.cuda.amp.autocast(args...)` is deprecated. Please use `torch.amp.autocast('cuda', args...)` instead.
  with autocast(enabled=True):
/hkfs/work/workspace/scratch/ma_sagnihot-projects/miniconda3/envs/openmixup/lib/python3.8/site-packages/mmcv/runner/fp16_utils.py:235: FutureWarning: `torch.cuda.amp.autocast(args...)` is deprecated. Please use `torch.amp.autocast('cuda', args...)` instead.
  with autocast(enabled=False):
2026-05-09 12:14:19,973 - mmcv - INFO - Reducer buckets have been rebuilt in this iteration.
2026-05-09 12:14:19,973 - mmcv - INFO - Reducer buckets have been rebuilt in this iteration.
2026-05-09 12:14:25,817 - openmixup - INFO - Epoch [1][50/500]	lr: 4.910e-06, eta: 5:38:14, time: 0.203, data_time: 0.061, memory: 5240, loss: 4.6358, acc: 1.2200
2026-05-09 12:14:31,795 - openmixup - INFO - Epoch [1][100/500]	lr: 9.910e-06, eta: 4:28:34, time: 0.120, data_time: 0.000, memory: 5240, loss: 4.6294, acc: 1.5000
2026-05-09 12:14:37,781 - openmixup - INFO - Epoch [1][150/500]	lr: 1.491e-05, eta: 4:05:22, time: 0.120, data_time: 0.000, memory: 5240, loss: 4.6267, acc: 1.2800
2026-05-09 12:14:43,772 - openmixup - INFO - Epoch [1][200/500]	lr: 1.991e-05, eta: 3:53:45, time: 0.120, data_time: 0.000, memory: 5240, loss: 4.6162, acc: 1.3200
2026-05-09 12:14:49,765 - openmixup - INFO - Epoch [1][250/500]	lr: 2.491e-05, eta: 3:46:45, time: 0.120, data_time: 0.000, memory: 5240, loss: 4.6004, acc: 1.7400
2026-05-09 12:14:55,758 - openmixup - INFO - Epoch [1][300/500]	lr: 2.991e-05, eta: 3:42:04, time: 0.120, data_time: 0.000, memory: 5240, loss: 4.5966, acc: 1.5000
2026-05-09 12:15:01,755 - openmixup - INFO - Epoch [1][350/500]	lr: 3.491e-05, eta: 3:38:42, time: 0.120, data_time: 0.000, memory: 5240, loss: 4.5837, acc: 1.9600
2026-05-09 12:15:07,750 - openmixup - INFO - Epoch [1][400/500]	lr: 3.991e-05, eta: 3:36:08, time: 0.120, data_time: 0.000, memory: 5240, loss: 4.5820, acc: 2.1200
2026-05-09 12:15:13,747 - openmixup - INFO - Epoch [1][450/500]	lr: 4.491e-05, eta: 3:34:08, time: 0.120, data_time: 0.000, memory: 5240, loss: 4.5709, acc: 2.5000
2026-05-09 12:15:19,756 - openmixup - INFO - Exp name: convnext_t_vanilla_bs100_ep200.py
2026-05-09 12:15:19,756 - openmixup - INFO - Epoch [1][500/500]	lr: 4.991e-05, eta: 3:32:33, time: 0.120, data_time: 0.001, memory: 5240, loss: 4.5619, acc: 2.2800
2026-05-09 12:15:21,829 - openmixup - INFO - head0_top1: 3.410
2026-05-09 12:15:21,829 - openmixup - INFO - head0_top5: 12.400
2026-05-09 12:15:22,191 - openmixup - INFO - Now best checkpoint is saved as best_head0_top1_epoch_1.pth.
2026-05-09 12:15:22,191 - openmixup - INFO - Best head0_top1 is 3.4100 at 1 epoch.
2026-05-09 12:15:22,192 - openmixup - INFO - Exp name: convnext_t_vanilla_bs100_ep200.py
2026-05-09 12:15:22,192 - openmixup - INFO - Epoch(val) [1][100]	head0_top1: 3.4100, head0_top5: 12.4000
2026-05-09 12:15:30,373 - openmixup - INFO - Epoch [2][50/500]	lr: 5.491e-05, eta: 3:37:47, time: 0.164, data_time: 0.044, memory: 5240, loss: 4.5590, acc: 2.4200
2026-05-09 12:15:36,353 - openmixup - INFO - Epoch [2][100/500]	lr: 5.990e-05, eta: 3:36:03, time: 0.120, data_time: 0.000, memory: 5240, loss: 4.5467, acc: 2.9200
2026-05-09 12:15:42,330 - openmixup - INFO - Epoch [2][150/500]	lr: 6.490e-05, eta: 3:34:33, time: 0.120, data_time: 0.000, memory: 5240, loss: 4.5342, acc: 3.0000
2026-05-09 12:15:48,309 - openmixup - INFO - Epoch [2][200/500]	lr: 6.990e-05, eta: 3:33:16, time: 0.120, data_time: 0.000, memory: 5240, loss: 4.5119, acc: 3.4200
2026-05-09 12:15:54,292 - openmixup - INFO - Epoch [2][250/500]	lr: 7.490e-05, eta: 3:32:08, time: 0.120, data_time: 0.000, memory: 5240, loss: 4.4760, acc: 3.9400
2026-05-09 12:16:00,271 - openmixup - INFO - Epoch [2][300/500]	lr: 7.990e-05, eta: 3:31:08, time: 0.120, data_time: 0.000, memory: 5240, loss: 4.4618, acc: 3.6600
2026-05-09 12:16:06,248 - openmixup - INFO - Epoch [2][350/500]	lr: 8.489e-05, eta: 3:30:14, time: 0.120, data_time: 0.000, memory: 5240, loss: 4.4060, acc: 4.2200
2026-05-09 12:16:12,222 - openmixup - INFO - Epoch [2][400/500]	lr: 8.989e-05, eta: 3:29:25, time: 0.119, data_time: 0.000, memory: 5240, loss: 4.3741, acc: 5.0600
2026-05-09 12:16:18,199 - openmixup - INFO - Epoch [2][450/500]	lr: 9.489e-05, eta: 3:28:41, time: 0.120, data_time: 0.000, memory: 5240, loss: 4.3446, acc: 5.0400
2026-05-09 12:16:24,186 - openmixup - INFO - Exp name: convnext_t_vanilla_bs100_ep200.py
2026-05-09 12:16:24,186 - openmixup - INFO - Epoch [2][500/500]	lr: 9.988e-05, eta: 3:28:02, time: 0.120, data_time: 0.001, memory: 5240, loss: 4.3193, acc: 5.4200
2026-05-09 12:16:25,993 - openmixup - INFO - head0_top1: 7.960
2026-05-09 12:16:25,993 - openmixup - INFO - head0_top5: 25.410
2026-05-09 12:16:25,994 - openmixup - INFO - The previous best checkpoint /hkfs/work/workspace/scratch/ma_sagnihot-projects/openmixup/experiments/cifar100/convnext_tiny/single_color/vanilla_redo/seed_7/best_head0_top1_epoch_1.pth was removed
2026-05-09 12:16:26,345 - openmixup - INFO - Now best checkpoint is saved as best_head0_top1_epoch_2.pth.
2026-05-09 12:16:26,346 - openmixup - INFO - Best head0_top1 is 7.9600 at 2 epoch.
2026-05-09 12:16:26,346 - openmixup - INFO - Exp name: convnext_t_vanilla_bs100_ep200.py
2026-05-09 12:16:26,346 - openmixup - INFO - Epoch(val) [2][100]	head0_top1: 7.9600, head0_top5: 25.4100
2026-05-09 12:16:34,551 - openmixup - INFO - Epoch [3][50/500]	lr: 1.049e-04, eta: 3:30:54, time: 0.164, data_time: 0.044, memory: 5240, loss: 4.2896, acc: 5.9200
2026-05-09 12:16:40,524 - openmixup - INFO - Epoch [3][100/500]	lr: 1.099e-04, eta: 3:30:10, time: 0.119, data_time: 0.000, memory: 5240, loss: 4.2353, acc: 7.3600
2026-05-09 12:16:46,500 - openmixup - INFO - Epoch [3][150/500]	lr: 1.149e-04, eta: 3:29:29, time: 0.120, data_time: 0.000, memory: 5240, loss: 4.2460, acc: 6.7000
2026-05-09 12:16:52,476 - openmixup - INFO - Epoch [3][200/500]	lr: 1.199e-04, eta: 3:28:51, time: 0.120, data_time: 0.000, memory: 5240, loss: 4.2329, acc: 7.3800
2026-05-09 12:16:58,453 - openmixup - INFO - Epoch [3][250/500]	lr: 1.249e-04, eta: 3:28:16, time: 0.120, data_time: 0.000, memory: 5240, loss: 4.1968, acc: 7.4000
2026-05-09 12:17:04,428 - openmixup - INFO - Epoch [3][300/500]	lr: 1.299e-04, eta: 3:27:43, time: 0.120, data_time: 0.000, memory: 5240, loss: 4.1395, acc: 8.6800
2026-05-09 12:17:10,402 - openmixup - INFO - Epoch [3][350/500]	lr: 1.348e-04, eta: 3:27:12, time: 0.119, data_time: 0.000, memory: 5240, loss: 4.1565, acc: 8.6000
2026-05-09 12:17:16,379 - openmixup - INFO - Epoch [3][400/500]	lr: 1.398e-04, eta: 3:26:43, time: 0.120, data_time: 0.000, memory: 5240, loss: 4.1190, acc: 9.1800
2026-05-09 12:17:22,355 - openmixup - INFO - Epoch [3][450/500]	lr: 1.448e-04, eta: 3:26:15, time: 0.120, data_time: 0.000, memory: 5240, loss: 4.1047, acc: 9.4200
2026-05-09 12:17:28,333 - openmixup - INFO - Exp name: convnext_t_vanilla_bs100_ep200.py
2026-05-09 12:17:28,333 - openmixup - INFO - Epoch [3][500/500]	lr: 1.498e-04, eta: 3:25:49, time: 0.120, data_time: 0.001, memory: 5240, loss: 4.0719, acc: 10.0600
2026-05-09 12:17:30,151 - openmixup - INFO - head0_top1: 12.500
2026-05-09 12:17:30,151 - openmixup - INFO - head0_top5: 35.440
2026-05-09 12:17:30,152 - openmixup - INFO - The previous best checkpoint /hkfs/work/workspace/scratch/ma_sagnihot-projects/openmixup/experiments/cifar100/convnext_tiny/single_color/vanilla_redo/seed_7/best_head0_top1_epoch_2.pth was removed
2026-05-09 12:17:30,504 - openmixup - INFO - Now best checkpoint is saved as best_head0_top1_epoch_3.pth.
2026-05-09 12:17:30,504 - openmixup - INFO - Best head0_top1 is 12.5000 at 3 epoch.
2026-05-09 12:17:30,505 - openmixup - INFO - Exp name: convnext_t_vanilla_bs100_ep200.py
2026-05-09 12:17:30,505 - openmixup - INFO - Epoch(val) [3][100]	head0_top1: 12.5000, head0_top5: 35.4400
2026-05-09 12:17:38,678 - openmixup - INFO - Epoch [4][50/500]	lr: 1.548e-04, eta: 3:27:44, time: 0.163, data_time: 0.044, memory: 5240, loss: 4.0611, acc: 10.5600
2026-05-09 12:17:44,653 - openmixup - INFO - Epoch [4][100/500]	lr: 1.598e-04, eta: 3:27:16, time: 0.119, data_time: 0.000, memory: 5240, loss: 4.0334, acc: 10.7000
2026-05-09 12:17:50,635 - openmixup - INFO - Epoch [4][150/500]	lr: 1.648e-04, eta: 3:26:49, time: 0.120, data_time: 0.001, memory: 5240, loss: 3.9828, acc: 11.5000
2026-05-09 12:17:56,614 - openmixup - INFO - Epoch [4][200/500]	lr: 1.698e-04, eta: 3:26:24, time: 0.120, data_time: 0.000, memory: 5240, loss: 3.9960, acc: 11.1600
2026-05-09 12:18:02,594 - openmixup - INFO - Epoch [4][250/500]	lr: 1.748e-04, eta: 3:25:59, time: 0.120, data_time: 0.000, memory: 5240, loss: 3.9738, acc: 11.2200
2026-05-09 12:18:08,572 - openmixup - INFO - Epoch [4][300/500]	lr: 1.798e-04, eta: 3:25:36, time: 0.120, data_time: 0.000, memory: 5240, loss: 3.9194, acc: 12.9600
2026-05-09 12:18:14,549 - openmixup - INFO - Epoch [4][350/500]	lr: 1.848e-04, eta: 3:25:14, time: 0.120, data_time: 0.000, memory: 5240, loss: 3.9201, acc: 12.9600
2026-05-09 12:18:20,528 - openmixup - INFO - Epoch [4][400/500]	lr: 1.897e-04, eta: 3:24:52, time: 0.120, data_time: 0.000, memory: 5240, loss: 3.8684, acc: 14.1600
2026-05-09 12:18:26,501 - openmixup - INFO - Epoch [4][450/500]	lr: 1.947e-04, eta: 3:24:31, time: 0.119, data_time: 0.000, memory: 5240, loss: 3.8519, acc: 13.8400
2026-05-09 12:18:32,481 - openmixup - INFO - Exp name: convnext_t_vanilla_bs100_ep200.py
2026-05-09 12:18:32,481 - openmixup - INFO - Epoch [4][500/500]	lr: 1.997e-04, eta: 3:24:11, time: 0.120, data_time: 0.001, memory: 5240, loss: 3.8229, acc: 15.4400
2026-05-09 12:18:34,311 - openmixup - INFO - head0_top1: 20.680
2026-05-09 12:18:34,312 - openmixup - INFO - head0_top5: 49.480
2026-05-09 12:18:34,316 - openmixup - INFO - The previous best checkpoint /hkfs/work/workspace/scratch/ma_sagnihot-projects/openmixup/experiments/cifar100/convnext_tiny/single_color/vanilla_redo/seed_7/best_head0_top1_epoch_3.pth was removed
2026-05-09 12:18:34,666 - openmixup - INFO - Now best checkpoint is saved as best_head0_top1_epoch_4.pth.
2026-05-09 12:18:34,666 - openmixup - INFO - Best head0_top1 is 20.6800 at 4 epoch.
2026-05-09 12:18:34,667 - openmixup - INFO - Exp name: convnext_t_vanilla_bs100_ep200.py
2026-05-09 12:18:34,667 - openmixup - INFO - Epoch(val) [4][100]	head0_top1: 20.6800, head0_top5: 49.4800
2026-05-09 12:18:42,870 - openmixup - INFO - Epoch [5][50/500]	lr: 2.047e-04, eta: 3:25:38, time: 0.164, data_time: 0.044, memory: 5240, loss: 3.7779, acc: 16.7200
2026-05-09 12:18:48,855 - openmixup - INFO - Epoch [5][100/500]	lr: 2.097e-04, eta: 3:25:17, time: 0.120, data_time: 0.000, memory: 5240, loss: 3.7581, acc: 16.2800
2026-05-09 12:18:54,840 - openmixup - INFO - Epoch [5][150/500]	lr: 2.147e-04, eta: 3:24:57, time: 0.120, data_time: 0.000, memory: 5240, loss: 3.6952, acc: 18.9400
2026-05-09 12:19:00,827 - openmixup - INFO - Epoch [5][200/500]	lr: 2.196e-04, eta: 3:24:38, time: 0.120, data_time: 0.000, memory: 5240, loss: 3.7216, acc: 16.5800
2026-05-09 12:19:06,814 - openmixup - INFO - Epoch [5][250/500]	lr: 2.246e-04, eta: 3:24:19, time: 0.120, data_time: 0.000, memory: 5240, loss: 3.7066, acc: 16.8600
2026-05-09 12:19:12,802 - openmixup - INFO - Epoch [5][300/500]	lr: 2.296e-04, eta: 3:24:01, time: 0.120, data_time: 0.000, memory: 5240, loss: 3.6483, acc: 18.7400
