/hkfs/work/workspace/scratch/ma_sagnihot-projects/miniconda3/envs/openmixup/lib/python3.8/site-packages/mmcv/__init__.py:20: UserWarning: On January 1, 2023, MMCV will release v2.0.0, in which it will remove components related to the training process and add a data transformation module. In addition, it will rename the package names mmcv to mmcv-lite and mmcv-full to mmcv. See https://github.com/open-mmlab/mmcv/blob/master/docs/en/compatibility.md for more details.
  warnings.warn(
/hkfs/work/workspace/scratch/ma_sagnihot-projects/miniconda3/envs/openmixup/lib/python3.8/site-packages/mmcv/cnn/bricks/transformer.py:33: UserWarning: Fail to import ``MultiScaleDeformableAttention`` from ``mmcv.ops.multi_scale_deform_attn``, You should install ``mmcv-full`` if you need this module. 
  warnings.warn('Fail to import ``MultiScaleDeformableAttention`` from '
/hkfs/work/workspace/scratch/ma_sagnihot-projects/openmixup/openmixup/apis/train.py:23: UserWarning: DeprecationWarning: Nvidia Apex is not installed, using FP16OptimizerHook modified from mmcv.
  warnings.warn('DeprecationWarning: Nvidia Apex is not installed, '
tools/train.py:133: UserWarning: `--gpus` is deprecated because we only support single GPU mode in non-distributed training. Use `gpus=1` now.
  warnings.warn('`--gpus` is deprecated because we only support '
2026-05-09 12:14:08,468 - openmixup - INFO - Environment info:
------------------------------------------------------------
sys.platform: linux
Python: 3.8.20 (default, Oct  3 2024, 15:24:27) [GCC 11.2.0]
CUDA available: True
CUDA_HOME: /software/all/devel/cuda/12.4
NVCC: Build cuda_12.4.r12.4/compiler.34097967_0
GPU 0: NVIDIA A100-SXM4-40GB
GCC: gcc (GCC) 11.4.1 20231218 (Red Hat 11.4.1-4)
PyTorch: 2.4.1+cu121
PyTorch compiling details: PyTorch built with:
  - GCC 9.3
  - C++ Version: 201703
  - Intel(R) oneAPI Math Kernel Library Version 2023.1-Product Build 20230303 for Intel(R) 64 architecture applications
  - Intel(R) MKL-DNN v3.4.2 (Git Hash 1137e04ec0b5251ca2b4400a4fd3c667ce843d67)
  - OpenMP 201511 (a.k.a. OpenMP 4.5)
  - LAPACK is enabled (usually provided by MKL)
  - NNPACK is enabled
  - CPU capability usage: AVX512
  - CUDA Runtime 12.1
  - NVCC architecture flags: -gencode;arch=compute_50,code=sm_50;-gencode;arch=compute_60,code=sm_60;-gencode;arch=compute_70,code=sm_70;-gencode;arch=compute_75,code=sm_75;-gencode;arch=compute_80,code=sm_80;-gencode;arch=compute_86,code=sm_86;-gencode;arch=compute_90,code=sm_90
  - CuDNN 90.5.1  (built against CUDA 12.6)
    - Built with CuDNN 90.1
  - Magma 2.6.1
  - Build settings: BLAS_INFO=mkl, BUILD_TYPE=Release, CUDA_VERSION=12.1, CUDNN_VERSION=9.1.0, CXX_COMPILER=/opt/rh/devtoolset-9/root/usr/bin/c++, CXX_FLAGS= -D_GLIBCXX_USE_CXX11_ABI=0 -fabi-version=11 -fvisibility-inlines-hidden -DUSE_PTHREADPOOL -DNDEBUG -DUSE_KINETO -DLIBKINETO_NOROCTRACER -DUSE_FBGEMM -DUSE_PYTORCH_QNNPACK -DUSE_XNNPACK -DSYMBOLICATE_MOBILE_DEBUG_HANDLE -O2 -fPIC -Wall -Wextra -Werror=return-type -Werror=non-virtual-dtor -Werror=bool-operation -Wnarrowing -Wno-missing-field-initializers -Wno-type-limits -Wno-array-bounds -Wno-unknown-pragmas -Wno-unused-parameter -Wno-unused-function -Wno-unused-result -Wno-strict-overflow -Wno-strict-aliasing -Wno-stringop-overflow -Wsuggest-override -Wno-psabi -Wno-error=pedantic -Wno-error=old-style-cast -Wno-missing-braces -fdiagnostics-color=always -faligned-new -Wno-unused-but-set-variable -Wno-maybe-uninitialized -fno-math-errno -fno-trapping-math -Werror=format -Wno-stringop-overflow, LAPACK_INFO=mkl, PERF_WITH_AVX=1, PERF_WITH_AVX2=1, PERF_WITH_AVX512=1, TORCH_VERSION=2.4.1, USE_CUDA=ON, USE_CUDNN=ON, USE_CUSPARSELT=1, USE_EXCEPTION_PTR=1, USE_GFLAGS=OFF, USE_GLOG=OFF, USE_GLOO=ON, USE_MKL=ON, USE_MKLDNN=ON, USE_MPI=OFF, USE_NCCL=1, USE_NNPACK=ON, USE_OPENMP=ON, USE_ROCM=OFF, USE_ROCM_KERNEL_ASSERT=OFF, 

TorchVision: 0.19.1+cu121
OpenCV: 4.13.0
MMCV: 1.7.2
openmixup: 0.2.10
------------------------------------------------------------

2026-05-09 12:14:08,820 - openmixup - INFO - Distributed training: True
2026-05-09 12:14:09,007 - openmixup - INFO - Config:
fixmatch_augment_policies = [
    dict(type='AutoContrast'),
    dict(
        type='Brightness',
        magnitude_key='magnitude',
        magnitude_range=(0.05, 0.95)),
    dict(
        type='ColorTransform',
        magnitude_key='magnitude',
        magnitude_range=(0.05, 0.95)),
    dict(
        type='Contrast',
        magnitude_key='magnitude',
        magnitude_range=(0.05, 0.95)),
    dict(type='Equalize'),
    dict(type='Identity'),
    dict(type='Posterize', magnitude_key='bits', magnitude_range=(4, 8)),
    dict(type='Rotate', magnitude_key='angle', magnitude_range=(0, 30)),
    dict(
        type='Sharpness',
        magnitude_key='magnitude',
        magnitude_range=(0.05, 0.95)),
    dict(
        type='Shear',
        magnitude_key='magnitude',
        magnitude_range=(0, 0.3),
        direction='horizontal'),
    dict(
        type='Shear',
        magnitude_key='magnitude',
        magnitude_range=(0, 0.3),
        direction='vertical'),
    dict(type='Solarize', magnitude_key='thr', magnitude_range=(256, 0)),
    dict(
        type='Translate',
        magnitude_key='magnitude',
        magnitude_range=(0, 0.3),
        direction='horizontal'),
    dict(
        type='Translate',
        magnitude_key='magnitude',
        magnitude_range=(0, 0.3),
        direction='vertical')
]
data_source_cfg = dict(type='CIFAR100', root='data/cifar100/')
dataset_type = 'ClassificationDataset'
img_norm_cfg = dict(mean=[0.4914, 0.4822, 0.4465], std=[0.2023, 0.1994, 0.201])
train_pipeline = [
    dict(type='RandomCrop', size=32, padding=4, padding_mode='reflect'),
    dict(type='RandomHorizontalFlip'),
    dict(
        type='RandAugment',
        policies=[
            dict(type='AutoContrast'),
            dict(
                type='Brightness',
                magnitude_key='magnitude',
                magnitude_range=(0.05, 0.95)),
            dict(
                type='ColorTransform',
                magnitude_key='magnitude',
                magnitude_range=(0.05, 0.95)),
            dict(
                type='Contrast',
                magnitude_key='magnitude',
                magnitude_range=(0.05, 0.95)),
            dict(type='Equalize'),
            dict(type='Identity'),
            dict(
                type='Posterize', magnitude_key='bits',
                magnitude_range=(4, 8)),
            dict(
                type='Rotate', magnitude_key='angle', magnitude_range=(0, 30)),
            dict(
                type='Sharpness',
                magnitude_key='magnitude',
                magnitude_range=(0.05, 0.95)),
            dict(
                type='Shear',
                magnitude_key='magnitude',
                magnitude_range=(0, 0.3),
                direction='horizontal'),
            dict(
                type='Shear',
                magnitude_key='magnitude',
                magnitude_range=(0, 0.3),
                direction='vertical'),
            dict(
                type='Solarize', magnitude_key='thr',
                magnitude_range=(256, 0)),
            dict(
                type='Translate',
                magnitude_key='magnitude',
                magnitude_range=(0, 0.3),
                direction='horizontal'),
            dict(
                type='Translate',
                magnitude_key='magnitude',
                magnitude_range=(0, 0.3),
                direction='vertical')
        ],
        num_policies=2,
        total_level=10,
        magnitude_level=7,
        magnitude_std=0.5,
        hparams=dict(pad_val=[114, 123, 125], interpolation='bicubic'))
]
test_pipeline = [
    dict(type='ToTensor'),
    dict(
        type='Normalize',
        mean=[0.4914, 0.4822, 0.4465],
        std=[0.2023, 0.1994, 0.201])
]
prefetch = True
data = dict(
    imgs_per_gpu=100,
    workers_per_gpu=4,
    train=dict(
        type='ClassificationDataset',
        data_source=dict(
            split='train', type='CIFAR100', root='data/cifar100/'),
        pipeline=[
            dict(
                type='RandomCrop', size=32, padding=4, padding_mode='reflect'),
            dict(type='RandomHorizontalFlip'),
            dict(
                type='RandAugment',
                policies=[
                    dict(type='AutoContrast'),
                    dict(
                        type='Brightness',
                        magnitude_key='magnitude',
                        magnitude_range=(0.05, 0.95)),
                    dict(
                        type='ColorTransform',
                        magnitude_key='magnitude',
                        magnitude_range=(0.05, 0.95)),
                    dict(
                        type='Contrast',
                        magnitude_key='magnitude',
                        magnitude_range=(0.05, 0.95)),
                    dict(type='Equalize'),
                    dict(type='Identity'),
                    dict(
                        type='Posterize',
                        magnitude_key='bits',
                        magnitude_range=(4, 8)),
                    dict(
                        type='Rotate',
                        magnitude_key='angle',
                        magnitude_range=(0, 30)),
                    dict(
                        type='Sharpness',
                        magnitude_key='magnitude',
                        magnitude_range=(0.05, 0.95)),
                    dict(
                        type='Shear',
                        magnitude_key='magnitude',
                        magnitude_range=(0, 0.3),
                        direction='horizontal'),
                    dict(
                        type='Shear',
                        magnitude_key='magnitude',
                        magnitude_range=(0, 0.3),
                        direction='vertical'),
                    dict(
                        type='Solarize',
                        magnitude_key='thr',
                        magnitude_range=(256, 0)),
                    dict(
                        type='Translate',
                        magnitude_key='magnitude',
                        magnitude_range=(0, 0.3),
                        direction='horizontal'),
                    dict(
                        type='Translate',
                        magnitude_key='magnitude',
                        magnitude_range=(0, 0.3),
                        direction='vertical')
                ],
                num_policies=2,
                total_level=10,
                magnitude_level=7,
                magnitude_std=0.5,
                hparams=dict(pad_val=[114, 123, 125], interpolation='bicubic'))
        ],
        prefetch=True),
    val=dict(
        type='ClassificationDataset',
        data_source=dict(split='test', type='CIFAR100', root='data/cifar100/'),
        pipeline=[
            dict(type='ToTensor'),
            dict(
                type='Normalize',
                mean=[0.4914, 0.4822, 0.4465],
                std=[0.2023, 0.1994, 0.201])
        ],
        prefetch=False))
evaluation = dict(
    initial=False,
    interval=1,
    imgs_per_gpu=100,
    workers_per_gpu=4,
    eval_param=dict(topk=(1, 5)),
    save_best='auto')
checkpoint_config = dict(interval=10, max_keep_ckpts=1)
train_cfg = dict()
test_cfg = dict()
optimizer_config = dict(update_interval=1, grad_clip=None)
log_config = dict(interval=50, hooks=[dict(type='TextLoggerHook')])
dist_params = dict(backend='nccl')
cudnn_benchmark = True
log_level = 'INFO'
load_from = None
resume_from = None
workflow = [('train', 1)]
persistent_workers = True
use_fp16 = True
fp16 = dict(loss_scale='dynamic', type='mmcv')
find_unused_parameters = False
opencv_num_threads = 0
mp_start_method = 'fork'
model = dict(
    type='MixUpClassification',
    pretrained=None,
    alpha=1.0,
    mix_mode='vanilla',
    mix_args=dict(
        alignmix=dict(eps=0.1, max_iter=100),
        attentivemix=dict(grid_size=32, top_k=None, beta=8),
        automix=dict(mask_adjust=0, lam_margin=0),
        fmix=dict(
            decay_power=3, size=(32, 32), max_soft=0.0, reformulate=False),
        gridmix=dict(
            n_holes=(2, 6),
            hole_aspect_ratio=1.0,
            cut_area_ratio=(0.5, 1),
            cut_aspect_ratio=(0.5, 2)),
        manifoldmix=dict(layer=(0, 3)),
        puzzlemix=dict(
            transport=True,
            t_batch_size=None,
            t_size=4,
            block_num=5,
            beta=1.2,
            gamma=0.5,
            eta=0.2,
            neigh_size=4,
            n_labels=3,
            t_eps=0.8),
        resizemix=dict(
            scope=(0.1, 0.8), use_alpha=True, interpolate_mode='bilinear'),
        samix=dict(mask_adjust=0, lam_margin=0.08),
        transmix=dict(mix_mode='cutmix')),
    backbone=dict(
        type='ConvNeXt_CIFAR',
        arch='tiny',
        out_indices=(3, ),
        act_cfg=dict(type='GELU'),
        drop_path_rate=0.3,
        gap_before_final_norm=True),
    head=dict(
        type='ClsMixupHead',
        loss=dict(
            type='LabelSmoothLoss',
            label_smooth_val=0.1,
            num_classes=100,
            mode='original',
            loss_weight=1.0),
        with_avg_pool=False,
        in_channels=768,
        num_classes=100),
    init_cfg=[
        dict(type='TruncNormal', layer='Linear', std=0.02, bias=0.0),
        dict(
            type='Constant',
            layer=['LayerNorm', 'BatchNorm'],
            val=1.0,
            bias=0.0)
    ])
optimizer = dict(
    type='AdamW',
    lr=0.001,
    weight_decay=0.05,
    eps=1e-08,
    betas=(0.9, 0.999),
    paramwise_options=dict({
        '(bn|ln|gn)(\d+)?.(weight|bias)':
        dict(weight_decay=0.0),
        'norm':
        dict(weight_decay=0.0),
        'bias':
        dict(weight_decay=0.0),
        'gamma':
        dict(weight_decay=0.0)
    }))
update_interval = 1
lr_config = dict(
    policy='CosineAnnealing',
    by_epoch=False,
    min_lr=1e-06,
    warmup='linear',
    warmup_iters=20,
    warmup_by_epoch=True,
    warmup_ratio=1e-05)
runner = dict(type='EpochBasedRunner', max_epochs=200)
work_dir = 'experiments/cifar100/convnext_tiny/none/vanilla_redo/seed_25'
auto_resume = False
gpu_ids = range(0, 1)

2026-05-09 12:14:09,009 - openmixup - INFO - Set random seed to 25, deterministic: False
2026-05-09 12:14:09,178 - mmcv - INFO - initialize MixUpClassification with init_cfg [{'type': 'TruncNormal', 'layer': 'Linear', 'std': 0.02, 'bias': 0.0}, {'type': 'Constant', 'layer': ['LayerNorm', 'BatchNorm'], 'val': 1.0, 'bias': 0.0}]
2026-05-09 12:14:09,178 - mmcv - INFO - initialize MixUpClassification with init_cfg [{'type': 'TruncNormal', 'layer': 'Linear', 'std': 0.02, 'bias': 0.0}, {'type': 'Constant', 'layer': ['LayerNorm', 'BatchNorm'], 'val': 1.0, 'bias': 0.0}]
2026-05-09 12:14:09,370 - mmcv - INFO - initialize ConvNeXt_CIFAR with init_cfg [{'type': 'TruncNormal', 'layer': ['Conv2d', 'Linear'], 'std': 0.02, 'bias': 0.0}, {'type': 'Constant', 'layer': ['LayerNorm'], 'val': 1.0, 'bias': 0.0}]
2026-05-09 12:14:09,370 - mmcv - INFO - initialize ConvNeXt_CIFAR with init_cfg [{'type': 'TruncNormal', 'layer': ['Conv2d', 'Linear'], 'std': 0.02, 'bias': 0.0}, {'type': 'Constant', 'layer': ['LayerNorm'], 'val': 1.0, 'bias': 0.0}]
2026-05-09 12:14:09,593 - mmcv - INFO - 
backbone.downsample_layers.0.0.weight - torch.Size([96, 3, 3, 3]): 
TruncNormalInit: a=-2, b=2, mean=0, std=0.02, bias=0.0 
 
2026-05-09 12:14:09,593 - mmcv - INFO - 
backbone.downsample_layers.0.0.weight - torch.Size([96, 3, 3, 3]): 
TruncNormalInit: a=-2, b=2, mean=0, std=0.02, bias=0.0 
 
2026-05-09 12:14:09,594 - mmcv - INFO - 
backbone.downsample_layers.0.0.bias - torch.Size([96]): 
TruncNormalInit: a=-2, b=2, mean=0, std=0.02, bias=0.0 
 
2026-05-09 12:14:09,594 - mmcv - INFO - 
backbone.downsample_layers.0.0.bias - torch.Size([96]): 
TruncNormalInit: a=-2, b=2, mean=0, std=0.02, bias=0.0 
 
2026-05-09 12:14:09,594 - mmcv - INFO - 
backbone.downsample_layers.0.1.weight - torch.Size([96]): 
The value is the same before and after calling `init_weights` of MixUpClassification  
 
2026-05-09 12:14:09,594 - mmcv - INFO - 
backbone.downsample_layers.0.1.weight - torch.Size([96]): 
The value is the same before and after calling `init_weights` of MixUpClassification  
 
2026-05-09 12:14:09,594 - mmcv - INFO - 
backbone.downsample_layers.0.1.bias - torch.Size([96]): 
The value is the same before and after calling `init_weights` of MixUpClassification  
 
2026-05-09 12:14:09,594 - mmcv - INFO - 
backbone.downsample_layers.0.1.bias - torch.Size([96]): 
The value is the same before and after calling `init_weights` of MixUpClassification  
 
2026-05-09 12:14:09,594 - mmcv - INFO - 
backbone.downsample_layers.1.0.weight - torch.Size([96]): 
The value is the same before and after calling `init_weights` of MixUpClassification  
 
2026-05-09 12:14:09,594 - mmcv - INFO - 
backbone.downsample_layers.1.0.weight - torch.Size([96]): 
The value is the same before and after calling `init_weights` of MixUpClassification  
 
2026-05-09 12:14:09,594 - mmcv - INFO - 
backbone.downsample_layers.1.0.bias - torch.Size([96]): 
The value is the same before and after calling `init_weights` of MixUpClassification  
 
2026-05-09 12:14:09,594 - mmcv - INFO - 
backbone.downsample_layers.1.0.bias - torch.Size([96]): 
The value is the same before and after calling `init_weights` of MixUpClassification  
 
2026-05-09 12:14:09,594 - mmcv - INFO - 
backbone.downsample_layers.1.1.weight - torch.Size([192, 96, 2, 2]): 
TruncNormalInit: a=-2, b=2, mean=0, std=0.02, bias=0.0 
 
2026-05-09 12:14:09,594 - mmcv - INFO - 
backbone.downsample_layers.1.1.weight - torch.Size([192, 96, 2, 2]): 
TruncNormalInit: a=-2, b=2, mean=0, std=0.02, bias=0.0 
 
2026-05-09 12:14:09,594 - mmcv - INFO - 
backbone.downsample_layers.1.1.bias - torch.Size([192]): 
TruncNormalInit: a=-2, b=2, mean=0, std=0.02, bias=0.0 
 
2026-05-09 12:14:09,594 - mmcv - INFO - 
backbone.downsample_layers.1.1.bias - torch.Size([192]): 
TruncNormalInit: a=-2, b=2, mean=0, std=0.02, bias=0.0 
 
2026-05-09 12:14:09,594 - mmcv - INFO - 
backbone.downsample_layers.2.0.weight - torch.Size([192]): 
The value is the same before and after calling `init_weights` of MixUpClassification  
 
2026-05-09 12:14:09,594 - mmcv - INFO - 
backbone.downsample_layers.2.0.weight - torch.Size([192]): 
The value is the same before and after calling `init_weights` of MixUpClassification  
 
2026-05-09 12:14:09,594 - mmcv - INFO - 
backbone.downsample_layers.2.0.bias - torch.Size([192]): 
The value is the same before and after calling `init_weights` of MixUpClassification  
 
2026-05-09 12:14:09,594 - mmcv - INFO - 
backbone.downsample_layers.2.0.bias - torch.Size([192]): 
The value is the same before and after calling `init_weights` of MixUpClassification  
 
2026-05-09 12:14:09,594 - mmcv - INFO - 
backbone.downsample_layers.2.1.weight - torch.Size([384, 192, 2, 2]): 
TruncNormalInit: a=-2, b=2, mean=0, std=0.02, bias=0.0 
 
2026-05-09 12:14:09,594 - mmcv - INFO - 
backbone.downsample_layers.2.1.weight - torch.Size([384, 192, 2, 2]): 
TruncNormalInit: a=-2, b=2, mean=0, std=0.02, bias=0.0 
 
2026-05-09 12:14:09,594 - mmcv - INFO - 
backbone.downsample_layers.2.1.bias - torch.Size([384]): 
TruncNormalInit: a=-2, b=2, mean=0, std=0.02, bias=0.0 
 
2026-05-09 12:14:09,594 - mmcv - INFO - 
backbone.downsample_layers.2.1.bias - torch.Size([384]): 
TruncNormalInit: a=-2, b=2, mean=0, std=0.02, bias=0.0 
 
2026-05-09 12:14:09,594 - mmcv - INFO - 
backbone.downsample_layers.3.0.weight - torch.Size([384]): 
The value is the same before and after calling `init_weights` of MixUpClassification  
 
2026-05-09 12:14:09,594 - mmcv - INFO - 
backbone.downsample_layers.3.0.weight - torch.Size([384]): 
The value is the same before and after calling `init_weights` of MixUpClassification  
 
2026-05-09 12:14:09,594 - mmcv - INFO - 
backbone.downsample_layers.3.0.bias - torch.Size([384]): 
The value is the same before and after calling `init_weights` of MixUpClassification  
 
2026-05-09 12:14:09,594 - mmcv - INFO - 
backbone.downsample_layers.3.0.bias - torch.Size([384]): 
The value is the same before and after calling `init_weights` of MixUpClassification  
 
2026-05-09 12:14:09,594 - mmcv - INFO - 
backbone.downsample_layers.3.1.weight - torch.Size([768, 384, 2, 2]): 
TruncNormalInit: a=-2, b=2, mean=0, std=0.02, bias=0.0 
 
2026-05-09 12:14:09,594 - mmcv - INFO - 
backbone.downsample_layers.3.1.weight - torch.Size([768, 384, 2, 2]): 
TruncNormalInit: a=-2, b=2, mean=0, std=0.02, bias=0.0 
 
2026-05-09 12:14:09,594 - mmcv - INFO - 
backbone.downsample_layers.3.1.bias - torch.Size([768]): 
TruncNormalInit: a=-2, b=2, mean=0, std=0.02, bias=0.0 
 
2026-05-09 12:14:09,594 - mmcv - INFO - 
backbone.downsample_layers.3.1.bias - torch.Size([768]): 
TruncNormalInit: a=-2, b=2, mean=0, std=0.02, bias=0.0 
 
2026-05-09 12:14:09,594 - mmcv - INFO - 
backbone.stages.0.0.gamma - torch.Size([96]): 
The value is the same before and after calling `init_weights` of MixUpClassification  
 
2026-05-09 12:14:09,594 - mmcv - INFO - 
backbone.stages.0.0.gamma - torch.Size([96]): 
The value is the same before and after calling `init_weights` of MixUpClassification  
 
2026-05-09 12:14:09,594 - mmcv - INFO - 
backbone.stages.0.0.depthwise_conv.weight - torch.Size([96, 1, 7, 7]): 
TruncNormalInit: a=-2, b=2, mean=0, std=0.02, bias=0.0 
 
2026-05-09 12:14:09,594 - mmcv - INFO - 
backbone.stages.0.0.depthwise_conv.weight - torch.Size([96, 1, 7, 7]): 
TruncNormalInit: a=-2, b=2, mean=0, std=0.02, bias=0.0 
 
2026-05-09 12:14:09,594 - mmcv - INFO - 
backbone.stages.0.0.depthwise_conv.bias - torch.Size([96]): 
TruncNormalInit: a=-2, b=2, mean=0, std=0.02, bias=0.0 
 
2026-05-09 12:14:09,594 - mmcv - INFO - 
backbone.stages.0.0.depthwise_conv.bias - torch.Size([96]): 
TruncNormalInit: a=-2, b=2, mean=0, std=0.02, bias=0.0 
 
2026-05-09 12:14:09,594 - mmcv - INFO - 
backbone.stages.0.0.norm.weight - torch.Size([96]): 
The value is the same before and after calling `init_weights` of MixUpClassification  
 
2026-05-09 12:14:09,594 - mmcv - INFO - 
backbone.stages.0.0.norm.weight - torch.Size([96]): 
The value is the same before and after calling `init_weights` of MixUpClassification  
 
2026-05-09 12:14:09,594 - mmcv - INFO - 
backbone.stages.0.0.norm.bias - torch.Size([96]): 
The value is the same before and after calling `init_weights` of MixUpClassification  
 
2026-05-09 12:14:09,594 - mmcv - INFO - 
backbone.stages.0.0.norm.bias - torch.Size([96]): 
The value is the same before and after calling `init_weights` of MixUpClassification  
 
2026-05-09 12:14:09,594 - mmcv - INFO - 
backbone.stages.0.0.pointwise_conv1.weight - torch.Size([384, 96]): 
TruncNormalInit: a=-2, b=2, mean=0, std=0.02, bias=0.0 
 
2026-05-09 12:14:09,594 - mmcv - INFO - 
backbone.stages.0.0.pointwise_conv1.weight - torch.Size([384, 96]): 
TruncNormalInit: a=-2, b=2, mean=0, std=0.02, bias=0.0 
 
2026-05-09 12:14:09,594 - mmcv - INFO - 
backbone.stages.0.0.pointwise_conv1.bias - torch.Size([384]): 
TruncNormalInit: a=-2, b=2, mean=0, std=0.02, bias=0.0 
 
2026-05-09 12:14:09,594 - mmcv - INFO - 
backbone.stages.0.0.pointwise_conv1.bias - torch.Size([384]): 
TruncNormalInit: a=-2, b=2, mean=0, std=0.02, bias=0.0 
 
2026-05-09 12:14:09,594 - mmcv - INFO - 
backbone.stages.0.0.pointwise_conv2.weight - torch.Size([96, 384]): 
TruncNormalInit: a=-2, b=2, mean=0, std=0.02, bias=0.0 
 
2026-05-09 12:14:09,594 - mmcv - INFO - 
backbone.stages.0.0.pointwise_conv2.weight - torch.Size([96, 384]): 
TruncNormalInit: a=-2, b=2, mean=0, std=0.02, bias=0.0 
 
2026-05-09 12:14:09,594 - mmcv - INFO - 
backbone.stages.0.0.pointwise_conv2.bias - torch.Size([96]): 
TruncNormalInit: a=-2, b=2, mean=0, std=0.02, bias=0.0 
 
2026-05-09 12:14:09,594 - mmcv - INFO - 
backbone.stages.0.0.pointwise_conv2.bias - torch.Size([96]): 
TruncNormalInit: a=-2, b=2, mean=0, std=0.02, bias=0.0 
 
2026-05-09 12:14:09,594 - mmcv - INFO - 
backbone.stages.0.1.gamma - torch.Size([96]): 
The value is the same before and after calling `init_weights` of MixUpClassification  
 
2026-05-09 12:14:09,594 - mmcv - INFO - 
backbone.stages.0.1.gamma - torch.Size([96]): 
The value is the same before and after calling `init_weights` of MixUpClassification  
 
2026-05-09 12:14:09,594 - mmcv - INFO - 
backbone.stages.0.1.depthwise_conv.weight - torch.Size([96, 1, 7, 7]): 
TruncNormalInit: a=-2, b=2, mean=0, std=0.02, bias=0.0 
 
2026-05-09 12:14:09,594 - mmcv - INFO - 
backbone.stages.0.1.depthwise_conv.weight - torch.Size([96, 1, 7, 7]): 
TruncNormalInit: a=-2, b=2, mean=0, std=0.02, bias=0.0 
 
2026-05-09 12:14:09,594 - mmcv - INFO - 
backbone.stages.0.1.depthwise_conv.bias - torch.Size([96]): 
TruncNormalInit: a=-2, b=2, mean=0, std=0.02, bias=0.0 
 
2026-05-09 12:14:09,594 - mmcv - INFO - 
backbone.stages.0.1.depthwise_conv.bias - torch.Size([96]): 
TruncNormalInit: a=-2, b=2, mean=0, std=0.02, bias=0.0 
 
2026-05-09 12:14:09,594 - mmcv - INFO - 
backbone.stages.0.1.norm.weight - torch.Size([96]): 
The value is the same before and after calling `init_weights` of MixUpClassification  
 
2026-05-09 12:14:09,594 - mmcv - INFO - 
backbone.stages.0.1.norm.weight - torch.Size([96]): 
The value is the same before and after calling `init_weights` of MixUpClassification  
 
2026-05-09 12:14:09,595 - mmcv - INFO - 
backbone.stages.0.1.norm.bias - torch.Size([96]): 
The value is the same before and after calling `init_weights` of MixUpClassification  
 
2026-05-09 12:14:09,595 - mmcv - INFO - 
backbone.stages.0.1.norm.bias - torch.Size([96]): 
The value is the same before and after calling `init_weights` of MixUpClassification  
 
2026-05-09 12:14:09,595 - mmcv - INFO - 
backbone.stages.0.1.pointwise_conv1.weight - torch.Size([384, 96]): 
TruncNormalInit: a=-2, b=2, mean=0, std=0.02, bias=0.0 
 
2026-05-09 12:14:09,595 - mmcv - INFO - 
backbone.stages.0.1.pointwise_conv1.weight - torch.Size([384, 96]): 
TruncNormalInit: a=-2, b=2, mean=0, std=0.02, bias=0.0 
 
2026-05-09 12:14:09,595 - mmcv - INFO - 
backbone.stages.0.1.pointwise_conv1.bias - torch.Size([384]): 
TruncNormalInit: a=-2, b=2, mean=0, std=0.02, bias=0.0 
 
2026-05-09 12:14:09,595 - mmcv - INFO - 
backbone.stages.0.1.pointwise_conv1.bias - torch.Size([384]): 
TruncNormalInit: a=-2, b=2, mean=0, std=0.02, bias=0.0 
 
2026-05-09 12:14:09,595 - mmcv - INFO - 
backbone.stages.0.1.pointwise_conv2.weight - torch.Size([96, 384]): 
TruncNormalInit: a=-2, b=2, mean=0, std=0.02, bias=0.0 
 
2026-05-09 12:14:09,595 - mmcv - INFO - 
backbone.stages.0.1.pointwise_conv2.weight - torch.Size([96, 384]): 
TruncNormalInit: a=-2, b=2, mean=0, std=0.02, bias=0.0 
 
2026-05-09 12:14:09,595 - mmcv - INFO - 
backbone.stages.0.1.pointwise_conv2.bias - torch.Size([96]): 
TruncNormalInit: a=-2, b=2, mean=0, std=0.02, bias=0.0 
 
2026-05-09 12:14:09,595 - mmcv - INFO - 
backbone.stages.0.1.pointwise_conv2.bias - torch.Size([96]): 
TruncNormalInit: a=-2, b=2, mean=0, std=0.02, bias=0.0 
 
2026-05-09 12:14:09,595 - mmcv - INFO - 
backbone.stages.0.2.gamma - torch.Size([96]): 
The value is the same before and after calling `init_weights` of MixUpClassification  
 
2026-05-09 12:14:09,595 - mmcv - INFO - 
backbone.stages.0.2.gamma - torch.Size([96]): 
The value is the same before and after calling `init_weights` of MixUpClassification  
 
2026-05-09 12:14:09,595 - mmcv - INFO - 
backbone.stages.0.2.depthwise_conv.weight - torch.Size([96, 1, 7, 7]): 
TruncNormalInit: a=-2, b=2, mean=0, std=0.02, bias=0.0 
 
2026-05-09 12:14:09,595 - mmcv - INFO - 
backbone.stages.0.2.depthwise_conv.weight - torch.Size([96, 1, 7, 7]): 
TruncNormalInit: a=-2, b=2, mean=0, std=0.02, bias=0.0 
 
2026-05-09 12:14:09,595 - mmcv - INFO - 
backbone.stages.0.2.depthwise_conv.bias - torch.Size([96]): 
TruncNormalInit: a=-2, b=2, mean=0, std=0.02, bias=0.0 
 
2026-05-09 12:14:09,595 - mmcv - INFO - 
backbone.stages.0.2.depthwise_conv.bias - torch.Size([96]): 
TruncNormalInit: a=-2, b=2, mean=0, std=0.02, bias=0.0 
 
2026-05-09 12:14:09,595 - mmcv - INFO - 
backbone.stages.0.2.norm.weight - torch.Size([96]): 
The value is the same before and after calling `init_weights` of MixUpClassification  
 
2026-05-09 12:14:09,595 - mmcv - INFO - 
backbone.stages.0.2.norm.weight - torch.Size([96]): 
The value is the same before and after calling `init_weights` of MixUpClassification  
 
2026-05-09 12:14:09,595 - mmcv - INFO - 
backbone.stages.0.2.norm.bias - torch.Size([96]): 
The value is the same before and after calling `init_weights` of MixUpClassification  
 
2026-05-09 12:14:09,595 - mmcv - INFO - 
backbone.stages.0.2.norm.bias - torch.Size([96]): 
The value is the same before and after calling `init_weights` of MixUpClassification  
 
2026-05-09 12:14:09,595 - mmcv - INFO - 
backbone.stages.0.2.pointwise_conv1.weight - torch.Size([384, 96]): 
TruncNormalInit: a=-2, b=2, mean=0, std=0.02, bias=0.0 
 
2026-05-09 12:14:09,595 - mmcv - INFO - 
backbone.stages.0.2.pointwise_conv1.weight - torch.Size([384, 96]): 
TruncNormalInit: a=-2, b=2, mean=0, std=0.02, bias=0.0 
 
2026-05-09 12:14:09,595 - mmcv - INFO - 
backbone.stages.0.2.pointwise_conv1.bias - torch.Size([384]): 
TruncNormalInit: a=-2, b=2, mean=0, std=0.02, bias=0.0 
 
2026-05-09 12:14:09,595 - mmcv - INFO - 
backbone.stages.0.2.pointwise_conv1.bias - torch.Size([384]): 
TruncNormalInit: a=-2, b=2, mean=0, std=0.02, bias=0.0 
 
2026-05-09 12:14:09,595 - mmcv - INFO - 
backbone.stages.0.2.pointwise_conv2.weight - torch.Size([96, 384]): 
TruncNormalInit: a=-2, b=2, mean=0, std=0.02, bias=0.0 
 
2026-05-09 12:14:09,595 - mmcv - INFO - 
backbone.stages.0.2.pointwise_conv2.weight - torch.Size([96, 384]): 
TruncNormalInit: a=-2, b=2, mean=0, std=0.02, bias=0.0 
 
2026-05-09 12:14:09,595 - mmcv - INFO - 
backbone.stages.0.2.pointwise_conv2.bias - torch.Size([96]): 
TruncNormalInit: a=-2, b=2, mean=0, std=0.02, bias=0.0 
 
2026-05-09 12:14:09,595 - mmcv - INFO - 
backbone.stages.0.2.pointwise_conv2.bias - torch.Size([96]): 
TruncNormalInit: a=-2, b=2, mean=0, std=0.02, bias=0.0 
 
2026-05-09 12:14:09,595 - mmcv - INFO - 
backbone.stages.1.0.gamma - torch.Size([192]): 
The value is the same before and after calling `init_weights` of MixUpClassification  
 
2026-05-09 12:14:09,595 - mmcv - INFO - 
backbone.stages.1.0.gamma - torch.Size([192]): 
The value is the same before and after calling `init_weights` of MixUpClassification  
 
2026-05-09 12:14:09,595 - mmcv - INFO - 
backbone.stages.1.0.depthwise_conv.weight - torch.Size([192, 1, 7, 7]): 
TruncNormalInit: a=-2, b=2, mean=0, std=0.02, bias=0.0 
 
2026-05-09 12:14:09,595 - mmcv - INFO - 
backbone.stages.1.0.depthwise_conv.weight - torch.Size([192, 1, 7, 7]): 
TruncNormalInit: a=-2, b=2, mean=0, std=0.02, bias=0.0 
 
2026-05-09 12:14:09,595 - mmcv - INFO - 
backbone.stages.1.0.depthwise_conv.bias - torch.Size([192]): 
TruncNormalInit: a=-2, b=2, mean=0, std=0.02, bias=0.0 
 
2026-05-09 12:14:09,595 - mmcv - INFO - 
backbone.stages.1.0.depthwise_conv.bias - torch.Size([192]): 
TruncNormalInit: a=-2, b=2, mean=0, std=0.02, bias=0.0 
 
2026-05-09 12:14:09,595 - mmcv - INFO - 
backbone.stages.1.0.norm.weight - torch.Size([192]): 
The value is the same before and after calling `init_weights` of MixUpClassification  
 
2026-05-09 12:14:09,595 - mmcv - INFO - 
backbone.stages.1.0.norm.weight - torch.Size([192]): 
The value is the same before and after calling `init_weights` of MixUpClassification  
 
2026-05-09 12:14:09,595 - mmcv - INFO - 
backbone.stages.1.0.norm.bias - torch.Size([192]): 
The value is the same before and after calling `init_weights` of MixUpClassification  
 
2026-05-09 12:14:09,595 - mmcv - INFO - 
backbone.stages.1.0.norm.bias - torch.Size([192]): 
The value is the same before and after calling `init_weights` of MixUpClassification  
 
2026-05-09 12:14:09,595 - mmcv - INFO - 
backbone.stages.1.0.pointwise_conv1.weight - torch.Size([768, 192]): 
TruncNormalInit: a=-2, b=2, mean=0, std=0.02, bias=0.0 
 
2026-05-09 12:14:09,595 - mmcv - INFO - 
backbone.stages.1.0.pointwise_conv1.weight - torch.Size([768, 192]): 
TruncNormalInit: a=-2, b=2, mean=0, std=0.02, bias=0.0 
 
2026-05-09 12:14:09,595 - mmcv - INFO - 
backbone.stages.1.0.pointwise_conv1.bias - torch.Size([768]): 
TruncNormalInit: a=-2, b=2, mean=0, std=0.02, bias=0.0 
 
2026-05-09 12:14:09,595 - mmcv - INFO - 
backbone.stages.1.0.pointwise_conv1.bias - torch.Size([768]): 
TruncNormalInit: a=-2, b=2, mean=0, std=0.02, bias=0.0 
 
2026-05-09 12:14:09,595 - mmcv - INFO - 
backbone.stages.1.0.pointwise_conv2.weight - torch.Size([192, 768]): 
TruncNormalInit: a=-2, b=2, mean=0, std=0.02, bias=0.0 
 
2026-05-09 12:14:09,595 - mmcv - INFO - 
backbone.stages.1.0.pointwise_conv2.weight - torch.Size([192, 768]): 
TruncNormalInit: a=-2, b=2, mean=0, std=0.02, bias=0.0 
 
2026-05-09 12:14:09,595 - mmcv - INFO - 
backbone.stages.1.0.pointwise_conv2.bias - torch.Size([192]): 
TruncNormalInit: a=-2, b=2, mean=0, std=0.02, bias=0.0 
 
2026-05-09 12:14:09,595 - mmcv - INFO - 
backbone.stages.1.0.pointwise_conv2.bias - torch.Size([192]): 
TruncNormalInit: a=-2, b=2, mean=0, std=0.02, bias=0.0 
 
2026-05-09 12:14:09,595 - mmcv - INFO - 
backbone.stages.1.1.gamma - torch.Size([192]): 
The value is the same before and after calling `init_weights` of MixUpClassification  
 
2026-05-09 12:14:09,595 - mmcv - INFO - 
backbone.stages.1.1.gamma - torch.Size([192]): 
The value is the same before and after calling `init_weights` of MixUpClassification  
 
2026-05-09 12:14:09,595 - mmcv - INFO - 
backbone.stages.1.1.depthwise_conv.weight - torch.Size([192, 1, 7, 7]): 
TruncNormalInit: a=-2, b=2, mean=0, std=0.02, bias=0.0 
 
2026-05-09 12:14:09,595 - mmcv - INFO - 
backbone.stages.1.1.depthwise_conv.weight - torch.Size([192, 1, 7, 7]): 
TruncNormalInit: a=-2, b=2, mean=0, std=0.02, bias=0.0 
 
2026-05-09 12:14:09,595 - mmcv - INFO - 
backbone.stages.1.1.depthwise_conv.bias - torch.Size([192]): 
TruncNormalInit: a=-2, b=2, mean=0, std=0.02, bias=0.0 
 
2026-05-09 12:14:09,595 - mmcv - INFO - 
backbone.stages.1.1.depthwise_conv.bias - torch.Size([192]): 
TruncNormalInit: a=-2, b=2, mean=0, std=0.02, bias=0.0 
 
2026-05-09 12:14:09,595 - mmcv - INFO - 
backbone.stages.1.1.norm.weight - torch.Size([192]): 
The value is the same before and after calling `init_weights` of MixUpClassification  
 
2026-05-09 12:14:09,595 - mmcv - INFO - 
backbone.stages.1.1.norm.weight - torch.Size([192]): 
The value is the same before and after calling `init_weights` of MixUpClassification  
 
2026-05-09 12:14:09,595 - mmcv - INFO - 
backbone.stages.1.1.norm.bias - torch.Size([192]): 
The value is the same before and after calling `init_weights` of MixUpClassification  
 
2026-05-09 12:14:09,595 - mmcv - INFO - 
backbone.stages.1.1.norm.bias - torch.Size([192]): 
The value is the same before and after calling `init_weights` of MixUpClassification  
 
2026-05-09 12:14:09,595 - mmcv - INFO - 
backbone.stages.1.1.pointwise_conv1.weight - torch.Size([768, 192]): 
TruncNormalInit: a=-2, b=2, mean=0, std=0.02, bias=0.0 
 
2026-05-09 12:14:09,595 - mmcv - INFO - 
backbone.stages.1.1.pointwise_conv1.weight - torch.Size([768, 192]): 
TruncNormalInit: a=-2, b=2, mean=0, std=0.02, bias=0.0 
 
2026-05-09 12:14:09,595 - mmcv - INFO - 
backbone.stages.1.1.pointwise_conv1.bias - torch.Size([768]): 
TruncNormalInit: a=-2, b=2, mean=0, std=0.02, bias=0.0 
 
2026-05-09 12:14:09,595 - mmcv - INFO - 
backbone.stages.1.1.pointwise_conv1.bias - torch.Size([768]): 
TruncNormalInit: a=-2, b=2, mean=0, std=0.02, bias=0.0 
 
2026-05-09 12:14:09,596 - mmcv - INFO - 
backbone.stages.1.1.pointwise_conv2.weight - torch.Size([192, 768]): 
TruncNormalInit: a=-2, b=2, mean=0, std=0.02, bias=0.0 
 
2026-05-09 12:14:09,596 - mmcv - INFO - 
backbone.stages.1.1.pointwise_conv2.weight - torch.Size([192, 768]): 
TruncNormalInit: a=-2, b=2, mean=0, std=0.02, bias=0.0 
 
2026-05-09 12:14:09,596 - mmcv - INFO - 
backbone.stages.1.1.pointwise_conv2.bias - torch.Size([192]): 
TruncNormalInit: a=-2, b=2, mean=0, std=0.02, bias=0.0 
 
2026-05-09 12:14:09,596 - mmcv - INFO - 
backbone.stages.1.1.pointwise_conv2.bias - torch.Size([192]): 
TruncNormalInit: a=-2, b=2, mean=0, std=0.02, bias=0.0 
 
2026-05-09 12:14:09,596 - mmcv - INFO - 
backbone.stages.1.2.gamma - torch.Size([192]): 
The value is the same before and after calling `init_weights` of MixUpClassification  
 
2026-05-09 12:14:09,596 - mmcv - INFO - 
backbone.stages.1.2.gamma - torch.Size([192]): 
The value is the same before and after calling `init_weights` of MixUpClassification  
 
2026-05-09 12:14:09,596 - mmcv - INFO - 
backbone.stages.1.2.depthwise_conv.weight - torch.Size([192, 1, 7, 7]): 
TruncNormalInit: a=-2, b=2, mean=0, std=0.02, bias=0.0 
 
2026-05-09 12:14:09,596 - mmcv - INFO - 
backbone.stages.1.2.depthwise_conv.weight - torch.Size([192, 1, 7, 7]): 
TruncNormalInit: a=-2, b=2, mean=0, std=0.02, bias=0.0 
 
2026-05-09 12:14:09,596 - mmcv - INFO - 
backbone.stages.1.2.depthwise_conv.bias - torch.Size([192]): 
TruncNormalInit: a=-2, b=2, mean=0, std=0.02, bias=0.0 
 
2026-05-09 12:14:09,596 - mmcv - INFO - 
backbone.stages.1.2.depthwise_conv.bias - torch.Size([192]): 
TruncNormalInit: a=-2, b=2, mean=0, std=0.02, bias=0.0 
 
2026-05-09 12:14:09,596 - mmcv - INFO - 
backbone.stages.1.2.norm.weight - torch.Size([192]): 
The value is the same before and after calling `init_weights` of MixUpClassification  
 
2026-05-09 12:14:09,596 - mmcv - INFO - 
backbone.stages.1.2.norm.weight - torch.Size([192]): 
The value is the same before and after calling `init_weights` of MixUpClassification  
 
2026-05-09 12:14:09,596 - mmcv - INFO - 
backbone.stages.1.2.norm.bias - torch.Size([192]): 
The value is the same before and after calling `init_weights` of MixUpClassification  
 
2026-05-09 12:14:09,596 - mmcv - INFO - 
backbone.stages.1.2.norm.bias - torch.Size([192]): 
The value is the same before and after calling `init_weights` of MixUpClassification  
 
2026-05-09 12:14:09,596 - mmcv - INFO - 
backbone.stages.1.2.pointwise_conv1.weight - torch.Size([768, 192]): 
TruncNormalInit: a=-2, b=2, mean=0, std=0.02, bias=0.0 
 
2026-05-09 12:14:09,596 - mmcv - INFO - 
backbone.stages.1.2.pointwise_conv1.weight - torch.Size([768, 192]): 
TruncNormalInit: a=-2, b=2, mean=0, std=0.02, bias=0.0 
 
2026-05-09 12:14:09,596 - mmcv - INFO - 
backbone.stages.1.2.pointwise_conv1.bias - torch.Size([768]): 
TruncNormalInit: a=-2, b=2, mean=0, std=0.02, bias=0.0 
 
2026-05-09 12:14:09,596 - mmcv - INFO - 
backbone.stages.1.2.pointwise_conv1.bias - torch.Size([768]): 
TruncNormalInit: a=-2, b=2, mean=0, std=0.02, bias=0.0 
 
2026-05-09 12:14:09,596 - mmcv - INFO - 
backbone.stages.1.2.pointwise_conv2.weight - torch.Size([192, 768]): 
TruncNormalInit: a=-2, b=2, mean=0, std=0.02, bias=0.0 
 
2026-05-09 12:14:09,596 - mmcv - INFO - 
backbone.stages.1.2.pointwise_conv2.weight - torch.Size([192, 768]): 
TruncNormalInit: a=-2, b=2, mean=0, std=0.02, bias=0.0 
 
2026-05-09 12:14:09,596 - mmcv - INFO - 
backbone.stages.1.2.pointwise_conv2.bias - torch.Size([192]): 
TruncNormalInit: a=-2, b=2, mean=0, std=0.02, bias=0.0 
 
2026-05-09 12:14:09,596 - mmcv - INFO - 
backbone.stages.1.2.pointwise_conv2.bias - torch.Size([192]): 
TruncNormalInit: a=-2, b=2, mean=0, std=0.02, bias=0.0 
 
2026-05-09 12:14:09,596 - mmcv - INFO - 
backbone.stages.2.0.gamma - torch.Size([384]): 
The value is the same before and after calling `init_weights` of MixUpClassification  
 
2026-05-09 12:14:09,596 - mmcv - INFO - 
backbone.stages.2.0.gamma - torch.Size([384]): 
The value is the same before and after calling `init_weights` of MixUpClassification  
 
2026-05-09 12:14:09,596 - mmcv - INFO - 
backbone.stages.2.0.depthwise_conv.weight - torch.Size([384, 1, 7, 7]): 
TruncNormalInit: a=-2, b=2, mean=0, std=0.02, bias=0.0 
 
2026-05-09 12:14:09,596 - mmcv - INFO - 
backbone.stages.2.0.depthwise_conv.weight - torch.Size([384, 1, 7, 7]): 
TruncNormalInit: a=-2, b=2, mean=0, std=0.02, bias=0.0 
 
2026-05-09 12:14:09,596 - mmcv - INFO - 
backbone.stages.2.0.depthwise_conv.bias - torch.Size([384]): 
TruncNormalInit: a=-2, b=2, mean=0, std=0.02, bias=0.0 
 
2026-05-09 12:14:09,596 - mmcv - INFO - 
backbone.stages.2.0.depthwise_conv.bias - torch.Size([384]): 
TruncNormalInit: a=-2, b=2, mean=0, std=0.02, bias=0.0 
 
2026-05-09 12:14:09,596 - mmcv - INFO - 
backbone.stages.2.0.norm.weight - torch.Size([384]): 
The value is the same before and after calling `init_weights` of MixUpClassification  
 
2026-05-09 12:14:09,596 - mmcv - INFO - 
backbone.stages.2.0.norm.weight - torch.Size([384]): 
The value is the same before and after calling `init_weights` of MixUpClassification  
 
2026-05-09 12:14:09,596 - mmcv - INFO - 
backbone.stages.2.0.norm.bias - torch.Size([384]): 
The value is the same before and after calling `init_weights` of MixUpClassification  
 
2026-05-09 12:14:09,596 - mmcv - INFO - 
backbone.stages.2.0.norm.bias - torch.Size([384]): 
The value is the same before and after calling `init_weights` of MixUpClassification  
 
2026-05-09 12:14:09,596 - mmcv - INFO - 
backbone.stages.2.0.pointwise_conv1.weight - torch.Size([1536, 384]): 
TruncNormalInit: a=-2, b=2, mean=0, std=0.02, bias=0.0 
 
2026-05-09 12:14:09,596 - mmcv - INFO - 
backbone.stages.2.0.pointwise_conv1.weight - torch.Size([1536, 384]): 
TruncNormalInit: a=-2, b=2, mean=0, std=0.02, bias=0.0 
 
2026-05-09 12:14:09,596 - mmcv - INFO - 
backbone.stages.2.0.pointwise_conv1.bias - torch.Size([1536]): 
TruncNormalInit: a=-2, b=2, mean=0, std=0.02, bias=0.0 
 
2026-05-09 12:14:09,596 - mmcv - INFO - 
backbone.stages.2.0.pointwise_conv1.bias - torch.Size([1536]): 
TruncNormalInit: a=-2, b=2, mean=0, std=0.02, bias=0.0 
 
2026-05-09 12:14:09,596 - mmcv - INFO - 
backbone.stages.2.0.pointwise_conv2.weight - torch.Size([384, 1536]): 
TruncNormalInit: a=-2, b=2, mean=0, std=0.02, bias=0.0 
 
2026-05-09 12:14:09,596 - mmcv - INFO - 
backbone.stages.2.0.pointwise_conv2.weight - torch.Size([384, 1536]): 
TruncNormalInit: a=-2, b=2, mean=0, std=0.02, bias=0.0 
 
2026-05-09 12:14:09,596 - mmcv - INFO - 
backbone.stages.2.0.pointwise_conv2.bias - torch.Size([384]): 
TruncNormalInit: a=-2, b=2, mean=0, std=0.02, bias=0.0 
 
2026-05-09 12:14:09,596 - mmcv - INFO - 
backbone.stages.2.0.pointwise_conv2.bias - torch.Size([384]): 
TruncNormalInit: a=-2, b=2, mean=0, std=0.02, bias=0.0 
 
2026-05-09 12:14:09,596 - mmcv - INFO - 
backbone.stages.2.1.gamma - torch.Size([384]): 
The value is the same before and after calling `init_weights` of MixUpClassification  
 
2026-05-09 12:14:09,596 - mmcv - INFO - 
backbone.stages.2.1.gamma - torch.Size([384]): 
The value is the same before and after calling `init_weights` of MixUpClassification  
 
2026-05-09 12:14:09,596 - mmcv - INFO - 
backbone.stages.2.1.depthwise_conv.weight - torch.Size([384, 1, 7, 7]): 
TruncNormalInit: a=-2, b=2, mean=0, std=0.02, bias=0.0 
 
2026-05-09 12:14:09,596 - mmcv - INFO - 
backbone.stages.2.1.depthwise_conv.weight - torch.Size([384, 1, 7, 7]): 
TruncNormalInit: a=-2, b=2, mean=0, std=0.02, bias=0.0 
 
2026-05-09 12:14:09,596 - mmcv - INFO - 
backbone.stages.2.1.depthwise_conv.bias - torch.Size([384]): 
TruncNormalInit: a=-2, b=2, mean=0, std=0.02, bias=0.0 
 
2026-05-09 12:14:09,596 - mmcv - INFO - 
backbone.stages.2.1.depthwise_conv.bias - torch.Size([384]): 
TruncNormalInit: a=-2, b=2, mean=0, std=0.02, bias=0.0 
 
2026-05-09 12:14:09,596 - mmcv - INFO - 
backbone.stages.2.1.norm.weight - torch.Size([384]): 
The value is the same before and after calling `init_weights` of MixUpClassification  
 
2026-05-09 12:14:09,596 - mmcv - INFO - 
backbone.stages.2.1.norm.weight - torch.Size([384]): 
The value is the same before and after calling `init_weights` of MixUpClassification  
 
2026-05-09 12:14:09,596 - mmcv - INFO - 
backbone.stages.2.1.norm.bias - torch.Size([384]): 
The value is the same before and after calling `init_weights` of MixUpClassification  
 
2026-05-09 12:14:09,596 - mmcv - INFO - 
backbone.stages.2.1.norm.bias - torch.Size([384]): 
The value is the same before and after calling `init_weights` of MixUpClassification  
 
2026-05-09 12:14:09,596 - mmcv - INFO - 
backbone.stages.2.1.pointwise_conv1.weight - torch.Size([1536, 384]): 
TruncNormalInit: a=-2, b=2, mean=0, std=0.02, bias=0.0 
 
2026-05-09 12:14:09,596 - mmcv - INFO - 
backbone.stages.2.1.pointwise_conv1.weight - torch.Size([1536, 384]): 
TruncNormalInit: a=-2, b=2, mean=0, std=0.02, bias=0.0 
 
2026-05-09 12:14:09,596 - mmcv - INFO - 
backbone.stages.2.1.pointwise_conv1.bias - torch.Size([1536]): 
TruncNormalInit: a=-2, b=2, mean=0, std=0.02, bias=0.0 
 
2026-05-09 12:14:09,596 - mmcv - INFO - 
backbone.stages.2.1.pointwise_conv1.bias - torch.Size([1536]): 
TruncNormalInit: a=-2, b=2, mean=0, std=0.02, bias=0.0 
 
2026-05-09 12:14:09,596 - mmcv - INFO - 
backbone.stages.2.1.pointwise_conv2.weight - torch.Size([384, 1536]): 
TruncNormalInit: a=-2, b=2, mean=0, std=0.02, bias=0.0 
 
2026-05-09 12:14:09,596 - mmcv - INFO - 
backbone.stages.2.1.pointwise_conv2.weight - torch.Size([384, 1536]): 
TruncNormalInit: a=-2, b=2, mean=0, std=0.02, bias=0.0 
 
2026-05-09 12:14:09,596 - mmcv - INFO - 
backbone.stages.2.1.pointwise_conv2.bias - torch.Size([384]): 
TruncNormalInit: a=-2, b=2, mean=0, std=0.02, bias=0.0 
 
2026-05-09 12:14:09,596 - mmcv - INFO - 
backbone.stages.2.1.pointwise_conv2.bias - torch.Size([384]): 
TruncNormalInit: a=-2, b=2, mean=0, std=0.02, bias=0.0 
 
2026-05-09 12:14:09,596 - mmcv - INFO - 
backbone.stages.2.2.gamma - torch.Size([384]): 
The value is the same before and after calling `init_weights` of MixUpClassification  
 
2026-05-09 12:14:09,596 - mmcv - INFO - 
backbone.stages.2.2.gamma - torch.Size([384]): 
The value is the same before and after calling `init_weights` of MixUpClassification  
 
2026-05-09 12:14:09,597 - mmcv - INFO - 
backbone.stages.2.2.depthwise_conv.weight - torch.Size([384, 1, 7, 7]): 
TruncNormalInit: a=-2, b=2, mean=0, std=0.02, bias=0.0 
 
2026-05-09 12:14:09,597 - mmcv - INFO - 
backbone.stages.2.2.depthwise_conv.weight - torch.Size([384, 1, 7, 7]): 
TruncNormalInit: a=-2, b=2, mean=0, std=0.02, bias=0.0 
 
2026-05-09 12:14:09,597 - mmcv - INFO - 
backbone.stages.2.2.depthwise_conv.bias - torch.Size([384]): 
TruncNormalInit: a=-2, b=2, mean=0, std=0.02, bias=0.0 
 
2026-05-09 12:14:09,597 - mmcv - INFO - 
backbone.stages.2.2.depthwise_conv.bias - torch.Size([384]): 
TruncNormalInit: a=-2, b=2, mean=0, std=0.02, bias=0.0 
 
2026-05-09 12:14:09,597 - mmcv - INFO - 
backbone.stages.2.2.norm.weight - torch.Size([384]): 
The value is the same before and after calling `init_weights` of MixUpClassification  
 
2026-05-09 12:14:09,597 - mmcv - INFO - 
backbone.stages.2.2.norm.weight - torch.Size([384]): 
The value is the same before and after calling `init_weights` of MixUpClassification  
 
2026-05-09 12:14:09,597 - mmcv - INFO - 
backbone.stages.2.2.norm.bias - torch.Size([384]): 
The value is the same before and after calling `init_weights` of MixUpClassification  
 
2026-05-09 12:14:09,597 - mmcv - INFO - 
backbone.stages.2.2.norm.bias - torch.Size([384]): 
The value is the same before and after calling `init_weights` of MixUpClassification  
 
2026-05-09 12:14:09,597 - mmcv - INFO - 
backbone.stages.2.2.pointwise_conv1.weight - torch.Size([1536, 384]): 
TruncNormalInit: a=-2, b=2, mean=0, std=0.02, bias=0.0 
 
2026-05-09 12:14:09,597 - mmcv - INFO - 
backbone.stages.2.2.pointwise_conv1.weight - torch.Size([1536, 384]): 
TruncNormalInit: a=-2, b=2, mean=0, std=0.02, bias=0.0 
 
2026-05-09 12:14:09,597 - mmcv - INFO - 
backbone.stages.2.2.pointwise_conv1.bias - torch.Size([1536]): 
TruncNormalInit: a=-2, b=2, mean=0, std=0.02, bias=0.0 
 
2026-05-09 12:14:09,597 - mmcv - INFO - 
backbone.stages.2.2.pointwise_conv1.bias - torch.Size([1536]): 
TruncNormalInit: a=-2, b=2, mean=0, std=0.02, bias=0.0 
 
2026-05-09 12:14:09,597 - mmcv - INFO - 
backbone.stages.2.2.pointwise_conv2.weight - torch.Size([384, 1536]): 
TruncNormalInit: a=-2, b=2, mean=0, std=0.02, bias=0.0 
 
2026-05-09 12:14:09,597 - mmcv - INFO - 
backbone.stages.2.2.pointwise_conv2.weight - torch.Size([384, 1536]): 
TruncNormalInit: a=-2, b=2, mean=0, std=0.02, bias=0.0 
 
2026-05-09 12:14:09,597 - mmcv - INFO - 
backbone.stages.2.2.pointwise_conv2.bias - torch.Size([384]): 
TruncNormalInit: a=-2, b=2, mean=0, std=0.02, bias=0.0 
 
2026-05-09 12:14:09,597 - mmcv - INFO - 
backbone.stages.2.2.pointwise_conv2.bias - torch.Size([384]): 
TruncNormalInit: a=-2, b=2, mean=0, std=0.02, bias=0.0 
 
2026-05-09 12:14:09,597 - mmcv - INFO - 
backbone.stages.2.3.gamma - torch.Size([384]): 
The value is the same before and after calling `init_weights` of MixUpClassification  
 
2026-05-09 12:14:09,597 - mmcv - INFO - 
backbone.stages.2.3.gamma - torch.Size([384]): 
The value is the same before and after calling `init_weights` of MixUpClassification  
 
2026-05-09 12:14:09,597 - mmcv - INFO - 
backbone.stages.2.3.depthwise_conv.weight - torch.Size([384, 1, 7, 7]): 
TruncNormalInit: a=-2, b=2, mean=0, std=0.02, bias=0.0 
 
2026-05-09 12:14:09,597 - mmcv - INFO - 
backbone.stages.2.3.depthwise_conv.weight - torch.Size([384, 1, 7, 7]): 
TruncNormalInit: a=-2, b=2, mean=0, std=0.02, bias=0.0 
 
2026-05-09 12:14:09,597 - mmcv - INFO - 
backbone.stages.2.3.depthwise_conv.bias - torch.Size([384]): 
TruncNormalInit: a=-2, b=2, mean=0, std=0.02, bias=0.0 
 
2026-05-09 12:14:09,597 - mmcv - INFO - 
backbone.stages.2.3.depthwise_conv.bias - torch.Size([384]): 
TruncNormalInit: a=-2, b=2, mean=0, std=0.02, bias=0.0 
 
2026-05-09 12:14:09,597 - mmcv - INFO - 
backbone.stages.2.3.norm.weight - torch.Size([384]): 
The value is the same before and after calling `init_weights` of MixUpClassification  
 
2026-05-09 12:14:09,597 - mmcv - INFO - 
backbone.stages.2.3.norm.weight - torch.Size([384]): 
The value is the same before and after calling `init_weights` of MixUpClassification  
 
2026-05-09 12:14:09,597 - mmcv - INFO - 
backbone.stages.2.3.norm.bias - torch.Size([384]): 
The value is the same before and after calling `init_weights` of MixUpClassification  
 
2026-05-09 12:14:09,597 - mmcv - INFO - 
backbone.stages.2.3.norm.bias - torch.Size([384]): 
The value is the same before and after calling `init_weights` of MixUpClassification  
 
2026-05-09 12:14:09,597 - mmcv - INFO - 
backbone.stages.2.3.pointwise_conv1.weight - torch.Size([1536, 384]): 
TruncNormalInit: a=-2, b=2, mean=0, std=0.02, bias=0.0 
 
2026-05-09 12:14:09,597 - mmcv - INFO - 
backbone.stages.2.3.pointwise_conv1.weight - torch.Size([1536, 384]): 
TruncNormalInit: a=-2, b=2, mean=0, std=0.02, bias=0.0 
 
2026-05-09 12:14:09,597 - mmcv - INFO - 
backbone.stages.2.3.pointwise_conv1.bias - torch.Size([1536]): 
TruncNormalInit: a=-2, b=2, mean=0, std=0.02, bias=0.0 
 
2026-05-09 12:14:09,597 - mmcv - INFO - 
backbone.stages.2.3.pointwise_conv1.bias - torch.Size([1536]): 
TruncNormalInit: a=-2, b=2, mean=0, std=0.02, bias=0.0 
 
2026-05-09 12:14:09,597 - mmcv - INFO - 
backbone.stages.2.3.pointwise_conv2.weight - torch.Size([384, 1536]): 
TruncNormalInit: a=-2, b=2, mean=0, std=0.02, bias=0.0 
 
2026-05-09 12:14:09,597 - mmcv - INFO - 
backbone.stages.2.3.pointwise_conv2.weight - torch.Size([384, 1536]): 
TruncNormalInit: a=-2, b=2, mean=0, std=0.02, bias=0.0 
 
2026-05-09 12:14:09,597 - mmcv - INFO - 
backbone.stages.2.3.pointwise_conv2.bias - torch.Size([384]): 
TruncNormalInit: a=-2, b=2, mean=0, std=0.02, bias=0.0 
 
2026-05-09 12:14:09,597 - mmcv - INFO - 
backbone.stages.2.3.pointwise_conv2.bias - torch.Size([384]): 
TruncNormalInit: a=-2, b=2, mean=0, std=0.02, bias=0.0 
 
2026-05-09 12:14:09,597 - mmcv - INFO - 
backbone.stages.2.4.gamma - torch.Size([384]): 
The value is the same before and after calling `init_weights` of MixUpClassification  
 
2026-05-09 12:14:09,597 - mmcv - INFO - 
backbone.stages.2.4.gamma - torch.Size([384]): 
The value is the same before and after calling `init_weights` of MixUpClassification  
 
2026-05-09 12:14:09,597 - mmcv - INFO - 
backbone.stages.2.4.depthwise_conv.weight - torch.Size([384, 1, 7, 7]): 
TruncNormalInit: a=-2, b=2, mean=0, std=0.02, bias=0.0 
 
2026-05-09 12:14:09,597 - mmcv - INFO - 
backbone.stages.2.4.depthwise_conv.weight - torch.Size([384, 1, 7, 7]): 
TruncNormalInit: a=-2, b=2, mean=0, std=0.02, bias=0.0 
 
2026-05-09 12:14:09,597 - mmcv - INFO - 
backbone.stages.2.4.depthwise_conv.bias - torch.Size([384]): 
TruncNormalInit: a=-2, b=2, mean=0, std=0.02, bias=0.0 
 
2026-05-09 12:14:09,597 - mmcv - INFO - 
backbone.stages.2.4.depthwise_conv.bias - torch.Size([384]): 
TruncNormalInit: a=-2, b=2, mean=0, std=0.02, bias=0.0 
 
2026-05-09 12:14:09,597 - mmcv - INFO - 
backbone.stages.2.4.norm.weight - torch.Size([384]): 
The value is the same before and after calling `init_weights` of MixUpClassification  
 
2026-05-09 12:14:09,597 - mmcv - INFO - 
backbone.stages.2.4.norm.weight - torch.Size([384]): 
The value is the same before and after calling `init_weights` of MixUpClassification  
 
2026-05-09 12:14:09,597 - mmcv - INFO - 
backbone.stages.2.4.norm.bias - torch.Size([384]): 
The value is the same before and after calling `init_weights` of MixUpClassification  
 
2026-05-09 12:14:09,597 - mmcv - INFO - 
backbone.stages.2.4.norm.bias - torch.Size([384]): 
The value is the same before and after calling `init_weights` of MixUpClassification  
 
2026-05-09 12:14:09,597 - mmcv - INFO - 
backbone.stages.2.4.pointwise_conv1.weight - torch.Size([1536, 384]): 
TruncNormalInit: a=-2, b=2, mean=0, std=0.02, bias=0.0 
 
2026-05-09 12:14:09,597 - mmcv - INFO - 
backbone.stages.2.4.pointwise_conv1.weight - torch.Size([1536, 384]): 
TruncNormalInit: a=-2, b=2, mean=0, std=0.02, bias=0.0 
 
2026-05-09 12:14:09,597 - mmcv - INFO - 
backbone.stages.2.4.pointwise_conv1.bias - torch.Size([1536]): 
TruncNormalInit: a=-2, b=2, mean=0, std=0.02, bias=0.0 
 
2026-05-09 12:14:09,597 - mmcv - INFO - 
backbone.stages.2.4.pointwise_conv1.bias - torch.Size([1536]): 
TruncNormalInit: a=-2, b=2, mean=0, std=0.02, bias=0.0 
 
2026-05-09 12:14:09,597 - mmcv - INFO - 
backbone.stages.2.4.pointwise_conv2.weight - torch.Size([384, 1536]): 
TruncNormalInit: a=-2, b=2, mean=0, std=0.02, bias=0.0 
 
2026-05-09 12:14:09,597 - mmcv - INFO - 
backbone.stages.2.4.pointwise_conv2.weight - torch.Size([384, 1536]): 
TruncNormalInit: a=-2, b=2, mean=0, std=0.02, bias=0.0 
 
2026-05-09 12:14:09,597 - mmcv - INFO - 
backbone.stages.2.4.pointwise_conv2.bias - torch.Size([384]): 
TruncNormalInit: a=-2, b=2, mean=0, std=0.02, bias=0.0 
 
2026-05-09 12:14:09,597 - mmcv - INFO - 
backbone.stages.2.4.pointwise_conv2.bias - torch.Size([384]): 
TruncNormalInit: a=-2, b=2, mean=0, std=0.02, bias=0.0 
 
2026-05-09 12:14:09,597 - mmcv - INFO - 
backbone.stages.2.5.gamma - torch.Size([384]): 
The value is the same before and after calling `init_weights` of MixUpClassification  
 
2026-05-09 12:14:09,597 - mmcv - INFO - 
backbone.stages.2.5.gamma - torch.Size([384]): 
The value is the same before and after calling `init_weights` of MixUpClassification  
 
2026-05-09 12:14:09,597 - mmcv - INFO - 
backbone.stages.2.5.depthwise_conv.weight - torch.Size([384, 1, 7, 7]): 
TruncNormalInit: a=-2, b=2, mean=0, std=0.02, bias=0.0 
 
2026-05-09 12:14:09,597 - mmcv - INFO - 
backbone.stages.2.5.depthwise_conv.weight - torch.Size([384, 1, 7, 7]): 
TruncNormalInit: a=-2, b=2, mean=0, std=0.02, bias=0.0 
 
2026-05-09 12:14:09,597 - mmcv - INFO - 
backbone.stages.2.5.depthwise_conv.bias - torch.Size([384]): 
TruncNormalInit: a=-2, b=2, mean=0, std=0.02, bias=0.0 
 
2026-05-09 12:14:09,597 - mmcv - INFO - 
backbone.stages.2.5.depthwise_conv.bias - torch.Size([384]): 
TruncNormalInit: a=-2, b=2, mean=0, std=0.02, bias=0.0 
 
2026-05-09 12:14:09,597 - mmcv - INFO - 
backbone.stages.2.5.norm.weight - torch.Size([384]): 
The value is the same before and after calling `init_weights` of MixUpClassification  
 
2026-05-09 12:14:09,597 - mmcv - INFO - 
backbone.stages.2.5.norm.weight - torch.Size([384]): 
The value is the same before and after calling `init_weights` of MixUpClassification  
 
2026-05-09 12:14:09,597 - mmcv - INFO - 
backbone.stages.2.5.norm.bias - torch.Size([384]): 
The value is the same before and after calling `init_weights` of MixUpClassification  
 
2026-05-09 12:14:09,597 - mmcv - INFO - 
backbone.stages.2.5.norm.bias - torch.Size([384]): 
The value is the same before and after calling `init_weights` of MixUpClassification  
 
2026-05-09 12:14:09,598 - mmcv - INFO - 
backbone.stages.2.5.pointwise_conv1.weight - torch.Size([1536, 384]): 
TruncNormalInit: a=-2, b=2, mean=0, std=0.02, bias=0.0 
 
2026-05-09 12:14:09,598 - mmcv - INFO - 
backbone.stages.2.5.pointwise_conv1.weight - torch.Size([1536, 384]): 
TruncNormalInit: a=-2, b=2, mean=0, std=0.02, bias=0.0 
 
2026-05-09 12:14:09,598 - mmcv - INFO - 
backbone.stages.2.5.pointwise_conv1.bias - torch.Size([1536]): 
TruncNormalInit: a=-2, b=2, mean=0, std=0.02, bias=0.0 
 
2026-05-09 12:14:09,598 - mmcv - INFO - 
backbone.stages.2.5.pointwise_conv1.bias - torch.Size([1536]): 
TruncNormalInit: a=-2, b=2, mean=0, std=0.02, bias=0.0 
 
2026-05-09 12:14:09,598 - mmcv - INFO - 
backbone.stages.2.5.pointwise_conv2.weight - torch.Size([384, 1536]): 
TruncNormalInit: a=-2, b=2, mean=0, std=0.02, bias=0.0 
 
2026-05-09 12:14:09,598 - mmcv - INFO - 
backbone.stages.2.5.pointwise_conv2.weight - torch.Size([384, 1536]): 
TruncNormalInit: a=-2, b=2, mean=0, std=0.02, bias=0.0 
 
2026-05-09 12:14:09,598 - mmcv - INFO - 
backbone.stages.2.5.pointwise_conv2.bias - torch.Size([384]): 
TruncNormalInit: a=-2, b=2, mean=0, std=0.02, bias=0.0 
 
2026-05-09 12:14:09,598 - mmcv - INFO - 
backbone.stages.2.5.pointwise_conv2.bias - torch.Size([384]): 
TruncNormalInit: a=-2, b=2, mean=0, std=0.02, bias=0.0 
 
2026-05-09 12:14:09,598 - mmcv - INFO - 
backbone.stages.2.6.gamma - torch.Size([384]): 
The value is the same before and after calling `init_weights` of MixUpClassification  
 
2026-05-09 12:14:09,598 - mmcv - INFO - 
backbone.stages.2.6.gamma - torch.Size([384]): 
The value is the same before and after calling `init_weights` of MixUpClassification  
 
2026-05-09 12:14:09,598 - mmcv - INFO - 
backbone.stages.2.6.depthwise_conv.weight - torch.Size([384, 1, 7, 7]): 
TruncNormalInit: a=-2, b=2, mean=0, std=0.02, bias=0.0 
 
2026-05-09 12:14:09,598 - mmcv - INFO - 
backbone.stages.2.6.depthwise_conv.weight - torch.Size([384, 1, 7, 7]): 
TruncNormalInit: a=-2, b=2, mean=0, std=0.02, bias=0.0 
 
2026-05-09 12:14:09,598 - mmcv - INFO - 
backbone.stages.2.6.depthwise_conv.bias - torch.Size([384]): 
TruncNormalInit: a=-2, b=2, mean=0, std=0.02, bias=0.0 
 
2026-05-09 12:14:09,598 - mmcv - INFO - 
backbone.stages.2.6.depthwise_conv.bias - torch.Size([384]): 
TruncNormalInit: a=-2, b=2, mean=0, std=0.02, bias=0.0 
 
2026-05-09 12:14:09,598 - mmcv - INFO - 
backbone.stages.2.6.norm.weight - torch.Size([384]): 
The value is the same before and after calling `init_weights` of MixUpClassification  
 
2026-05-09 12:14:09,598 - mmcv - INFO - 
backbone.stages.2.6.norm.weight - torch.Size([384]): 
The value is the same before and after calling `init_weights` of MixUpClassification  
 
2026-05-09 12:14:09,598 - mmcv - INFO - 
backbone.stages.2.6.norm.bias - torch.Size([384]): 
The value is the same before and after calling `init_weights` of MixUpClassification  
 
2026-05-09 12:14:09,598 - mmcv - INFO - 
backbone.stages.2.6.norm.bias - torch.Size([384]): 
The value is the same before and after calling `init_weights` of MixUpClassification  
 
2026-05-09 12:14:09,598 - mmcv - INFO - 
backbone.stages.2.6.pointwise_conv1.weight - torch.Size([1536, 384]): 
TruncNormalInit: a=-2, b=2, mean=0, std=0.02, bias=0.0 
 
2026-05-09 12:14:09,598 - mmcv - INFO - 
backbone.stages.2.6.pointwise_conv1.weight - torch.Size([1536, 384]): 
TruncNormalInit: a=-2, b=2, mean=0, std=0.02, bias=0.0 
 
2026-05-09 12:14:09,598 - mmcv - INFO - 
backbone.stages.2.6.pointwise_conv1.bias - torch.Size([1536]): 
TruncNormalInit: a=-2, b=2, mean=0, std=0.02, bias=0.0 
 
2026-05-09 12:14:09,598 - mmcv - INFO - 
backbone.stages.2.6.pointwise_conv1.bias - torch.Size([1536]): 
TruncNormalInit: a=-2, b=2, mean=0, std=0.02, bias=0.0 
 
2026-05-09 12:14:09,598 - mmcv - INFO - 
backbone.stages.2.6.pointwise_conv2.weight - torch.Size([384, 1536]): 
TruncNormalInit: a=-2, b=2, mean=0, std=0.02, bias=0.0 
 
2026-05-09 12:14:09,598 - mmcv - INFO - 
backbone.stages.2.6.pointwise_conv2.weight - torch.Size([384, 1536]): 
TruncNormalInit: a=-2, b=2, mean=0, std=0.02, bias=0.0 
 
2026-05-09 12:14:09,598 - mmcv - INFO - 
backbone.stages.2.6.pointwise_conv2.bias - torch.Size([384]): 
TruncNormalInit: a=-2, b=2, mean=0, std=0.02, bias=0.0 
 
2026-05-09 12:14:09,598 - mmcv - INFO - 
backbone.stages.2.6.pointwise_conv2.bias - torch.Size([384]): 
TruncNormalInit: a=-2, b=2, mean=0, std=0.02, bias=0.0 
 
2026-05-09 12:14:09,598 - mmcv - INFO - 
backbone.stages.2.7.gamma - torch.Size([384]): 
The value is the same before and after calling `init_weights` of MixUpClassification  
 
2026-05-09 12:14:09,598 - mmcv - INFO - 
backbone.stages.2.7.gamma - torch.Size([384]): 
The value is the same before and after calling `init_weights` of MixUpClassification  
 
2026-05-09 12:14:09,598 - mmcv - INFO - 
backbone.stages.2.7.depthwise_conv.weight - torch.Size([384, 1, 7, 7]): 
TruncNormalInit: a=-2, b=2, mean=0, std=0.02, bias=0.0 
 
2026-05-09 12:14:09,598 - mmcv - INFO - 
backbone.stages.2.7.depthwise_conv.weight - torch.Size([384, 1, 7, 7]): 
TruncNormalInit: a=-2, b=2, mean=0, std=0.02, bias=0.0 
 
2026-05-09 12:14:09,598 - mmcv - INFO - 
backbone.stages.2.7.depthwise_conv.bias - torch.Size([384]): 
TruncNormalInit: a=-2, b=2, mean=0, std=0.02, bias=0.0 
 
2026-05-09 12:14:09,598 - mmcv - INFO - 
backbone.stages.2.7.depthwise_conv.bias - torch.Size([384]): 
TruncNormalInit: a=-2, b=2, mean=0, std=0.02, bias=0.0 
 
2026-05-09 12:14:09,598 - mmcv - INFO - 
backbone.stages.2.7.norm.weight - torch.Size([384]): 
The value is the same before and after calling `init_weights` of MixUpClassification  
 
2026-05-09 12:14:09,598 - mmcv - INFO - 
backbone.stages.2.7.norm.weight - torch.Size([384]): 
The value is the same before and after calling `init_weights` of MixUpClassification  
 
2026-05-09 12:14:09,598 - mmcv - INFO - 
backbone.stages.2.7.norm.bias - torch.Size([384]): 
The value is the same before and after calling `init_weights` of MixUpClassification  
 
2026-05-09 12:14:09,598 - mmcv - INFO - 
backbone.stages.2.7.norm.bias - torch.Size([384]): 
The value is the same before and after calling `init_weights` of MixUpClassification  
 
2026-05-09 12:14:09,598 - mmcv - INFO - 
backbone.stages.2.7.pointwise_conv1.weight - torch.Size([1536, 384]): 
TruncNormalInit: a=-2, b=2, mean=0, std=0.02, bias=0.0 
 
2026-05-09 12:14:09,598 - mmcv - INFO - 
backbone.stages.2.7.pointwise_conv1.weight - torch.Size([1536, 384]): 
TruncNormalInit: a=-2, b=2, mean=0, std=0.02, bias=0.0 
 
2026-05-09 12:14:09,598 - mmcv - INFO - 
backbone.stages.2.7.pointwise_conv1.bias - torch.Size([1536]): 
TruncNormalInit: a=-2, b=2, mean=0, std=0.02, bias=0.0 
 
2026-05-09 12:14:09,598 - mmcv - INFO - 
backbone.stages.2.7.pointwise_conv1.bias - torch.Size([1536]): 
TruncNormalInit: a=-2, b=2, mean=0, std=0.02, bias=0.0 
 
2026-05-09 12:14:09,598 - mmcv - INFO - 
backbone.stages.2.7.pointwise_conv2.weight - torch.Size([384, 1536]): 
TruncNormalInit: a=-2, b=2, mean=0, std=0.02, bias=0.0 
 
2026-05-09 12:14:09,598 - mmcv - INFO - 
backbone.stages.2.7.pointwise_conv2.weight - torch.Size([384, 1536]): 
TruncNormalInit: a=-2, b=2, mean=0, std=0.02, bias=0.0 
 
2026-05-09 12:14:09,598 - mmcv - INFO - 
backbone.stages.2.7.pointwise_conv2.bias - torch.Size([384]): 
TruncNormalInit: a=-2, b=2, mean=0, std=0.02, bias=0.0 
 
2026-05-09 12:14:09,598 - mmcv - INFO - 
backbone.stages.2.7.pointwise_conv2.bias - torch.Size([384]): 
TruncNormalInit: a=-2, b=2, mean=0, std=0.02, bias=0.0 
 
2026-05-09 12:14:09,598 - mmcv - INFO - 
backbone.stages.2.8.gamma - torch.Size([384]): 
The value is the same before and after calling `init_weights` of MixUpClassification  
 
2026-05-09 12:14:09,598 - mmcv - INFO - 
backbone.stages.2.8.gamma - torch.Size([384]): 
The value is the same before and after calling `init_weights` of MixUpClassification  
 
2026-05-09 12:14:09,598 - mmcv - INFO - 
backbone.stages.2.8.depthwise_conv.weight - torch.Size([384, 1, 7, 7]): 
TruncNormalInit: a=-2, b=2, mean=0, std=0.02, bias=0.0 
 
2026-05-09 12:14:09,598 - mmcv - INFO - 
backbone.stages.2.8.depthwise_conv.weight - torch.Size([384, 1, 7, 7]): 
TruncNormalInit: a=-2, b=2, mean=0, std=0.02, bias=0.0 
 
2026-05-09 12:14:09,598 - mmcv - INFO - 
backbone.stages.2.8.depthwise_conv.bias - torch.Size([384]): 
TruncNormalInit: a=-2, b=2, mean=0, std=0.02, bias=0.0 
 
2026-05-09 12:14:09,598 - mmcv - INFO - 
backbone.stages.2.8.depthwise_conv.bias - torch.Size([384]): 
TruncNormalInit: a=-2, b=2, mean=0, std=0.02, bias=0.0 
 
2026-05-09 12:14:09,598 - mmcv - INFO - 
backbone.stages.2.8.norm.weight - torch.Size([384]): 
The value is the same before and after calling `init_weights` of MixUpClassification  
 
2026-05-09 12:14:09,598 - mmcv - INFO - 
backbone.stages.2.8.norm.weight - torch.Size([384]): 
The value is the same before and after calling `init_weights` of MixUpClassification  
 
2026-05-09 12:14:09,598 - mmcv - INFO - 
backbone.stages.2.8.norm.bias - torch.Size([384]): 
The value is the same before and after calling `init_weights` of MixUpClassification  
 
2026-05-09 12:14:09,598 - mmcv - INFO - 
backbone.stages.2.8.norm.bias - torch.Size([384]): 
The value is the same before and after calling `init_weights` of MixUpClassification  
 
2026-05-09 12:14:09,598 - mmcv - INFO - 
backbone.stages.2.8.pointwise_conv1.weight - torch.Size([1536, 384]): 
TruncNormalInit: a=-2, b=2, mean=0, std=0.02, bias=0.0 
 
2026-05-09 12:14:09,598 - mmcv - INFO - 
backbone.stages.2.8.pointwise_conv1.weight - torch.Size([1536, 384]): 
TruncNormalInit: a=-2, b=2, mean=0, std=0.02, bias=0.0 
 
2026-05-09 12:14:09,598 - mmcv - INFO - 
backbone.stages.2.8.pointwise_conv1.bias - torch.Size([1536]): 
TruncNormalInit: a=-2, b=2, mean=0, std=0.02, bias=0.0 
 
2026-05-09 12:14:09,598 - mmcv - INFO - 
backbone.stages.2.8.pointwise_conv1.bias - torch.Size([1536]): 
TruncNormalInit: a=-2, b=2, mean=0, std=0.02, bias=0.0 
 
2026-05-09 12:14:09,598 - mmcv - INFO - 
backbone.stages.2.8.pointwise_conv2.weight - torch.Size([384, 1536]): 
TruncNormalInit: a=-2, b=2, mean=0, std=0.02, bias=0.0 
 
2026-05-09 12:14:09,598 - mmcv - INFO - 
backbone.stages.2.8.pointwise_conv2.weight - torch.Size([384, 1536]): 
TruncNormalInit: a=-2, b=2, mean=0, std=0.02, bias=0.0 
 
2026-05-09 12:14:09,598 - mmcv - INFO - 
backbone.stages.2.8.pointwise_conv2.bias - torch.Size([384]): 
TruncNormalInit: a=-2, b=2, mean=0, std=0.02, bias=0.0 
 
2026-05-09 12:14:09,598 - mmcv - INFO - 
backbone.stages.2.8.pointwise_conv2.bias - torch.Size([384]): 
TruncNormalInit: a=-2, b=2, mean=0, std=0.02, bias=0.0 
 
2026-05-09 12:14:09,599 - mmcv - INFO - 
backbone.stages.3.0.gamma - torch.Size([768]): 
The value is the same before and after calling `init_weights` of MixUpClassification  
 
2026-05-09 12:14:09,599 - mmcv - INFO - 
backbone.stages.3.0.gamma - torch.Size([768]): 
The value is the same before and after calling `init_weights` of MixUpClassification  
 
2026-05-09 12:14:09,599 - mmcv - INFO - 
backbone.stages.3.0.depthwise_conv.weight - torch.Size([768, 1, 7, 7]): 
TruncNormalInit: a=-2, b=2, mean=0, std=0.02, bias=0.0 
 
2026-05-09 12:14:09,599 - mmcv - INFO - 
backbone.stages.3.0.depthwise_conv.weight - torch.Size([768, 1, 7, 7]): 
TruncNormalInit: a=-2, b=2, mean=0, std=0.02, bias=0.0 
 
2026-05-09 12:14:09,599 - mmcv - INFO - 
backbone.stages.3.0.depthwise_conv.bias - torch.Size([768]): 
TruncNormalInit: a=-2, b=2, mean=0, std=0.02, bias=0.0 
 
2026-05-09 12:14:09,599 - mmcv - INFO - 
backbone.stages.3.0.depthwise_conv.bias - torch.Size([768]): 
TruncNormalInit: a=-2, b=2, mean=0, std=0.02, bias=0.0 
 
2026-05-09 12:14:09,599 - mmcv - INFO - 
backbone.stages.3.0.norm.weight - torch.Size([768]): 
The value is the same before and after calling `init_weights` of MixUpClassification  
 
2026-05-09 12:14:09,599 - mmcv - INFO - 
backbone.stages.3.0.norm.weight - torch.Size([768]): 
The value is the same before and after calling `init_weights` of MixUpClassification  
 
2026-05-09 12:14:09,599 - mmcv - INFO - 
backbone.stages.3.0.norm.bias - torch.Size([768]): 
The value is the same before and after calling `init_weights` of MixUpClassification  
 
2026-05-09 12:14:09,599 - mmcv - INFO - 
backbone.stages.3.0.norm.bias - torch.Size([768]): 
The value is the same before and after calling `init_weights` of MixUpClassification  
 
2026-05-09 12:14:09,599 - mmcv - INFO - 
backbone.stages.3.0.pointwise_conv1.weight - torch.Size([3072, 768]): 
TruncNormalInit: a=-2, b=2, mean=0, std=0.02, bias=0.0 
 
2026-05-09 12:14:09,599 - mmcv - INFO - 
backbone.stages.3.0.pointwise_conv1.weight - torch.Size([3072, 768]): 
TruncNormalInit: a=-2, b=2, mean=0, std=0.02, bias=0.0 
 
2026-05-09 12:14:09,599 - mmcv - INFO - 
backbone.stages.3.0.pointwise_conv1.bias - torch.Size([3072]): 
TruncNormalInit: a=-2, b=2, mean=0, std=0.02, bias=0.0 
 
2026-05-09 12:14:09,599 - mmcv - INFO - 
backbone.stages.3.0.pointwise_conv1.bias - torch.Size([3072]): 
TruncNormalInit: a=-2, b=2, mean=0, std=0.02, bias=0.0 
 
2026-05-09 12:14:09,599 - mmcv - INFO - 
backbone.stages.3.0.pointwise_conv2.weight - torch.Size([768, 3072]): 
TruncNormalInit: a=-2, b=2, mean=0, std=0.02, bias=0.0 
 
2026-05-09 12:14:09,599 - mmcv - INFO - 
backbone.stages.3.0.pointwise_conv2.weight - torch.Size([768, 3072]): 
TruncNormalInit: a=-2, b=2, mean=0, std=0.02, bias=0.0 
 
2026-05-09 12:14:09,599 - mmcv - INFO - 
backbone.stages.3.0.pointwise_conv2.bias - torch.Size([768]): 
TruncNormalInit: a=-2, b=2, mean=0, std=0.02, bias=0.0 
 
2026-05-09 12:14:09,599 - mmcv - INFO - 
backbone.stages.3.0.pointwise_conv2.bias - torch.Size([768]): 
TruncNormalInit: a=-2, b=2, mean=0, std=0.02, bias=0.0 
 
2026-05-09 12:14:09,599 - mmcv - INFO - 
backbone.stages.3.1.gamma - torch.Size([768]): 
The value is the same before and after calling `init_weights` of MixUpClassification  
 
2026-05-09 12:14:09,599 - mmcv - INFO - 
backbone.stages.3.1.gamma - torch.Size([768]): 
The value is the same before and after calling `init_weights` of MixUpClassification  
 
2026-05-09 12:14:09,599 - mmcv - INFO - 
backbone.stages.3.1.depthwise_conv.weight - torch.Size([768, 1, 7, 7]): 
TruncNormalInit: a=-2, b=2, mean=0, std=0.02, bias=0.0 
 
2026-05-09 12:14:09,599 - mmcv - INFO - 
backbone.stages.3.1.depthwise_conv.weight - torch.Size([768, 1, 7, 7]): 
TruncNormalInit: a=-2, b=2, mean=0, std=0.02, bias=0.0 
 
2026-05-09 12:14:09,599 - mmcv - INFO - 
backbone.stages.3.1.depthwise_conv.bias - torch.Size([768]): 
TruncNormalInit: a=-2, b=2, mean=0, std=0.02, bias=0.0 
 
2026-05-09 12:14:09,599 - mmcv - INFO - 
backbone.stages.3.1.depthwise_conv.bias - torch.Size([768]): 
TruncNormalInit: a=-2, b=2, mean=0, std=0.02, bias=0.0 
 
2026-05-09 12:14:09,599 - mmcv - INFO - 
backbone.stages.3.1.norm.weight - torch.Size([768]): 
The value is the same before and after calling `init_weights` of MixUpClassification  
 
2026-05-09 12:14:09,599 - mmcv - INFO - 
backbone.stages.3.1.norm.weight - torch.Size([768]): 
The value is the same before and after calling `init_weights` of MixUpClassification  
 
2026-05-09 12:14:09,599 - mmcv - INFO - 
backbone.stages.3.1.norm.bias - torch.Size([768]): 
The value is the same before and after calling `init_weights` of MixUpClassification  
 
2026-05-09 12:14:09,599 - mmcv - INFO - 
backbone.stages.3.1.norm.bias - torch.Size([768]): 
The value is the same before and after calling `init_weights` of MixUpClassification  
 
2026-05-09 12:14:09,599 - mmcv - INFO - 
backbone.stages.3.1.pointwise_conv1.weight - torch.Size([3072, 768]): 
TruncNormalInit: a=-2, b=2, mean=0, std=0.02, bias=0.0 
 
2026-05-09 12:14:09,599 - mmcv - INFO - 
backbone.stages.3.1.pointwise_conv1.weight - torch.Size([3072, 768]): 
TruncNormalInit: a=-2, b=2, mean=0, std=0.02, bias=0.0 
 
2026-05-09 12:14:09,599 - mmcv - INFO - 
backbone.stages.3.1.pointwise_conv1.bias - torch.Size([3072]): 
TruncNormalInit: a=-2, b=2, mean=0, std=0.02, bias=0.0 
 
2026-05-09 12:14:09,599 - mmcv - INFO - 
backbone.stages.3.1.pointwise_conv1.bias - torch.Size([3072]): 
TruncNormalInit: a=-2, b=2, mean=0, std=0.02, bias=0.0 
 
2026-05-09 12:14:09,599 - mmcv - INFO - 
backbone.stages.3.1.pointwise_conv2.weight - torch.Size([768, 3072]): 
TruncNormalInit: a=-2, b=2, mean=0, std=0.02, bias=0.0 
 
2026-05-09 12:14:09,599 - mmcv - INFO - 
backbone.stages.3.1.pointwise_conv2.weight - torch.Size([768, 3072]): 
TruncNormalInit: a=-2, b=2, mean=0, std=0.02, bias=0.0 
 
2026-05-09 12:14:09,599 - mmcv - INFO - 
backbone.stages.3.1.pointwise_conv2.bias - torch.Size([768]): 
TruncNormalInit: a=-2, b=2, mean=0, std=0.02, bias=0.0 
 
2026-05-09 12:14:09,599 - mmcv - INFO - 
backbone.stages.3.1.pointwise_conv2.bias - torch.Size([768]): 
TruncNormalInit: a=-2, b=2, mean=0, std=0.02, bias=0.0 
 
2026-05-09 12:14:09,599 - mmcv - INFO - 
backbone.stages.3.2.gamma - torch.Size([768]): 
The value is the same before and after calling `init_weights` of MixUpClassification  
 
2026-05-09 12:14:09,599 - mmcv - INFO - 
backbone.stages.3.2.gamma - torch.Size([768]): 
The value is the same before and after calling `init_weights` of MixUpClassification  
 
2026-05-09 12:14:09,599 - mmcv - INFO - 
backbone.stages.3.2.depthwise_conv.weight - torch.Size([768, 1, 7, 7]): 
TruncNormalInit: a=-2, b=2, mean=0, std=0.02, bias=0.0 
 
2026-05-09 12:14:09,599 - mmcv - INFO - 
backbone.stages.3.2.depthwise_conv.weight - torch.Size([768, 1, 7, 7]): 
TruncNormalInit: a=-2, b=2, mean=0, std=0.02, bias=0.0 
 
2026-05-09 12:14:09,599 - mmcv - INFO - 
backbone.stages.3.2.depthwise_conv.bias - torch.Size([768]): 
TruncNormalInit: a=-2, b=2, mean=0, std=0.02, bias=0.0 
 
2026-05-09 12:14:09,599 - mmcv - INFO - 
backbone.stages.3.2.depthwise_conv.bias - torch.Size([768]): 
TruncNormalInit: a=-2, b=2, mean=0, std=0.02, bias=0.0 
 
2026-05-09 12:14:09,599 - mmcv - INFO - 
backbone.stages.3.2.norm.weight - torch.Size([768]): 
The value is the same before and after calling `init_weights` of MixUpClassification  
 
2026-05-09 12:14:09,599 - mmcv - INFO - 
backbone.stages.3.2.norm.weight - torch.Size([768]): 
The value is the same before and after calling `init_weights` of MixUpClassification  
 
2026-05-09 12:14:09,599 - mmcv - INFO - 
backbone.stages.3.2.norm.bias - torch.Size([768]): 
The value is the same before and after calling `init_weights` of MixUpClassification  
 
2026-05-09 12:14:09,599 - mmcv - INFO - 
backbone.stages.3.2.norm.bias - torch.Size([768]): 
The value is the same before and after calling `init_weights` of MixUpClassification  
 
2026-05-09 12:14:09,599 - mmcv - INFO - 
backbone.stages.3.2.pointwise_conv1.weight - torch.Size([3072, 768]): 
TruncNormalInit: a=-2, b=2, mean=0, std=0.02, bias=0.0 
 
2026-05-09 12:14:09,599 - mmcv - INFO - 
backbone.stages.3.2.pointwise_conv1.weight - torch.Size([3072, 768]): 
TruncNormalInit: a=-2, b=2, mean=0, std=0.02, bias=0.0 
 
2026-05-09 12:14:09,599 - mmcv - INFO - 
backbone.stages.3.2.pointwise_conv1.bias - torch.Size([3072]): 
TruncNormalInit: a=-2, b=2, mean=0, std=0.02, bias=0.0 
 
2026-05-09 12:14:09,599 - mmcv - INFO - 
backbone.stages.3.2.pointwise_conv1.bias - torch.Size([3072]): 
TruncNormalInit: a=-2, b=2, mean=0, std=0.02, bias=0.0 
 
2026-05-09 12:14:09,599 - mmcv - INFO - 
backbone.stages.3.2.pointwise_conv2.weight - torch.Size([768, 3072]): 
TruncNormalInit: a=-2, b=2, mean=0, std=0.02, bias=0.0 
 
2026-05-09 12:14:09,599 - mmcv - INFO - 
backbone.stages.3.2.pointwise_conv2.weight - torch.Size([768, 3072]): 
TruncNormalInit: a=-2, b=2, mean=0, std=0.02, bias=0.0 
 
2026-05-09 12:14:09,599 - mmcv - INFO - 
backbone.stages.3.2.pointwise_conv2.bias - torch.Size([768]): 
TruncNormalInit: a=-2, b=2, mean=0, std=0.02, bias=0.0 
 
2026-05-09 12:14:09,599 - mmcv - INFO - 
backbone.stages.3.2.pointwise_conv2.bias - torch.Size([768]): 
TruncNormalInit: a=-2, b=2, mean=0, std=0.02, bias=0.0 
 
2026-05-09 12:14:09,599 - mmcv - INFO - 
backbone.norm3.weight - torch.Size([768]): 
The value is the same before and after calling `init_weights` of MixUpClassification  
 
2026-05-09 12:14:09,599 - mmcv - INFO - 
backbone.norm3.weight - torch.Size([768]): 
The value is the same before and after calling `init_weights` of MixUpClassification  
 
2026-05-09 12:14:09,599 - mmcv - INFO - 
backbone.norm3.bias - torch.Size([768]): 
The value is the same before and after calling `init_weights` of MixUpClassification  
 
2026-05-09 12:14:09,599 - mmcv - INFO - 
backbone.norm3.bias - torch.Size([768]): 
The value is the same before and after calling `init_weights` of MixUpClassification  
 
2026-05-09 12:14:09,599 - mmcv - INFO - 
head.fc.weight - torch.Size([100, 768]): 
Initialized by user-defined `init_weights` in ClsMixupHead  
 
2026-05-09 12:14:09,599 - mmcv - INFO - 
head.fc.weight - torch.Size([100, 768]): 
Initialized by user-defined `init_weights` in ClsMixupHead  
 
2026-05-09 12:14:09,600 - mmcv - INFO - 
head.fc.bias - torch.Size([100]): 
TruncNormalInit: a=-2, b=2, mean=0, std=0.02, bias=0.0 
 
2026-05-09 12:14:09,600 - mmcv - INFO - 
head.fc.bias - torch.Size([100]): 
TruncNormalInit: a=-2, b=2, mean=0, std=0.02, bias=0.0 
 
/hkfs/work/workspace/scratch/ma_sagnihot-projects/miniconda3/envs/openmixup/lib/python3.8/site-packages/mmcv/runner/hooks/optimizer.py:238: FutureWarning: `torch.cuda.amp.GradScaler(args...)` is deprecated. Please use `torch.amp.GradScaler('cuda', args...)` instead.
  self.loss_scaler = GradScaler()
2026-05-09 12:14:11,948 - openmixup - INFO - Start running, host: ma_sagnihot@hkn0701.localdomain, work_dir: /hkfs/work/workspace/scratch/ma_sagnihot-projects/openmixup/experiments/cifar100/convnext_tiny/none/vanilla_redo/seed_25
2026-05-09 12:14:11,948 - openmixup - INFO - Hooks will be executed in the following order:
before_run:
(VERY_HIGH   ) CosineAnnealingLrUpdaterHook       
(ABOVE_NORMAL) Fp16OptimizerHook                  
(NORMAL      ) CheckpointHook                     
(LOW         ) ValidateHook                       
(VERY_LOW    ) TextLoggerHook                     
 -------------------- 
before_train_epoch:
(VERY_HIGH   ) CosineAnnealingLrUpdaterHook       
(NORMAL      ) DistSamplerSeedHook                
(LOW         ) IterTimerHook                      
(LOW         ) ValidateHook                       
(VERY_LOW    ) TextLoggerHook                     
 -------------------- 
before_train_iter:
(VERY_HIGH   ) CosineAnnealingLrUpdaterHook       
(LOW         ) IterTimerHook                      
(LOW         ) ValidateHook                       
 -------------------- 
after_train_iter:
(ABOVE_NORMAL) Fp16OptimizerHook                  
(NORMAL      ) CheckpointHook                     
(LOW         ) IterTimerHook                      
(LOW         ) ValidateHook                       
(VERY_LOW    ) TextLoggerHook                     
 -------------------- 
after_train_epoch:
(NORMAL      ) CheckpointHook                     
(LOW         ) ValidateHook                       
(VERY_LOW    ) TextLoggerHook                     
 -------------------- 
before_val_epoch:
(NORMAL      ) DistSamplerSeedHook                
(LOW         ) IterTimerHook                      
(VERY_LOW    ) TextLoggerHook                     
 -------------------- 
before_val_iter:
(LOW         ) IterTimerHook                      
 -------------------- 
after_val_iter:
(LOW         ) IterTimerHook                      
 -------------------- 
after_val_epoch:
(VERY_LOW    ) TextLoggerHook                     
 -------------------- 
after_run:
(VERY_LOW    ) TextLoggerHook                     
 -------------------- 
2026-05-09 12:14:11,948 - openmixup - INFO - workflow: [('train', 1)], max: 200 epochs
2026-05-09 12:14:11,949 - openmixup - INFO - Checkpoints will be saved to /hkfs/work/workspace/scratch/ma_sagnihot-projects/openmixup/experiments/cifar100/convnext_tiny/none/vanilla_redo/seed_25 by HardDiskBackend.
/hkfs/work/workspace/scratch/ma_sagnihot-projects/miniconda3/envs/openmixup/lib/python3.8/site-packages/mmcv/runner/fp16_utils.py:148: FutureWarning: `torch.cuda.amp.autocast(args...)` is deprecated. Please use `torch.amp.autocast('cuda', args...)` instead.
  with autocast(enabled=True):
/hkfs/work/workspace/scratch/ma_sagnihot-projects/miniconda3/envs/openmixup/lib/python3.8/site-packages/mmcv/runner/fp16_utils.py:235: FutureWarning: `torch.cuda.amp.autocast(args...)` is deprecated. Please use `torch.amp.autocast('cuda', args...)` instead.
  with autocast(enabled=False):
2026-05-09 12:14:15,569 - mmcv - INFO - Reducer buckets have been rebuilt in this iteration.
2026-05-09 12:14:15,569 - mmcv - INFO - Reducer buckets have been rebuilt in this iteration.
2026-05-09 12:14:21,408 - openmixup - INFO - Epoch [1][50/500]	lr: 4.910e-06, eta: 5:14:52, time: 0.189, data_time: 0.062, memory: 5240, loss: 4.6284, acc: 0.9400
2026-05-09 12:14:27,374 - openmixup - INFO - Epoch [1][100/500]	lr: 9.910e-06, eta: 4:16:41, time: 0.119, data_time: 0.000, memory: 5240, loss: 4.5771, acc: 1.7800
2026-05-09 12:14:33,344 - openmixup - INFO - Epoch [1][150/500]	lr: 1.491e-05, eta: 3:57:16, time: 0.119, data_time: 0.000, memory: 5240, loss: 4.5155, acc: 3.1400
2026-05-09 12:14:39,317 - openmixup - INFO - Epoch [1][200/500]	lr: 1.991e-05, eta: 3:47:32, time: 0.119, data_time: 0.000, memory: 5240, loss: 4.4862, acc: 3.7400
2026-05-09 12:14:45,292 - openmixup - INFO - Epoch [1][250/500]	lr: 2.491e-05, eta: 3:41:40, time: 0.119, data_time: 0.000, memory: 5240, loss: 4.4688, acc: 3.5600
2026-05-09 12:14:51,265 - openmixup - INFO - Epoch [1][300/500]	lr: 2.991e-05, eta: 3:37:43, time: 0.119, data_time: 0.000, memory: 5240, loss: 4.4392, acc: 3.8400
2026-05-09 12:14:57,238 - openmixup - INFO - Epoch [1][350/500]	lr: 3.491e-05, eta: 3:34:51, time: 0.119, data_time: 0.000, memory: 5240, loss: 4.4301, acc: 3.7400
2026-05-09 12:15:03,214 - openmixup - INFO - Epoch [1][400/500]	lr: 3.991e-05, eta: 3:32:42, time: 0.120, data_time: 0.000, memory: 5240, loss: 4.4096, acc: 4.5800
2026-05-09 12:15:09,200 - openmixup - INFO - Epoch [1][450/500]	lr: 4.491e-05, eta: 3:31:03, time: 0.120, data_time: 0.000, memory: 5240, loss: 4.3790, acc: 4.6600
2026-05-09 12:15:15,195 - openmixup - INFO - Exp name: convnext_t_vanilla_bs100_ep200.py
2026-05-09 12:15:15,195 - openmixup - INFO - Epoch [1][500/500]	lr: 4.991e-05, eta: 3:29:44, time: 0.120, data_time: 0.001, memory: 5240, loss: 4.3529, acc: 4.8800
2026-05-09 12:15:17,175 - openmixup - INFO - head0_top1: 6.830
2026-05-09 12:15:17,175 - openmixup - INFO - head0_top5: 24.080
2026-05-09 12:15:17,534 - openmixup - INFO - Now best checkpoint is saved as best_head0_top1_epoch_1.pth.
2026-05-09 12:15:17,535 - openmixup - INFO - Best head0_top1 is 6.8300 at 1 epoch.
2026-05-09 12:15:17,535 - openmixup - INFO - Exp name: convnext_t_vanilla_bs100_ep200.py
2026-05-09 12:15:17,535 - openmixup - INFO - Epoch(val) [1][100]	head0_top1: 6.8300, head0_top5: 24.0800
2026-05-09 12:15:25,775 - openmixup - INFO - Epoch [2][50/500]	lr: 5.491e-05, eta: 3:35:24, time: 0.165, data_time: 0.045, memory: 5240, loss: 4.3407, acc: 5.5000
2026-05-09 12:15:31,752 - openmixup - INFO - Epoch [2][100/500]	lr: 5.990e-05, eta: 3:33:51, time: 0.120, data_time: 0.000, memory: 5240, loss: 4.3368, acc: 5.8000
2026-05-09 12:15:37,732 - openmixup - INFO - Epoch [2][150/500]	lr: 6.490e-05, eta: 3:32:32, time: 0.120, data_time: 0.000, memory: 5240, loss: 4.3087, acc: 6.0000
2026-05-09 12:15:43,713 - openmixup - INFO - Epoch [2][200/500]	lr: 6.990e-05, eta: 3:31:23, time: 0.120, data_time: 0.000, memory: 5240, loss: 4.2923, acc: 6.1600
2026-05-09 12:15:49,691 - openmixup - INFO - Epoch [2][250/500]	lr: 7.490e-05, eta: 3:30:23, time: 0.120, data_time: 0.000, memory: 5240, loss: 4.2828, acc: 6.3600
2026-05-09 12:15:55,675 - openmixup - INFO - Epoch [2][300/500]	lr: 7.990e-05, eta: 3:29:30, time: 0.120, data_time: 0.000, memory: 5240, loss: 4.2744, acc: 6.4000
2026-05-09 12:16:01,654 - openmixup - INFO - Epoch [2][350/500]	lr: 8.489e-05, eta: 3:28:42, time: 0.120, data_time: 0.000, memory: 5240, loss: 4.2730, acc: 6.2600
2026-05-09 12:16:07,635 - openmixup - INFO - Epoch [2][400/500]	lr: 8.989e-05, eta: 3:27:59, time: 0.120, data_time: 0.000, memory: 5240, loss: 4.2379, acc: 6.9400
2026-05-09 12:16:13,619 - openmixup - INFO - Epoch [2][450/500]	lr: 9.489e-05, eta: 3:27:20, time: 0.120, data_time: 0.000, memory: 5240, loss: 4.2128, acc: 7.5600
2026-05-09 12:16:19,610 - openmixup - INFO - Exp name: convnext_t_vanilla_bs100_ep200.py
2026-05-09 12:16:19,610 - openmixup - INFO - Epoch [2][500/500]	lr: 9.988e-05, eta: 3:26:45, time: 0.120, data_time: 0.001, memory: 5240, loss: 4.2110, acc: 7.2400
2026-05-09 12:16:21,375 - openmixup - INFO - head0_top1: 10.770
2026-05-09 12:16:21,376 - openmixup - INFO - head0_top5: 31.130
2026-05-09 12:16:21,376 - openmixup - INFO - The previous best checkpoint /hkfs/work/workspace/scratch/ma_sagnihot-projects/openmixup/experiments/cifar100/convnext_tiny/none/vanilla_redo/seed_25/best_head0_top1_epoch_1.pth was removed
2026-05-09 12:16:21,737 - openmixup - INFO - Now best checkpoint is saved as best_head0_top1_epoch_2.pth.
2026-05-09 12:16:21,737 - openmixup - INFO - Best head0_top1 is 10.7700 at 2 epoch.
2026-05-09 12:16:21,738 - openmixup - INFO - Exp name: convnext_t_vanilla_bs100_ep200.py
2026-05-09 12:16:21,738 - openmixup - INFO - Epoch(val) [2][100]	head0_top1: 10.7700, head0_top5: 31.1300
2026-05-09 12:16:29,906 - openmixup - INFO - Epoch [3][50/500]	lr: 1.049e-04, eta: 3:29:38, time: 0.163, data_time: 0.044, memory: 5240, loss: 4.1800, acc: 8.4400
2026-05-09 12:16:35,883 - openmixup - INFO - Epoch [3][100/500]	lr: 1.099e-04, eta: 3:28:58, time: 0.120, data_time: 0.000, memory: 5240, loss: 4.1696, acc: 8.1000
2026-05-09 12:16:41,868 - openmixup - INFO - Epoch [3][150/500]	lr: 1.149e-04, eta: 3:28:21, time: 0.120, data_time: 0.000, memory: 5240, loss: 4.1825, acc: 8.1600
2026-05-09 12:16:47,851 - openmixup - INFO - Epoch [3][200/500]	lr: 1.199e-04, eta: 3:27:46, time: 0.120, data_time: 0.000, memory: 5240, loss: 4.1617, acc: 8.2200
2026-05-09 12:16:53,833 - openmixup - INFO - Epoch [3][250/500]	lr: 1.249e-04, eta: 3:27:14, time: 0.120, data_time: 0.000, memory: 5240, loss: 4.1399, acc: 8.9600
2026-05-09 12:16:59,818 - openmixup - INFO - Epoch [3][300/500]	lr: 1.299e-04, eta: 3:26:44, time: 0.120, data_time: 0.000, memory: 5240, loss: 4.1067, acc: 9.2000
2026-05-09 12:17:05,804 - openmixup - INFO - Epoch [3][350/500]	lr: 1.348e-04, eta: 3:26:16, time: 0.120, data_time: 0.000, memory: 5240, loss: 4.0801, acc: 9.4400
2026-05-09 12:17:11,789 - openmixup - INFO - Epoch [3][400/500]	lr: 1.398e-04, eta: 3:25:50, time: 0.120, data_time: 0.000, memory: 5240, loss: 4.0582, acc: 9.7600
2026-05-09 12:17:17,774 - openmixup - INFO - Epoch [3][450/500]	lr: 1.448e-04, eta: 3:25:25, time: 0.120, data_time: 0.000, memory: 5240, loss: 4.0602, acc: 10.5000
2026-05-09 12:17:23,769 - openmixup - INFO - Exp name: convnext_t_vanilla_bs100_ep200.py
2026-05-09 12:17:23,769 - openmixup - INFO - Epoch [3][500/500]	lr: 1.498e-04, eta: 3:25:01, time: 0.120, data_time: 0.001, memory: 5240, loss: 4.0406, acc: 10.7000
2026-05-09 12:17:25,536 - openmixup - INFO - head0_top1: 12.980
2026-05-09 12:17:25,536 - openmixup - INFO - head0_top5: 38.920
2026-05-09 12:17:25,537 - openmixup - INFO - The previous best checkpoint /hkfs/work/workspace/scratch/ma_sagnihot-projects/openmixup/experiments/cifar100/convnext_tiny/none/vanilla_redo/seed_25/best_head0_top1_epoch_2.pth was removed
2026-05-09 12:17:25,892 - openmixup - INFO - Now best checkpoint is saved as best_head0_top1_epoch_3.pth.
2026-05-09 12:17:25,893 - openmixup - INFO - Best head0_top1 is 12.9800 at 3 epoch.
2026-05-09 12:17:25,893 - openmixup - INFO - Exp name: convnext_t_vanilla_bs100_ep200.py
2026-05-09 12:17:25,893 - openmixup - INFO - Epoch(val) [3][100]	head0_top1: 12.9800, head0_top5: 38.9200
2026-05-09 12:17:34,107 - openmixup - INFO - Epoch [4][50/500]	lr: 1.548e-04, eta: 3:27:00, time: 0.164, data_time: 0.044, memory: 5240, loss: 4.0049, acc: 12.1200
2026-05-09 12:17:40,083 - openmixup - INFO - Epoch [4][100/500]	lr: 1.598e-04, eta: 3:26:33, time: 0.120, data_time: 0.000, memory: 5240, loss: 4.0151, acc: 11.1600
2026-05-09 12:17:46,067 - openmixup - INFO - Epoch [4][150/500]	lr: 1.648e-04, eta: 3:26:08, time: 0.120, data_time: 0.000, memory: 5240, loss: 3.9878, acc: 11.6000
2026-05-09 12:17:52,048 - openmixup - INFO - Epoch [4][200/500]	lr: 1.698e-04, eta: 3:25:44, time: 0.120, data_time: 0.000, memory: 5240, loss: 3.9529, acc: 12.2800
2026-05-09 12:17:58,032 - openmixup - INFO - Epoch [4][250/500]	lr: 1.748e-04, eta: 3:25:21, time: 0.120, data_time: 0.000, memory: 5240, loss: 3.9550, acc: 12.0600
2026-05-09 12:18:04,016 - openmixup - INFO - Epoch [4][300/500]	lr: 1.798e-04, eta: 3:25:00, time: 0.120, data_time: 0.000, memory: 5240, loss: 3.9359, acc: 12.7200
2026-05-09 12:18:09,997 - openmixup - INFO - Epoch [4][350/500]	lr: 1.848e-04, eta: 3:24:38, time: 0.120, data_time: 0.000, memory: 5240, loss: 3.9131, acc: 13.5400
2026-05-09 12:18:15,979 - openmixup - INFO - Epoch [4][400/500]	lr: 1.897e-04, eta: 3:24:18, time: 0.120, data_time: 0.000, memory: 5240, loss: 3.8864, acc: 13.4600
2026-05-09 12:18:21,968 - openmixup - INFO - Epoch [4][450/500]	lr: 1.947e-04, eta: 3:23:59, time: 0.120, data_time: 0.000, memory: 5240, loss: 3.8988, acc: 13.5800
2026-05-09 12:18:27,970 - openmixup - INFO - Exp name: convnext_t_vanilla_bs100_ep200.py
2026-05-09 12:18:27,970 - openmixup - INFO - Epoch [4][500/500]	lr: 1.997e-04, eta: 3:23:41, time: 0.120, data_time: 0.001, memory: 5240, loss: 3.8540, acc: 14.6200
2026-05-09 12:18:29,761 - openmixup - INFO - head0_top1: 18.880
2026-05-09 12:18:29,761 - openmixup - INFO - head0_top5: 46.580
2026-05-09 12:18:29,766 - openmixup - INFO - The previous best checkpoint /hkfs/work/workspace/scratch/ma_sagnihot-projects/openmixup/experiments/cifar100/convnext_tiny/none/vanilla_redo/seed_25/best_head0_top1_epoch_3.pth was removed
2026-05-09 12:18:30,130 - openmixup - INFO - Now best checkpoint is saved as best_head0_top1_epoch_4.pth.
2026-05-09 12:18:30,130 - openmixup - INFO - Best head0_top1 is 18.8800 at 4 epoch.
2026-05-09 12:18:30,131 - openmixup - INFO - Exp name: convnext_t_vanilla_bs100_ep200.py
2026-05-09 12:18:30,131 - openmixup - INFO - Epoch(val) [4][100]	head0_top1: 18.8800, head0_top5: 46.5800
2026-05-09 12:18:38,311 - openmixup - INFO - Epoch [5][50/500]	lr: 2.047e-04, eta: 3:25:07, time: 0.164, data_time: 0.044, memory: 5240, loss: 3.8324, acc: 15.2600
2026-05-09 12:18:44,298 - openmixup - INFO - Epoch [5][100/500]	lr: 2.097e-04, eta: 3:24:47, time: 0.120, data_time: 0.000, memory: 5240, loss: 3.8277, acc: 14.7400
2026-05-09 12:18:50,286 - openmixup - INFO - Epoch [5][150/500]	lr: 2.147e-04, eta: 3:24:28, time: 0.120, data_time: 0.000, memory: 5240, loss: 3.7624, acc: 15.8400
2026-05-09 12:18:56,273 - openmixup - INFO - Epoch [5][200/500]	lr: 2.196e-04, eta: 3:24:09, time: 0.120, data_time: 0.000, memory: 5240, loss: 3.8407, acc: 14.9600
2026-05-09 12:19:02,261 - openmixup - INFO - Epoch [5][250/500]	lr: 2.246e-04, eta: 3:23:51, time: 0.120, data_time: 0.000, memory: 5240, loss: 3.7884, acc: 15.9000
2026-05-09 12:19:08,254 - openmixup - INFO - Epoch [5][300/500]	lr: 2.296e-04, eta: 3:23:33, time: 0.120, data_time: 0.000, memory: 5240, loss: 3.7588, acc: 16.1400
2026-05-09 12:19:14,245 - openmixup - INFO - Epoch [5][350/500]	lr: 2.346e-04, eta: 3:23:16, time: 0.120, data_time: 0.000, memory: 5240, loss: 3.7307, acc: 16.6200
